running egg_info
creating ../../build/panda_mujoco_sim/panda_mujoco_sim.egg-info
writing ../../build/panda_mujoco_sim/panda_mujoco_sim.egg-info/PKG-INFO
writing dependency_links to ../../build/panda_mujoco_sim/panda_mujoco_sim.egg-info/dependency_links.txt
writing entry points to ../../build/panda_mujoco_sim/panda_mujoco_sim.egg-info/entry_points.txt
writing requirements to ../../build/panda_mujoco_sim/panda_mujoco_sim.egg-info/requires.txt
writing top-level names to ../../build/panda_mujoco_sim/panda_mujoco_sim.egg-info/top_level.txt
writing manifest file '../../build/panda_mujoco_sim/panda_mujoco_sim.egg-info/SOURCES.txt'
reading manifest file '../../build/panda_mujoco_sim/panda_mujoco_sim.egg-info/SOURCES.txt'
writing manifest file '../../build/panda_mujoco_sim/panda_mujoco_sim.egg-info/SOURCES.txt'
running build
running build_py
creating /home/cyw/panda_vla_project/ros2_ws/build/panda_mujoco_sim/build
creating /home/cyw/panda_vla_project/ros2_ws/build/panda_mujoco_sim/build/lib
creating /home/cyw/panda_vla_project/ros2_ws/build/panda_mujoco_sim/build/lib/panda_mujoco_sim
copying panda_mujoco_sim/__init__.py -> /home/cyw/panda_vla_project/ros2_ws/build/panda_mujoco_sim/build/lib/panda_mujoco_sim
running install
running install_lib
creating /home/cyw/panda_vla_project/ros2_ws/install/panda_mujoco_sim/lib/python3.10/site-packages/panda_mujoco_sim
copying /home/cyw/panda_vla_project/ros2_ws/build/panda_mujoco_sim/build/lib/panda_mujoco_sim/__init__.py -> /home/cyw/panda_vla_project/ros2_ws/install/panda_mujoco_sim/lib/python3.10/site-packages/panda_mujoco_sim
byte-compiling /home/cyw/panda_vla_project/ros2_ws/install/panda_mujoco_sim/lib/python3.10/site-packages/panda_mujoco_sim/__init__.py to __init__.cpython-310.pyc
running install_data
creating /home/cyw/panda_vla_project/ros2_ws/install/panda_mujoco_sim/share/ament_index
creating /home/cyw/panda_vla_project/ros2_ws/install/panda_mujoco_sim/share/ament_index/resource_index
creating /home/cyw/panda_vla_project/ros2_ws/install/panda_mujoco_sim/share/ament_index/resource_index/packages
copying resource/panda_mujoco_sim -> /home/cyw/panda_vla_project/ros2_ws/install/panda_mujoco_sim/share/ament_index/resource_index/packages
copying package.xml -> /home/cyw/panda_vla_project/ros2_ws/install/panda_mujoco_sim/share/panda_mujoco_sim
running install_egg_info
Copying ../../build/panda_mujoco_sim/panda_mujoco_sim.egg-info to /home/cyw/panda_vla_project/ros2_ws/install/panda_mujoco_sim/lib/python3.10/site-packages/panda_mujoco_sim-0.0.0-py3.10.egg-info
running install_scripts
writing list of installed files to '/home/cyw/panda_vla_project/ros2_ws/build/panda_mujoco_sim/install.log'
