[0.660s] Invoking command in '/home/cyw/panda_vla_project/ros2_ws/src/panda_mujoco_sim': PYTHONPATH=/home/cyw/panda_vla_project/ros2_ws/build/panda_mujoco_sim/prefix_override:/usr/lib/python3/dist-packages/colcon_core/task/python/colcon_distutils_commands:/home/cyw/panda_vla_project/ros2_ws/install/panda_mujoco_sim/lib/python3.10/site-packages:${PYTHONPATH} VIRTUAL_ENV_PROMPT=(ros2_mujoco) /usr/bin/python3 -W ignore:setup.py install is deprecated -W ignore:easy_install command is deprecated setup.py egg_info --egg-base ../../build/panda_mujoco_sim build --build-base /home/cyw/panda_vla_project/ros2_ws/build/panda_mujoco_sim/build install --record /home/cyw/panda_vla_project/ros2_ws/build/panda_mujoco_sim/install.log --single-version-externally-managed install_data
[0.788s] running egg_info
[0.788s] creating ../../build/panda_mujoco_sim/panda_mujoco_sim.egg-info
[0.788s] writing ../../build/panda_mujoco_sim/panda_mujoco_sim.egg-info/PKG-INFO
[0.789s] writing dependency_links to ../../build/panda_mujoco_sim/panda_mujoco_sim.egg-info/dependency_links.txt
[0.789s] writing entry points to ../../build/panda_mujoco_sim/panda_mujoco_sim.egg-info/entry_points.txt
[0.789s] writing requirements to ../../build/panda_mujoco_sim/panda_mujoco_sim.egg-info/requires.txt
[0.789s] writing top-level names to ../../build/panda_mujoco_sim/panda_mujoco_sim.egg-info/top_level.txt
[0.789s] writing manifest file '../../build/panda_mujoco_sim/panda_mujoco_sim.egg-info/SOURCES.txt'
[0.789s] reading manifest file '../../build/panda_mujoco_sim/panda_mujoco_sim.egg-info/SOURCES.txt'
[0.790s] writing manifest file '../../build/panda_mujoco_sim/panda_mujoco_sim.egg-info/SOURCES.txt'
[0.790s] running build
[0.790s] running build_py
[0.790s] creating /home/cyw/panda_vla_project/ros2_ws/build/panda_mujoco_sim/build
[0.790s] creating /home/cyw/panda_vla_project/ros2_ws/build/panda_mujoco_sim/build/lib
[0.790s] creating /home/cyw/panda_vla_project/ros2_ws/build/panda_mujoco_sim/build/lib/panda_mujoco_sim
[0.790s] copying panda_mujoco_sim/__init__.py -> /home/cyw/panda_vla_project/ros2_ws/build/panda_mujoco_sim/build/lib/panda_mujoco_sim
[0.790s] running install
[0.790s] running install_lib
[0.791s] creating /home/cyw/panda_vla_project/ros2_ws/install/panda_mujoco_sim/lib/python3.10/site-packages/panda_mujoco_sim
[0.791s] copying /home/cyw/panda_vla_project/ros2_ws/build/panda_mujoco_sim/build/lib/panda_mujoco_sim/__init__.py -> /home/cyw/panda_vla_project/ros2_ws/install/panda_mujoco_sim/lib/python3.10/site-packages/panda_mujoco_sim
[0.791s] byte-compiling /home/cyw/panda_vla_project/ros2_ws/install/panda_mujoco_sim/lib/python3.10/site-packages/panda_mujoco_sim/__init__.py to __init__.cpython-310.pyc
[0.791s] running install_data
[0.791s] creating /home/cyw/panda_vla_project/ros2_ws/install/panda_mujoco_sim/share/ament_index
[0.791s] creating /home/cyw/panda_vla_project/ros2_ws/install/panda_mujoco_sim/share/ament_index/resource_index
[0.791s] creating /home/cyw/panda_vla_project/ros2_ws/install/panda_mujoco_sim/share/ament_index/resource_index/packages
[0.792s] copying resource/panda_mujoco_sim -> /home/cyw/panda_vla_project/ros2_ws/install/panda_mujoco_sim/share/ament_index/resource_index/packages
[0.792s] copying package.xml -> /home/cyw/panda_vla_project/ros2_ws/install/panda_mujoco_sim/share/panda_mujoco_sim
[0.792s] running install_egg_info
[0.793s] Copying ../../build/panda_mujoco_sim/panda_mujoco_sim.egg-info to /home/cyw/panda_vla_project/ros2_ws/install/panda_mujoco_sim/lib/python3.10/site-packages/panda_mujoco_sim-0.0.0-py3.10.egg-info
[0.793s] running install_scripts
[0.807s] writing list of installed files to '/home/cyw/panda_vla_project/ros2_ws/build/panda_mujoco_sim/install.log'
[0.842s] Invoked command in '/home/cyw/panda_vla_project/ros2_ws/src/panda_mujoco_sim' returned '0': PYTHONPATH=/home/cyw/panda_vla_project/ros2_ws/build/panda_mujoco_sim/prefix_override:/usr/lib/python3/dist-packages/colcon_core/task/python/colcon_distutils_commands:/home/cyw/panda_vla_project/ros2_ws/install/panda_mujoco_sim/lib/python3.10/site-packages:${PYTHONPATH} VIRTUAL_ENV_PROMPT=(ros2_mujoco) /usr/bin/python3 -W ignore:setup.py install is deprecated -W ignore:easy_install command is deprecated setup.py egg_info --egg-base ../../build/panda_mujoco_sim build --build-base /home/cyw/panda_vla_project/ros2_ws/build/panda_mujoco_sim/build install --record /home/cyw/panda_vla_project/ros2_ws/build/panda_mujoco_sim/install.log --single-version-externally-managed install_data
