[0mCMake Deprecation Warning at CMakeLists.txt:1 (cmake_minimum_required):
  Compatibility with CMake < 3.10 will be removed from a future version of
  CMake.

  Update the VERSION argument <min> value.  Or, use the <min>...<max> syntax
  to tell CMake that the project requires at least <min> but has been updated
  to work with policies introduced by <max> or earlier.

[0m
Error parsing '/home/cyw/panda_vla_project/ros2_ws/src/panda_mujoco_msgs/package.xml':
Traceback (most recent call last):
  File "/opt/ros/humble/share/ament_cmake_core/cmake/core/package_xml_2_cmake.py", line 150, in <module>
    main()
  File "/opt/ros/humble/share/ament_cmake_core/cmake/core/package_xml_2_cmake.py", line 53, in main
    raise e
  File "/opt/ros/humble/share/ament_cmake_core/cmake/core/package_xml_2_cmake.py", line 49, in main
    package = parse_package_string(
  File "/usr/lib/python3/dist-packages/catkin_pkg/package.py", line 786, in parse_package_string
    raise InvalidPackage('Error(s):%s' % (''.join(['\n- %s' % e for e in errors])), filename)
catkin_pkg.package.InvalidPackage: Error(s) in package '/home/cyw/panda_vla_project/ros2_ws/src/panda_mujoco_msgs/package.xml':
Error(s):
- The generic dependency on 'rosidl_default_generators' is redundant with: build_depend
[31mCMake Error at /opt/ros/humble/share/ament_cmake_core/cmake/core/ament_package_xml.cmake:95 (message):
  execute_process(/home/cyw/venvs/ros2_mujoco/bin/python3
  /opt/ros/humble/share/ament_cmake_core/cmake/core/package_xml_2_cmake.py
  /home/cyw/panda_vla_project/ros2_ws/src/panda_mujoco_msgs/package.xml
  /home/cyw/panda_vla_project/ros2_ws/build/panda_mujoco_msgs/ament_cmake_core/package.cmake)
  returned error code 1
Call Stack (most recent call first):
  /opt/ros/humble/share/ament_cmake_core/cmake/core/ament_package_xml.cmake:49 (_ament_package_xml)
  /opt/ros/humble/share/rosidl_cmake/cmake/rosidl_generate_interfaces.cmake:226 (ament_package_xml)
  CMakeLists.txt:14 (rosidl_generate_interfaces)

[0m
gmake: *** [Makefile:226：cmake_check_build_system] 错误 1
