[0.007s] Invoking command in '/home/cyw/panda_vla_project/ros2_ws/build/panda_mujoco_msgs': VIRTUAL_ENV_PROMPT=(ros2_mujoco) /home/cyw/.local/bin/cmake --build /home/cyw/panda_vla_project/ros2_ws/build/panda_mujoco_msgs -- -j16 -l16
[0.059s] [0mCMake Deprecation Warning at CMakeLists.txt:1 (cmake_minimum_required):
[0.059s]   Compatibility with CMake < 3.10 will be removed from a future version of
[0.060s]   CMake.
[0.060s] 
[0.060s]   Update the VERSION argument <min> value.  Or, use the <min>...<max> syntax
[0.060s]   to tell CMake that the project requires at least <min> but has been updated
[0.060s]   to work with policies introduced by <max> or earlier.
[0.060s] 
[0.060s] [0m
[0.064s] -- Found ament_cmake: 1.3.12 (/opt/ros/humble/share/ament_cmake/cmake)
[0.197s] -- Found rosidl_default_generators: 1.2.0 (/opt/ros/humble/share/rosidl_default_generators/cmake)
[0.198s] -- Using all available rosidl_typesupport_c: rosidl_typesupport_fastrtps_c;rosidl_typesupport_introspection_c
[0.200s] -- Found rosidl_adapter: 3.1.7 (/opt/ros/humble/share/rosidl_adapter/cmake)
[0.221s] -- Using all available rosidl_typesupport_cpp: rosidl_typesupport_fastrtps_cpp;rosidl_typesupport_introspection_cpp
[0.238s] -- Found geometry_msgs: 4.9.0 (/opt/ros/humble/share/geometry_msgs/cmake)
[0.431s] Error parsing '/home/cyw/panda_vla_project/ros2_ws/src/panda_mujoco_msgs/package.xml':
[0.458s] Traceback (most recent call last):
[0.458s]   File "/opt/ros/humble/share/ament_cmake_core/cmake/core/package_xml_2_cmake.py", line 150, in <module>
[0.458s]     main()
[0.458s]   File "/opt/ros/humble/share/ament_cmake_core/cmake/core/package_xml_2_cmake.py", line 53, in main
[0.458s]     raise e
[0.458s]   File "/opt/ros/humble/share/ament_cmake_core/cmake/core/package_xml_2_cmake.py", line 49, in main
[0.458s]     package = parse_package_string(
[0.458s]   File "/usr/lib/python3/dist-packages/catkin_pkg/package.py", line 786, in parse_package_string
[0.458s]     raise InvalidPackage('Error(s):%s' % (''.join(['\n- %s' % e for e in errors])), filename)
[0.458s] catkin_pkg.package.InvalidPackage: Error(s) in package '/home/cyw/panda_vla_project/ros2_ws/src/panda_mujoco_msgs/package.xml':
[0.458s] Error(s):
[0.458s] - The generic dependency on 'rosidl_default_generators' is redundant with: build_depend
[0.467s] [31mCMake Error at /opt/ros/humble/share/ament_cmake_core/cmake/core/ament_package_xml.cmake:95 (message):
[0.467s]   execute_process(/home/cyw/venvs/ros2_mujoco/bin/python3
[0.467s]   /opt/ros/humble/share/ament_cmake_core/cmake/core/package_xml_2_cmake.py
[0.467s]   /home/cyw/panda_vla_project/ros2_ws/src/panda_mujoco_msgs/package.xml
[0.467s]   /home/cyw/panda_vla_project/ros2_ws/build/panda_mujoco_msgs/ament_cmake_core/package.cmake)
[0.468s]   returned error code 1
[0.468s] Call Stack (most recent call first):
[0.468s]   /opt/ros/humble/share/ament_cmake_core/cmake/core/ament_package_xml.cmake:49 (_ament_package_xml)
[0.468s]   /opt/ros/humble/share/rosidl_cmake/cmake/rosidl_generate_interfaces.cmake:226 (ament_package_xml)
[0.468s]   CMakeLists.txt:14 (rosidl_generate_interfaces)
[0.468s] 
[0.468s] [0m
[0.468s] -- Configuring incomplete, errors occurred!
[0.473s] gmake: *** [Makefile:226：cmake_check_build_system] 错误 1
[0.475s] Invoked command in '/home/cyw/panda_vla_project/ros2_ws/build/panda_mujoco_msgs' returned '2': VIRTUAL_ENV_PROMPT=(ros2_mujoco) /home/cyw/.local/bin/cmake --build /home/cyw/panda_vla_project/ros2_ws/build/panda_mujoco_msgs -- -j16 -l16
