[0.668s] Invoking command in '/home/cyw/panda_vla_project/ros2_ws/src/panda_mujoco_bringup': PYTHONPATH=/home/cyw/panda_vla_project/ros2_ws/build/panda_mujoco_bringup/prefix_override:/usr/lib/python3/dist-packages/colcon_core/task/python/colcon_distutils_commands:/home/cyw/panda_vla_project/ros2_ws/install/panda_mujoco_bringup/lib/python3.10/site-packages:${PYTHONPATH} VIRTUAL_ENV_PROMPT=(ros2_mujoco) /usr/bin/python3 -W ignore:setup.py install is deprecated -W ignore:easy_install command is deprecated setup.py egg_info --egg-base ../../build/panda_mujoco_bringup build --build-base /home/cyw/panda_vla_project/ros2_ws/build/panda_mujoco_bringup/build install --record /home/cyw/panda_vla_project/ros2_ws/build/panda_mujoco_bringup/install.log --single-version-externally-managed install_data
[0.811s] running egg_info
[0.811s] writing ../../build/panda_mujoco_bringup/panda_mujoco_bringup.egg-info/PKG-INFO
[0.811s] writing dependency_links to ../../build/panda_mujoco_bringup/panda_mujoco_bringup.egg-info/dependency_links.txt
[0.811s] writing entry points to ../../build/panda_mujoco_bringup/panda_mujoco_bringup.egg-info/entry_points.txt
[0.811s] writing requirements to ../../build/panda_mujoco_bringup/panda_mujoco_bringup.egg-info/requires.txt
[0.811s] writing top-level names to ../../build/panda_mujoco_bringup/panda_mujoco_bringup.egg-info/top_level.txt
[0.813s] reading manifest file '../../build/panda_mujoco_bringup/panda_mujoco_bringup.egg-info/SOURCES.txt'
[0.813s] writing manifest file '../../build/panda_mujoco_bringup/panda_mujoco_bringup.egg-info/SOURCES.txt'
[0.813s] running build
[0.813s] running build_py
[0.813s] running install
[0.814s] running install_lib
[0.814s] running install_data
[0.814s] running install_egg_info
[0.815s] removing '/home/cyw/panda_vla_project/ros2_ws/install/panda_mujoco_bringup/lib/python3.10/site-packages/panda_mujoco_bringup-0.0.0-py3.10.egg-info' (and everything under it)
[0.816s] Copying ../../build/panda_mujoco_bringup/panda_mujoco_bringup.egg-info to /home/cyw/panda_vla_project/ros2_ws/install/panda_mujoco_bringup/lib/python3.10/site-packages/panda_mujoco_bringup-0.0.0-py3.10.egg-info
[0.816s] running install_scripts
[0.829s] writing list of installed files to '/home/cyw/panda_vla_project/ros2_ws/build/panda_mujoco_bringup/install.log'
[0.851s] Invoked command in '/home/cyw/panda_vla_project/ros2_ws/src/panda_mujoco_bringup' returned '0': PYTHONPATH=/home/cyw/panda_vla_project/ros2_ws/build/panda_mujoco_bringup/prefix_override:/usr/lib/python3/dist-packages/colcon_core/task/python/colcon_distutils_commands:/home/cyw/panda_vla_project/ros2_ws/install/panda_mujoco_bringup/lib/python3.10/site-packages:${PYTHONPATH} VIRTUAL_ENV_PROMPT=(ros2_mujoco) /usr/bin/python3 -W ignore:setup.py install is deprecated -W ignore:easy_install command is deprecated setup.py egg_info --egg-base ../../build/panda_mujoco_bringup build --build-base /home/cyw/panda_vla_project/ros2_ws/build/panda_mujoco_bringup/build install --record /home/cyw/panda_vla_project/ros2_ws/build/panda_mujoco_bringup/install.log --single-version-externally-managed install_data
