[0mCMake Deprecation Warning at CMakeLists.txt:1 (cmake_minimum_required):
  Compatibility with CMake < 3.10 will be removed from a future version of
  CMake.

  Update the VERSION argument <min> value.  Or, use the <min>...<max> syntax
  to tell CMake that the project requires at least <min> but has been updated
  to work with policies introduced by <max> or earlier.

[0m
-- The C compiler identification is GNU 11.4.0
-- The CXX compiler identification is GNU 11.4.0
-- Detecting C compiler ABI info
-- Detecting C compiler ABI info - done
-- Check for working C compiler: /usr/bin/cc - skipped
-- Detecting C compile features
-- Detecting C compile features - done
-- Detecting CXX compiler ABI info
-- Detecting CXX compiler ABI info - done
-- Check for working CXX compiler: /usr/bin/c++ - skipped
-- Detecting CXX compile features
-- Detecting CXX compile features - done
-- Found ament_cmake: 1.3.12 (/opt/ros/humble/share/ament_cmake/cmake)
-- Found Python3: /home/cyw/venvs/ros2_mujoco/bin/python3 (found version "3.10.12") found components: Interpreter
-- Found rosidl_default_generators: 1.2.0 (/opt/ros/humble/share/rosidl_default_generators/cmake)
-- Using all available rosidl_typesupport_c: rosidl_typesupport_fastrtps_c;rosidl_typesupport_introspection_c
-- Found rosidl_adapter: 3.1.7 (/opt/ros/humble/share/rosidl_adapter/cmake)
-- Using all available rosidl_typesupport_cpp: rosidl_typesupport_fastrtps_cpp;rosidl_typesupport_introspection_cpp
-- Found geometry_msgs: 4.9.0 (/opt/ros/humble/share/geometry_msgs/cmake)
-- Found ament_lint_auto: 0.12.14 (/opt/ros/humble/share/ament_lint_auto/cmake)
-- Added test 'lint_cmake' to check CMake code style
-- Added test 'xmllint' to check XML markup files
-- Configuring done (0.7s)
-- Generating done (0.0s)
-- Build files have been written to: /home/cyw/panda_vla_project/ros2_ws/build/panda_mujoco_msgs
-- Install configuration: ""
-- Installing: /home/cyw/panda_vla_project/ros2_ws/install/panda_mujoco_msgs/share/ament_index/resource_index/package_run_dependencies/panda_mujoco_msgs
-- Installing: /home/cyw/panda_vla_project/ros2_ws/install/panda_mujoco_msgs/share/ament_index/resource_index/parent_prefix_path/panda_mujoco_msgs
-- Installing: /home/cyw/panda_vla_project/ros2_ws/install/panda_mujoco_msgs/share/panda_mujoco_msgs/environment/ament_prefix_path.sh
-- Installing: /home/cyw/panda_vla_project/ros2_ws/install/panda_mujoco_msgs/share/panda_mujoco_msgs/environment/ament_prefix_path.dsv
-- Installing: /home/cyw/panda_vla_project/ros2_ws/install/panda_mujoco_msgs/share/panda_mujoco_msgs/environment/path.sh
-- Installing: /home/cyw/panda_vla_project/ros2_ws/install/panda_mujoco_msgs/share/panda_mujoco_msgs/environment/path.dsv
-- Installing: /home/cyw/panda_vla_project/ros2_ws/install/panda_mujoco_msgs/share/panda_mujoco_msgs/local_setup.bash
-- Installing: /home/cyw/panda_vla_project/ros2_ws/install/panda_mujoco_msgs/share/panda_mujoco_msgs/local_setup.sh
-- Installing: /home/cyw/panda_vla_project/ros2_ws/install/panda_mujoco_msgs/share/panda_mujoco_msgs/local_setup.zsh
-- Installing: /home/cyw/panda_vla_project/ros2_ws/install/panda_mujoco_msgs/share/panda_mujoco_msgs/local_setup.dsv
-- Installing: /home/cyw/panda_vla_project/ros2_ws/install/panda_mujoco_msgs/share/panda_mujoco_msgs/package.dsv
-- Installing: /home/cyw/panda_vla_project/ros2_ws/install/panda_mujoco_msgs/share/ament_index/resource_index/packages/panda_mujoco_msgs
-- Installing: /home/cyw/panda_vla_project/ros2_ws/install/panda_mujoco_msgs/share/panda_mujoco_msgs/cmake/panda_mujoco_msgsConfig.cmake
-- Installing: /home/cyw/panda_vla_project/ros2_ws/install/panda_mujoco_msgs/share/panda_mujoco_msgs/cmake/panda_mujoco_msgsConfig-version.cmake
-- Installing: /home/cyw/panda_vla_project/ros2_ws/install/panda_mujoco_msgs/share/panda_mujoco_msgs/package.xml
