[0.283s] Invoking command in '/home/cyw/panda_vla_project/ros2_ws/build/panda_mujoco_msgs': CMAKE_PREFIX_PATH=/home/cyw/ros2_ws/install/so101_ros2:/opt/ros/humble VIRTUAL_ENV_PROMPT=(ros2_mujoco) /home/cyw/.local/bin/cmake /home/cyw/panda_vla_project/ros2_ws/src/panda_mujoco_msgs -DCMAKE_INSTALL_PREFIX=/home/cyw/panda_vla_project/ros2_ws/install/panda_mujoco_msgs
[0.346s] [0mCMake Deprecation Warning at CMakeLists.txt:1 (cmake_minimum_required):
[0.346s]   Compatibility with CMake < 3.10 will be removed from a future version of
[0.346s]   CMake.
[0.346s] 
[0.346s]   Update the VERSION argument <min> value.  Or, use the <min>...<max> syntax
[0.346s]   to tell CMake that the project requires at least <min> but has been updated
[0.346s]   to work with policies introduced by <max> or earlier.
[0.346s] 
[0.346s] [0m
[0.415s] -- The C compiler identification is GNU 11.4.0
[0.489s] -- The CXX compiler identification is GNU 11.4.0
[0.497s] -- Detecting C compiler ABI info
[0.547s] -- Detecting C compiler ABI info - done
[0.557s] -- Check for working C compiler: /usr/bin/cc - skipped
[0.558s] -- Detecting C compile features
[0.559s] -- Detecting C compile features - done
[0.569s] -- Detecting CXX compiler ABI info
[0.622s] -- Detecting CXX compiler ABI info - done
[0.633s] -- Check for working CXX compiler: /usr/bin/c++ - skipped
[0.634s] -- Detecting CXX compile features
[0.634s] -- Detecting CXX compile features - done
[0.646s] -- Found ament_cmake: 1.3.12 (/opt/ros/humble/share/ament_cmake/cmake)
[0.736s] -- Found Python3: /home/cyw/venvs/ros2_mujoco/bin/python3 (found version "3.10.12") found components: Interpreter
[0.815s] -- Found rosidl_default_generators: 1.2.0 (/opt/ros/humble/share/rosidl_default_generators/cmake)
[0.819s] -- Using all available rosidl_typesupport_c: rosidl_typesupport_fastrtps_c;rosidl_typesupport_introspection_c
[0.826s] -- Found rosidl_adapter: 3.1.7 (/opt/ros/humble/share/rosidl_adapter/cmake)
[0.871s] -- Using all available rosidl_typesupport_cpp: rosidl_typesupport_fastrtps_cpp;rosidl_typesupport_introspection_cpp
[0.903s] -- Found geometry_msgs: 4.9.0 (/opt/ros/humble/share/geometry_msgs/cmake)
[0.945s] -- Found ament_lint_auto: 0.12.14 (/opt/ros/humble/share/ament_lint_auto/cmake)
[0.998s] -- Added test 'lint_cmake' to check CMake code style
[0.999s] -- Added test 'xmllint' to check XML markup files
[1.000s] -- Configuring done (0.7s)
[1.004s] -- Generating done (0.0s)
[1.005s] -- Build files have been written to: /home/cyw/panda_vla_project/ros2_ws/build/panda_mujoco_msgs
[1.011s] Invoked command in '/home/cyw/panda_vla_project/ros2_ws/build/panda_mujoco_msgs' returned '0': CMAKE_PREFIX_PATH=/home/cyw/ros2_ws/install/so101_ros2:/opt/ros/humble VIRTUAL_ENV_PROMPT=(ros2_mujoco) /home/cyw/.local/bin/cmake /home/cyw/panda_vla_project/ros2_ws/src/panda_mujoco_msgs -DCMAKE_INSTALL_PREFIX=/home/cyw/panda_vla_project/ros2_ws/install/panda_mujoco_msgs
[1.012s] Invoking command in '/home/cyw/panda_vla_project/ros2_ws/build/panda_mujoco_msgs': CMAKE_PREFIX_PATH=/home/cyw/ros2_ws/install/so101_ros2:/opt/ros/humble VIRTUAL_ENV_PROMPT=(ros2_mujoco) /home/cyw/.local/bin/cmake --build /home/cyw/panda_vla_project/ros2_ws/build/panda_mujoco_msgs -- -j16 -l16
[1.069s] Invoked command in '/home/cyw/panda_vla_project/ros2_ws/build/panda_mujoco_msgs' returned '0': CMAKE_PREFIX_PATH=/home/cyw/ros2_ws/install/so101_ros2:/opt/ros/humble VIRTUAL_ENV_PROMPT=(ros2_mujoco) /home/cyw/.local/bin/cmake --build /home/cyw/panda_vla_project/ros2_ws/build/panda_mujoco_msgs -- -j16 -l16
[1.116s] Invoking command in '/home/cyw/panda_vla_project/ros2_ws/build/panda_mujoco_msgs': CMAKE_PREFIX_PATH=/home/cyw/ros2_ws/install/so101_ros2:/opt/ros/humble VIRTUAL_ENV_PROMPT=(ros2_mujoco) /home/cyw/.local/bin/cmake --install /home/cyw/panda_vla_project/ros2_ws/build/panda_mujoco_msgs
[1.159s] -- Install configuration: ""
[1.160s] -- Installing: /home/cyw/panda_vla_project/ros2_ws/install/panda_mujoco_msgs/share/ament_index/resource_index/package_run_dependencies/panda_mujoco_msgs
[1.160s] -- Installing: /home/cyw/panda_vla_project/ros2_ws/install/panda_mujoco_msgs/share/ament_index/resource_index/parent_prefix_path/panda_mujoco_msgs
[1.160s] -- Installing: /home/cyw/panda_vla_project/ros2_ws/install/panda_mujoco_msgs/share/panda_mujoco_msgs/environment/ament_prefix_path.sh
[1.160s] -- Installing: /home/cyw/panda_vla_project/ros2_ws/install/panda_mujoco_msgs/share/panda_mujoco_msgs/environment/ament_prefix_path.dsv
[1.160s] -- Installing: /home/cyw/panda_vla_project/ros2_ws/install/panda_mujoco_msgs/share/panda_mujoco_msgs/environment/path.sh
[1.160s] -- Installing: /home/cyw/panda_vla_project/ros2_ws/install/panda_mujoco_msgs/share/panda_mujoco_msgs/environment/path.dsv
[1.160s] -- Installing: /home/cyw/panda_vla_project/ros2_ws/install/panda_mujoco_msgs/share/panda_mujoco_msgs/local_setup.bash
[1.160s] -- Installing: /home/cyw/panda_vla_project/ros2_ws/install/panda_mujoco_msgs/share/panda_mujoco_msgs/local_setup.sh
[1.160s] -- Installing: /home/cyw/panda_vla_project/ros2_ws/install/panda_mujoco_msgs/share/panda_mujoco_msgs/local_setup.zsh
[1.161s] -- Installing: /home/cyw/panda_vla_project/ros2_ws/install/panda_mujoco_msgs/share/panda_mujoco_msgs/local_setup.dsv
[1.161s] -- Installing: /home/cyw/panda_vla_project/ros2_ws/install/panda_mujoco_msgs/share/panda_mujoco_msgs/package.dsv
[1.161s] -- Installing: /home/cyw/panda_vla_project/ros2_ws/install/panda_mujoco_msgs/share/ament_index/resource_index/packages/panda_mujoco_msgs
[1.161s] -- Installing: /home/cyw/panda_vla_project/ros2_ws/install/panda_mujoco_msgs/share/panda_mujoco_msgs/cmake/panda_mujoco_msgsConfig.cmake
[1.161s] -- Installing: /home/cyw/panda_vla_project/ros2_ws/install/panda_mujoco_msgs/share/panda_mujoco_msgs/cmake/panda_mujoco_msgsConfig-version.cmake
[1.161s] -- Installing: /home/cyw/panda_vla_project/ros2_ws/install/panda_mujoco_msgs/share/panda_mujoco_msgs/package.xml
[1.162s] Invoked command in '/home/cyw/panda_vla_project/ros2_ws/build/panda_mujoco_msgs' returned '0': CMAKE_PREFIX_PATH=/home/cyw/ros2_ws/install/so101_ros2:/opt/ros/humble VIRTUAL_ENV_PROMPT=(ros2_mujoco) /home/cyw/.local/bin/cmake --install /home/cyw/panda_vla_project/ros2_ws/build/panda_mujoco_msgs
