[0.057s] DEBUG:colcon:Command line arguments: ['/usr/bin/colcon', 'build']
[0.057s] DEBUG:colcon:Parsed command line arguments: Namespace(log_base=None, log_level=None, verb_name='build', build_base='build', install_base='install', merge_install=False, symlink_install=False, test_result_base=None, continue_on_error=False, executor='parallel', parallel_workers=16, event_handlers=None, ignore_user_meta=False, metas=['./colcon.meta'], base_paths=['.'], packages_ignore=None, packages_ignore_regex=None, paths=None, packages_up_to=None, packages_up_to_regex=None, packages_above=None, packages_above_and_dependencies=None, packages_above_depth=None, packages_select_by_dep=None, packages_skip_by_dep=None, packages_skip_up_to=None, packages_select_build_failed=False, packages_skip_build_finished=False, packages_select_test_failures=False, packages_skip_test_passed=False, packages_select=None, packages_skip=None, packages_select_regex=None, packages_skip_regex=None, packages_start=None, packages_end=None, allow_overriding=[], cmake_args=None, cmake_target=None, cmake_target_skip_unavailable=False, cmake_clean_cache=False, cmake_clean_first=False, cmake_force_configure=False, ament_cmake_args=None, catkin_cmake_args=None, catkin_skip_building_tests=False, verb_parser=<colcon_defaults.argument_parser.defaults.DefaultArgumentsDecorator object at 0x74dc97871840>, verb_extension=<colcon_core.verb.build.BuildVerb object at 0x74dc97870f10>, main=<bound method BuildVerb.main of <colcon_core.verb.build.BuildVerb object at 0x74dc97870f10>>)
[0.142s] Level 1:colcon.colcon_core.package_discovery:discover_packages(colcon_meta) check parameters
[0.142s] Level 1:colcon.colcon_core.package_discovery:discover_packages(recursive) check parameters
[0.142s] Level 1:colcon.colcon_core.package_discovery:discover_packages(ignore) check parameters
[0.142s] Level 1:colcon.colcon_core.package_discovery:discover_packages(path) check parameters
[0.142s] Level 1:colcon.colcon_core.package_discovery:discover_packages(colcon_meta) discover
[0.142s] Level 1:colcon.colcon_core.package_discovery:discover_packages(recursive) discover
[0.142s] INFO:colcon.colcon_core.package_discovery:Crawling recursively for packages in '/home/cyw/panda_vla_project/ros2_ws'
[0.142s] Level 1:colcon.colcon_core.package_identification:_identify(.) by extensions ['ignore', 'ignore_ament_install']
[0.142s] Level 1:colcon.colcon_core.package_identification:_identify(.) by extension 'ignore'
[0.142s] Level 1:colcon.colcon_core.package_identification:_identify(.) by extension 'ignore_ament_install'
[0.142s] Level 1:colcon.colcon_core.package_identification:_identify(.) by extensions ['colcon_pkg']
[0.142s] Level 1:colcon.colcon_core.package_identification:_identify(.) by extension 'colcon_pkg'
[0.142s] Level 1:colcon.colcon_core.package_identification:_identify(.) by extensions ['colcon_meta']
[0.142s] Level 1:colcon.colcon_core.package_identification:_identify(.) by extension 'colcon_meta'
[0.142s] Level 1:colcon.colcon_core.package_identification:_identify(.) by extensions ['ros']
[0.142s] Level 1:colcon.colcon_core.package_identification:_identify(.) by extension 'ros'
[0.148s] Level 1:colcon.colcon_core.package_identification:_identify(.) by extensions ['cmake', 'python']
[0.148s] Level 1:colcon.colcon_core.package_identification:_identify(.) by extension 'cmake'
[0.148s] Level 1:colcon.colcon_core.package_identification:_identify(.) by extension 'python'
[0.148s] Level 1:colcon.colcon_core.package_identification:_identify(.) by extensions ['python_setup_py']
[0.148s] Level 1:colcon.colcon_core.package_identification:_identify(.) by extension 'python_setup_py'
[0.148s] Level 1:colcon.colcon_core.package_identification:_identify(build) by extensions ['ignore', 'ignore_ament_install']
[0.148s] Level 1:colcon.colcon_core.package_identification:_identify(build) by extension 'ignore'
[0.148s] Level 1:colcon.colcon_core.package_identification:_identify(build) ignored
[0.148s] Level 1:colcon.colcon_core.package_identification:_identify(install) by extensions ['ignore', 'ignore_ament_install']
[0.148s] Level 1:colcon.colcon_core.package_identification:_identify(install) by extension 'ignore'
[0.148s] Level 1:colcon.colcon_core.package_identification:_identify(install) ignored
[0.149s] Level 1:colcon.colcon_core.package_identification:_identify(log) by extensions ['ignore', 'ignore_ament_install']
[0.149s] Level 1:colcon.colcon_core.package_identification:_identify(log) by extension 'ignore'
[0.149s] Level 1:colcon.colcon_core.package_identification:_identify(log) ignored
[0.149s] Level 1:colcon.colcon_core.package_identification:_identify(src) by extensions ['ignore', 'ignore_ament_install']
[0.149s] Level 1:colcon.colcon_core.package_identification:_identify(src) by extension 'ignore'
[0.149s] Level 1:colcon.colcon_core.package_identification:_identify(src) by extension 'ignore_ament_install'
[0.149s] Level 1:colcon.colcon_core.package_identification:_identify(src) by extensions ['colcon_pkg']
[0.149s] Level 1:colcon.colcon_core.package_identification:_identify(src) by extension 'colcon_pkg'
[0.149s] Level 1:colcon.colcon_core.package_identification:_identify(src) by extensions ['colcon_meta']
[0.149s] Level 1:colcon.colcon_core.package_identification:_identify(src) by extension 'colcon_meta'
[0.149s] Level 1:colcon.colcon_core.package_identification:_identify(src) by extensions ['ros']
[0.149s] Level 1:colcon.colcon_core.package_identification:_identify(src) by extension 'ros'
[0.149s] Level 1:colcon.colcon_core.package_identification:_identify(src) by extensions ['cmake', 'python']
[0.149s] Level 1:colcon.colcon_core.package_identification:_identify(src) by extension 'cmake'
[0.149s] Level 1:colcon.colcon_core.package_identification:_identify(src) by extension 'python'
[0.149s] Level 1:colcon.colcon_core.package_identification:_identify(src) by extensions ['python_setup_py']
[0.149s] Level 1:colcon.colcon_core.package_identification:_identify(src) by extension 'python_setup_py'
[0.149s] Level 1:colcon.colcon_core.package_identification:_identify(src/panda_mujoco_bringup) by extensions ['ignore', 'ignore_ament_install']
[0.149s] Level 1:colcon.colcon_core.package_identification:_identify(src/panda_mujoco_bringup) by extension 'ignore'
[0.149s] Level 1:colcon.colcon_core.package_identification:_identify(src/panda_mujoco_bringup) by extension 'ignore_ament_install'
[0.149s] Level 1:colcon.colcon_core.package_identification:_identify(src/panda_mujoco_bringup) by extensions ['colcon_pkg']
[0.149s] Level 1:colcon.colcon_core.package_identification:_identify(src/panda_mujoco_bringup) by extension 'colcon_pkg'
[0.149s] Level 1:colcon.colcon_core.package_identification:_identify(src/panda_mujoco_bringup) by extensions ['colcon_meta']
[0.149s] Level 1:colcon.colcon_core.package_identification:_identify(src/panda_mujoco_bringup) by extension 'colcon_meta'
[0.149s] Level 1:colcon.colcon_core.package_identification:_identify(src/panda_mujoco_bringup) by extensions ['ros']
[0.149s] Level 1:colcon.colcon_core.package_identification:_identify(src/panda_mujoco_bringup) by extension 'ros'
[0.150s] DEBUG:colcon.colcon_core.package_identification:Package 'src/panda_mujoco_bringup' with type 'ros.ament_python' and name 'panda_mujoco_bringup'
[0.150s] Level 1:colcon.colcon_core.package_identification:_identify(src/panda_mujoco_control) by extensions ['ignore', 'ignore_ament_install']
[0.150s] Level 1:colcon.colcon_core.package_identification:_identify(src/panda_mujoco_control) by extension 'ignore'
[0.150s] Level 1:colcon.colcon_core.package_identification:_identify(src/panda_mujoco_control) by extension 'ignore_ament_install'
[0.150s] Level 1:colcon.colcon_core.package_identification:_identify(src/panda_mujoco_control) by extensions ['colcon_pkg']
[0.150s] Level 1:colcon.colcon_core.package_identification:_identify(src/panda_mujoco_control) by extension 'colcon_pkg'
[0.150s] Level 1:colcon.colcon_core.package_identification:_identify(src/panda_mujoco_control) by extensions ['colcon_meta']
[0.150s] Level 1:colcon.colcon_core.package_identification:_identify(src/panda_mujoco_control) by extension 'colcon_meta'
[0.151s] Level 1:colcon.colcon_core.package_identification:_identify(src/panda_mujoco_control) by extensions ['ros']
[0.151s] Level 1:colcon.colcon_core.package_identification:_identify(src/panda_mujoco_control) by extension 'ros'
[0.151s] DEBUG:colcon.colcon_core.package_identification:Package 'src/panda_mujoco_control' with type 'ros.ament_python' and name 'panda_mujoco_control'
[0.151s] Level 1:colcon.colcon_core.package_identification:_identify(src/panda_mujoco_msgs) by extensions ['ignore', 'ignore_ament_install']
[0.151s] Level 1:colcon.colcon_core.package_identification:_identify(src/panda_mujoco_msgs) by extension 'ignore'
[0.151s] Level 1:colcon.colcon_core.package_identification:_identify(src/panda_mujoco_msgs) by extension 'ignore_ament_install'
[0.151s] Level 1:colcon.colcon_core.package_identification:_identify(src/panda_mujoco_msgs) by extensions ['colcon_pkg']
[0.151s] Level 1:colcon.colcon_core.package_identification:_identify(src/panda_mujoco_msgs) by extension 'colcon_pkg'
[0.151s] Level 1:colcon.colcon_core.package_identification:_identify(src/panda_mujoco_msgs) by extensions ['colcon_meta']
[0.151s] Level 1:colcon.colcon_core.package_identification:_identify(src/panda_mujoco_msgs) by extension 'colcon_meta'
[0.151s] Level 1:colcon.colcon_core.package_identification:_identify(src/panda_mujoco_msgs) by extensions ['ros']
[0.151s] Level 1:colcon.colcon_core.package_identification:_identify(src/panda_mujoco_msgs) by extension 'ros'
[0.151s] DEBUG:colcon.colcon_core.package_identification:Package 'src/panda_mujoco_msgs' with type 'ros.catkin' and name 'panda_mujoco_msgs'
[0.152s] Level 1:colcon.colcon_core.package_identification:_identify(src/panda_mujoco_sim) by extensions ['ignore', 'ignore_ament_install']
[0.152s] Level 1:colcon.colcon_core.package_identification:_identify(src/panda_mujoco_sim) by extension 'ignore'
[0.152s] Level 1:colcon.colcon_core.package_identification:_identify(src/panda_mujoco_sim) by extension 'ignore_ament_install'
[0.152s] Level 1:colcon.colcon_core.package_identification:_identify(src/panda_mujoco_sim) by extensions ['colcon_pkg']
[0.152s] Level 1:colcon.colcon_core.package_identification:_identify(src/panda_mujoco_sim) by extension 'colcon_pkg'
[0.152s] Level 1:colcon.colcon_core.package_identification:_identify(src/panda_mujoco_sim) by extensions ['colcon_meta']
[0.152s] Level 1:colcon.colcon_core.package_identification:_identify(src/panda_mujoco_sim) by extension 'colcon_meta'
[0.152s] Level 1:colcon.colcon_core.package_identification:_identify(src/panda_mujoco_sim) by extensions ['ros']
[0.152s] Level 1:colcon.colcon_core.package_identification:_identify(src/panda_mujoco_sim) by extension 'ros'
[0.152s] DEBUG:colcon.colcon_core.package_identification:Package 'src/panda_mujoco_sim' with type 'ros.ament_python' and name 'panda_mujoco_sim'
[0.152s] Level 1:colcon.colcon_core.package_discovery:discover_packages(recursive) using defaults
[0.152s] Level 1:colcon.colcon_core.package_discovery:discover_packages(ignore) discover
[0.152s] Level 1:colcon.colcon_core.package_discovery:discover_packages(ignore) using defaults
[0.152s] Level 1:colcon.colcon_core.package_discovery:discover_packages(path) discover
[0.152s] Level 1:colcon.colcon_core.package_discovery:discover_packages(path) using defaults
[0.169s] Level 1:colcon.colcon_core.package_discovery:discover_packages(prefix_path) check parameters
[0.169s] Level 1:colcon.colcon_core.package_discovery:discover_packages(prefix_path) discover
[0.170s] DEBUG:colcon.colcon_installed_package_information.package_discovery:Found 4 installed packages in /home/cyw/panda_vla_project/ros2_ws/install
[0.171s] DEBUG:colcon.colcon_installed_package_information.package_discovery:Found 1 installed packages in /home/cyw/ros2_ws/install
[0.172s] DEBUG:colcon.colcon_installed_package_information.package_discovery:Found 371 installed packages in /opt/ros/humble
[0.173s] Level 1:colcon.colcon_core.package_discovery:discover_packages(prefix_path) using defaults
[0.195s] Level 5:colcon.colcon_core.verb:set package 'panda_mujoco_bringup' build argument 'cmake_args' from command line to 'None'
[0.195s] Level 5:colcon.colcon_core.verb:set package 'panda_mujoco_bringup' build argument 'cmake_target' from command line to 'None'
[0.195s] Level 5:colcon.colcon_core.verb:set package 'panda_mujoco_bringup' build argument 'cmake_target_skip_unavailable' from command line to 'False'
[0.195s] Level 5:colcon.colcon_core.verb:set package 'panda_mujoco_bringup' build argument 'cmake_clean_cache' from command line to 'False'
[0.195s] Level 5:colcon.colcon_core.verb:set package 'panda_mujoco_bringup' build argument 'cmake_clean_first' from command line to 'False'
[0.195s] Level 5:colcon.colcon_core.verb:set package 'panda_mujoco_bringup' build argument 'cmake_force_configure' from command line to 'False'
[0.195s] Level 5:colcon.colcon_core.verb:set package 'panda_mujoco_bringup' build argument 'ament_cmake_args' from command line to 'None'
[0.195s] Level 5:colcon.colcon_core.verb:set package 'panda_mujoco_bringup' build argument 'catkin_cmake_args' from command line to 'None'
[0.195s] Level 5:colcon.colcon_core.verb:set package 'panda_mujoco_bringup' build argument 'catkin_skip_building_tests' from command line to 'False'
[0.195s] DEBUG:colcon.colcon_core.verb:Building package 'panda_mujoco_bringup' with the following arguments: {'ament_cmake_args': None, 'build_base': '/home/cyw/panda_vla_project/ros2_ws/build/panda_mujoco_bringup', 'catkin_cmake_args': None, 'catkin_skip_building_tests': False, 'cmake_args': None, 'cmake_clean_cache': False, 'cmake_clean_first': False, 'cmake_force_configure': False, 'cmake_target': None, 'cmake_target_skip_unavailable': False, 'install_base': '/home/cyw/panda_vla_project/ros2_ws/install/panda_mujoco_bringup', 'merge_install': False, 'path': '/home/cyw/panda_vla_project/ros2_ws/src/panda_mujoco_bringup', 'symlink_install': False, 'test_result_base': None}
[0.195s] Level 5:colcon.colcon_core.verb:set package 'panda_mujoco_control' build argument 'cmake_args' from command line to 'None'
[0.195s] Level 5:colcon.colcon_core.verb:set package 'panda_mujoco_control' build argument 'cmake_target' from command line to 'None'
[0.195s] Level 5:colcon.colcon_core.verb:set package 'panda_mujoco_control' build argument 'cmake_target_skip_unavailable' from command line to 'False'
[0.195s] Level 5:colcon.colcon_core.verb:set package 'panda_mujoco_control' build argument 'cmake_clean_cache' from command line to 'False'
[0.195s] Level 5:colcon.colcon_core.verb:set package 'panda_mujoco_control' build argument 'cmake_clean_first' from command line to 'False'
[0.195s] Level 5:colcon.colcon_core.verb:set package 'panda_mujoco_control' build argument 'cmake_force_configure' from command line to 'False'
[0.195s] Level 5:colcon.colcon_core.verb:set package 'panda_mujoco_control' build argument 'ament_cmake_args' from command line to 'None'
[0.195s] Level 5:colcon.colcon_core.verb:set package 'panda_mujoco_control' build argument 'catkin_cmake_args' from command line to 'None'
[0.195s] Level 5:colcon.colcon_core.verb:set package 'panda_mujoco_control' build argument 'catkin_skip_building_tests' from command line to 'False'
[0.195s] DEBUG:colcon.colcon_core.verb:Building package 'panda_mujoco_control' with the following arguments: {'ament_cmake_args': None, 'build_base': '/home/cyw/panda_vla_project/ros2_ws/build/panda_mujoco_control', 'catkin_cmake_args': None, 'catkin_skip_building_tests': False, 'cmake_args': None, 'cmake_clean_cache': False, 'cmake_clean_first': False, 'cmake_force_configure': False, 'cmake_target': None, 'cmake_target_skip_unavailable': False, 'install_base': '/home/cyw/panda_vla_project/ros2_ws/install/panda_mujoco_control', 'merge_install': False, 'path': '/home/cyw/panda_vla_project/ros2_ws/src/panda_mujoco_control', 'symlink_install': False, 'test_result_base': None}
[0.195s] Level 5:colcon.colcon_core.verb:set package 'panda_mujoco_msgs' build argument 'cmake_args' from command line to 'None'
[0.195s] Level 5:colcon.colcon_core.verb:set package 'panda_mujoco_msgs' build argument 'cmake_target' from command line to 'None'
[0.195s] Level 5:colcon.colcon_core.verb:set package 'panda_mujoco_msgs' build argument 'cmake_target_skip_unavailable' from command line to 'False'
[0.195s] Level 5:colcon.colcon_core.verb:set package 'panda_mujoco_msgs' build argument 'cmake_clean_cache' from command line to 'False'
[0.195s] Level 5:colcon.colcon_core.verb:set package 'panda_mujoco_msgs' build argument 'cmake_clean_first' from command line to 'False'
[0.195s] Level 5:colcon.colcon_core.verb:set package 'panda_mujoco_msgs' build argument 'cmake_force_configure' from command line to 'False'
[0.195s] Level 5:colcon.colcon_core.verb:set package 'panda_mujoco_msgs' build argument 'ament_cmake_args' from command line to 'None'
[0.195s] Level 5:colcon.colcon_core.verb:set package 'panda_mujoco_msgs' build argument 'catkin_cmake_args' from command line to 'None'
[0.195s] Level 5:colcon.colcon_core.verb:set package 'panda_mujoco_msgs' build argument 'catkin_skip_building_tests' from command line to 'False'
[0.195s] DEBUG:colcon.colcon_core.verb:Building package 'panda_mujoco_msgs' with the following arguments: {'ament_cmake_args': None, 'build_base': '/home/cyw/panda_vla_project/ros2_ws/build/panda_mujoco_msgs', 'catkin_cmake_args': None, 'catkin_skip_building_tests': False, 'cmake_args': None, 'cmake_clean_cache': False, 'cmake_clean_first': False, 'cmake_force_configure': False, 'cmake_target': None, 'cmake_target_skip_unavailable': False, 'install_base': '/home/cyw/panda_vla_project/ros2_ws/install/panda_mujoco_msgs', 'merge_install': False, 'path': '/home/cyw/panda_vla_project/ros2_ws/src/panda_mujoco_msgs', 'symlink_install': False, 'test_result_base': None}
[0.196s] Level 5:colcon.colcon_core.verb:set package 'panda_mujoco_sim' build argument 'cmake_args' from command line to 'None'
[0.196s] Level 5:colcon.colcon_core.verb:set package 'panda_mujoco_sim' build argument 'cmake_target' from command line to 'None'
[0.196s] Level 5:colcon.colcon_core.verb:set package 'panda_mujoco_sim' build argument 'cmake_target_skip_unavailable' from command line to 'False'
[0.196s] Level 5:colcon.colcon_core.verb:set package 'panda_mujoco_sim' build argument 'cmake_clean_cache' from command line to 'False'
[0.196s] Level 5:colcon.colcon_core.verb:set package 'panda_mujoco_sim' build argument 'cmake_clean_first' from command line to 'False'
[0.196s] Level 5:colcon.colcon_core.verb:set package 'panda_mujoco_sim' build argument 'cmake_force_configure' from command line to 'False'
[0.196s] Level 5:colcon.colcon_core.verb:set package 'panda_mujoco_sim' build argument 'ament_cmake_args' from command line to 'None'
[0.196s] Level 5:colcon.colcon_core.verb:set package 'panda_mujoco_sim' build argument 'catkin_cmake_args' from command line to 'None'
[0.196s] Level 5:colcon.colcon_core.verb:set package 'panda_mujoco_sim' build argument 'catkin_skip_building_tests' from command line to 'False'
[0.196s] DEBUG:colcon.colcon_core.verb:Building package 'panda_mujoco_sim' with the following arguments: {'ament_cmake_args': None, 'build_base': '/home/cyw/panda_vla_project/ros2_ws/build/panda_mujoco_sim', 'catkin_cmake_args': None, 'catkin_skip_building_tests': False, 'cmake_args': None, 'cmake_clean_cache': False, 'cmake_clean_first': False, 'cmake_force_configure': False, 'cmake_target': None, 'cmake_target_skip_unavailable': False, 'install_base': '/home/cyw/panda_vla_project/ros2_ws/install/panda_mujoco_sim', 'merge_install': False, 'path': '/home/cyw/panda_vla_project/ros2_ws/src/panda_mujoco_sim', 'symlink_install': False, 'test_result_base': None}
[0.196s] INFO:colcon.colcon_core.executor:Executing jobs using 'parallel' executor
[0.196s] DEBUG:colcon.colcon_parallel_executor.executor.parallel:run_until_complete
[0.197s] INFO:colcon.colcon_ros.task.catkin.build:Building ROS package in '/home/cyw/panda_vla_project/ros2_ws/src/panda_mujoco_msgs' with build type 'catkin'
[0.197s] INFO:colcon.colcon_cmake.task.cmake.build:Building CMake package in '/home/cyw/panda_vla_project/ros2_ws/src/panda_mujoco_msgs'
[0.198s] INFO:colcon.colcon_core.plugin_system:Skipping extension 'colcon_core.shell.bat': Not used on non-Windows systems
[0.198s] INFO:colcon.colcon_core.shell:Skip shell extension 'powershell' for command environment: Not usable outside of PowerShell
[0.198s] DEBUG:colcon.colcon_core.shell:Skip shell extension 'dsv' for command environment
[0.201s] INFO:colcon.colcon_ros.task.ament_python.build:Building ROS package in '/home/cyw/panda_vla_project/ros2_ws/src/panda_mujoco_bringup' with build type 'ament_python'
[0.201s] Level 1:colcon.colcon_core.shell:create_environment_hook('panda_mujoco_bringup', 'ament_prefix_path')
[0.201s] INFO:colcon.colcon_core.shell:Creating environment hook '/home/cyw/panda_vla_project/ros2_ws/install/panda_mujoco_bringup/share/panda_mujoco_bringup/hook/ament_prefix_path.ps1'
[0.201s] INFO:colcon.colcon_core.shell:Creating environment descriptor '/home/cyw/panda_vla_project/ros2_ws/install/panda_mujoco_bringup/share/panda_mujoco_bringup/hook/ament_prefix_path.dsv'
[0.202s] INFO:colcon.colcon_core.shell:Creating environment hook '/home/cyw/panda_vla_project/ros2_ws/install/panda_mujoco_bringup/share/panda_mujoco_bringup/hook/ament_prefix_path.sh'
[0.202s] INFO:colcon.colcon_core.shell:Skip shell extension 'powershell' for command environment: Not usable outside of PowerShell
[0.202s] DEBUG:colcon.colcon_core.shell:Skip shell extension 'dsv' for command environment
[0.204s] INFO:colcon.colcon_ros.task.ament_python.build:Building ROS package in '/home/cyw/panda_vla_project/ros2_ws/src/panda_mujoco_control' with build type 'ament_python'
[0.205s] Level 1:colcon.colcon_core.shell:create_environment_hook('panda_mujoco_control', 'ament_prefix_path')
[0.205s] INFO:colcon.colcon_core.shell:Creating environment hook '/home/cyw/panda_vla_project/ros2_ws/install/panda_mujoco_control/share/panda_mujoco_control/hook/ament_prefix_path.ps1'
[0.205s] INFO:colcon.colcon_core.shell:Creating environment descriptor '/home/cyw/panda_vla_project/ros2_ws/install/panda_mujoco_control/share/panda_mujoco_control/hook/ament_prefix_path.dsv'
[0.205s] INFO:colcon.colcon_core.shell:Creating environment hook '/home/cyw/panda_vla_project/ros2_ws/install/panda_mujoco_control/share/panda_mujoco_control/hook/ament_prefix_path.sh'
[0.206s] INFO:colcon.colcon_core.shell:Skip shell extension 'powershell' for command environment: Not usable outside of PowerShell
[0.206s] DEBUG:colcon.colcon_core.shell:Skip shell extension 'dsv' for command environment
[0.212s] DEBUG:colcon.colcon_core.event_handler.log_command:Invoking command in '/home/cyw/panda_vla_project/ros2_ws/build/panda_mujoco_msgs': VIRTUAL_ENV_PROMPT=(ros2_mujoco) /home/cyw/.local/bin/cmake --build /home/cyw/panda_vla_project/ros2_ws/build/panda_mujoco_msgs -- -j16 -l16
[0.355s] INFO:colcon.colcon_core.task.python.build:Building Python package in '/home/cyw/panda_vla_project/ros2_ws/src/panda_mujoco_bringup'
[0.355s] INFO:colcon.colcon_core.shell:Skip shell extension 'powershell' for command environment: Not usable outside of PowerShell
[0.355s] DEBUG:colcon.colcon_core.shell:Skip shell extension 'dsv' for command environment
[0.510s] INFO:colcon.colcon_core.task.python.build:Building Python package in '/home/cyw/panda_vla_project/ros2_ws/src/panda_mujoco_control'
[0.510s] INFO:colcon.colcon_core.shell:Skip shell extension 'powershell' for command environment: Not usable outside of PowerShell
[0.511s] DEBUG:colcon.colcon_core.shell:Skip shell extension 'dsv' for command environment
[0.517s] DEBUG:colcon.colcon_core.event_handler.log_command:Invoked command in '/home/cyw/panda_vla_project/ros2_ws/build/panda_mujoco_msgs' returned '0': VIRTUAL_ENV_PROMPT=(ros2_mujoco) /home/cyw/.local/bin/cmake --build /home/cyw/panda_vla_project/ros2_ws/build/panda_mujoco_msgs -- -j16 -l16
[0.569s] DEBUG:colcon.colcon_core.event_handler.log_command:Invoking command in '/home/cyw/panda_vla_project/ros2_ws/build/panda_mujoco_msgs': VIRTUAL_ENV_PROMPT=(ros2_mujoco) /home/cyw/.local/bin/cmake --install /home/cyw/panda_vla_project/ros2_ws/build/panda_mujoco_msgs
[0.650s] DEBUG:colcon.colcon_core.event_handler.log_command:Invoked command in '/home/cyw/panda_vla_project/ros2_ws/build/panda_mujoco_msgs' returned '0': VIRTUAL_ENV_PROMPT=(ros2_mujoco) /home/cyw/.local/bin/cmake --install /home/cyw/panda_vla_project/ros2_ws/build/panda_mujoco_msgs
[0.650s] Level 1:colcon.colcon_core.shell:create_environment_hook('panda_mujoco_msgs', 'ros_package_path')
[0.651s] INFO:colcon.colcon_core.shell:Creating environment hook '/home/cyw/panda_vla_project/ros2_ws/install/panda_mujoco_msgs/share/panda_mujoco_msgs/hook/ros_package_path.ps1'
[0.651s] INFO:colcon.colcon_core.shell:Creating environment descriptor '/home/cyw/panda_vla_project/ros2_ws/install/panda_mujoco_msgs/share/panda_mujoco_msgs/hook/ros_package_path.dsv'
[0.651s] INFO:colcon.colcon_core.shell:Creating environment hook '/home/cyw/panda_vla_project/ros2_ws/install/panda_mujoco_msgs/share/panda_mujoco_msgs/hook/ros_package_path.sh'
[0.651s] Level 1:colcon.colcon_ros.task.catkin:checking '/home/cyw/panda_vla_project/ros2_ws/install/panda_mujoco_msgs/lib/python3.10/site-packages'
[0.651s] Level 1:colcon.colcon_core.shell:create_environment_hook('panda_mujoco_msgs', 'catkin_pythonpath')
[0.652s] INFO:colcon.colcon_core.shell:Creating environment hook '/home/cyw/panda_vla_project/ros2_ws/install/panda_mujoco_msgs/share/panda_mujoco_msgs/hook/catkin_pythonpath.ps1'
[0.652s] INFO:colcon.colcon_core.shell:Creating environment descriptor '/home/cyw/panda_vla_project/ros2_ws/install/panda_mujoco_msgs/share/panda_mujoco_msgs/hook/catkin_pythonpath.dsv'
[0.652s] INFO:colcon.colcon_core.shell:Creating environment hook '/home/cyw/panda_vla_project/ros2_ws/install/panda_mujoco_msgs/share/panda_mujoco_msgs/hook/catkin_pythonpath.sh'
[0.652s] Level 1:colcon.colcon_core.shell:create_environment_hook('panda_mujoco_msgs', 'pkg_config_path')
[0.652s] INFO:colcon.colcon_core.shell:Creating environment hook '/home/cyw/panda_vla_project/ros2_ws/install/panda_mujoco_msgs/share/panda_mujoco_msgs/hook/pkg_config_path.ps1'
[0.652s] INFO:colcon.colcon_core.shell:Creating environment descriptor '/home/cyw/panda_vla_project/ros2_ws/install/panda_mujoco_msgs/share/panda_mujoco_msgs/hook/pkg_config_path.dsv'
[0.653s] INFO:colcon.colcon_core.shell:Creating environment hook '/home/cyw/panda_vla_project/ros2_ws/install/panda_mujoco_msgs/share/panda_mujoco_msgs/hook/pkg_config_path.sh'
[0.655s] Level 1:colcon.colcon_core.shell:create_environment_hook('panda_mujoco_msgs', 'pkg_config_path_multiarch')
[0.655s] INFO:colcon.colcon_core.shell:Creating environment hook '/home/cyw/panda_vla_project/ros2_ws/install/panda_mujoco_msgs/share/panda_mujoco_msgs/hook/pkg_config_path_multiarch.ps1'
[0.655s] INFO:colcon.colcon_core.shell:Creating environment descriptor '/home/cyw/panda_vla_project/ros2_ws/install/panda_mujoco_msgs/share/panda_mujoco_msgs/hook/pkg_config_path_multiarch.dsv'
[0.655s] INFO:colcon.colcon_core.shell:Creating environment hook '/home/cyw/panda_vla_project/ros2_ws/install/panda_mujoco_msgs/share/panda_mujoco_msgs/hook/pkg_config_path_multiarch.sh'
[0.656s] Level 1:colcon.colcon_core.environment:create_environment_scripts_only(panda_mujoco_msgs)
[0.657s] Level 1:colcon.colcon_core.environment:checking '/home/cyw/panda_vla_project/ros2_ws/install/panda_mujoco_msgs' for CMake module files
[0.658s] Level 1:colcon.colcon_core.environment:checking '/home/cyw/panda_vla_project/ros2_ws/install/panda_mujoco_msgs' for CMake config files
[0.658s] Level 1:colcon.colcon_core.shell:create_environment_hook('panda_mujoco_msgs', 'cmake_prefix_path')
[0.658s] INFO:colcon.colcon_core.shell:Creating environment hook '/home/cyw/panda_vla_project/ros2_ws/install/panda_mujoco_msgs/share/panda_mujoco_msgs/hook/cmake_prefix_path.ps1'
[0.658s] INFO:colcon.colcon_core.shell:Creating environment descriptor '/home/cyw/panda_vla_project/ros2_ws/install/panda_mujoco_msgs/share/panda_mujoco_msgs/hook/cmake_prefix_path.dsv'
[0.659s] INFO:colcon.colcon_core.shell:Creating environment hook '/home/cyw/panda_vla_project/ros2_ws/install/panda_mujoco_msgs/share/panda_mujoco_msgs/hook/cmake_prefix_path.sh'
[0.659s] Level 1:colcon.colcon_core.environment:checking '/home/cyw/panda_vla_project/ros2_ws/install/panda_mujoco_msgs/lib'
[0.659s] Level 1:colcon.colcon_core.shell:create_environment_hook('panda_mujoco_msgs', 'ld_library_path_lib')
[0.659s] INFO:colcon.colcon_core.shell:Creating environment hook '/home/cyw/panda_vla_project/ros2_ws/install/panda_mujoco_msgs/share/panda_mujoco_msgs/hook/ld_library_path_lib.ps1'
[0.660s] INFO:colcon.colcon_core.shell:Creating environment descriptor '/home/cyw/panda_vla_project/ros2_ws/install/panda_mujoco_msgs/share/panda_mujoco_msgs/hook/ld_library_path_lib.dsv'
[0.660s] INFO:colcon.colcon_core.shell:Creating environment hook '/home/cyw/panda_vla_project/ros2_ws/install/panda_mujoco_msgs/share/panda_mujoco_msgs/hook/ld_library_path_lib.sh'
[0.660s] Level 1:colcon.colcon_core.environment:checking '/home/cyw/panda_vla_project/ros2_ws/install/panda_mujoco_msgs/bin'
[0.660s] Level 1:colcon.colcon_core.environment:checking '/home/cyw/panda_vla_project/ros2_ws/install/panda_mujoco_msgs/lib/pkgconfig/panda_mujoco_msgs.pc'
[0.660s] Level 1:colcon.colcon_core.environment:checking '/home/cyw/panda_vla_project/ros2_ws/install/panda_mujoco_msgs/lib/python3.10/site-packages'
[0.660s] Level 1:colcon.colcon_core.shell:create_environment_hook('panda_mujoco_msgs', 'pythonpath')
[0.660s] INFO:colcon.colcon_core.shell:Creating environment hook '/home/cyw/panda_vla_project/ros2_ws/install/panda_mujoco_msgs/share/panda_mujoco_msgs/hook/pythonpath.ps1'
[0.661s] INFO:colcon.colcon_core.shell:Creating environment descriptor '/home/cyw/panda_vla_project/ros2_ws/install/panda_mujoco_msgs/share/panda_mujoco_msgs/hook/pythonpath.dsv'
[0.661s] INFO:colcon.colcon_core.shell:Creating environment hook '/home/cyw/panda_vla_project/ros2_ws/install/panda_mujoco_msgs/share/panda_mujoco_msgs/hook/pythonpath.sh'
[0.661s] Level 1:colcon.colcon_core.environment:checking '/home/cyw/panda_vla_project/ros2_ws/install/panda_mujoco_msgs/bin'
[0.662s] INFO:colcon.colcon_core.shell:Creating package script '/home/cyw/panda_vla_project/ros2_ws/install/panda_mujoco_msgs/share/panda_mujoco_msgs/package.ps1'
[0.662s] INFO:colcon.colcon_core.shell:Creating package descriptor '/home/cyw/panda_vla_project/ros2_ws/install/panda_mujoco_msgs/share/panda_mujoco_msgs/package.dsv'
[0.662s] INFO:colcon.colcon_core.shell:Creating package script '/home/cyw/panda_vla_project/ros2_ws/install/panda_mujoco_msgs/share/panda_mujoco_msgs/package.sh'
[0.663s] INFO:colcon.colcon_core.shell:Creating package script '/home/cyw/panda_vla_project/ros2_ws/install/panda_mujoco_msgs/share/panda_mujoco_msgs/package.bash'
[0.663s] INFO:colcon.colcon_core.shell:Creating package script '/home/cyw/panda_vla_project/ros2_ws/install/panda_mujoco_msgs/share/panda_mujoco_msgs/package.zsh'
[0.664s] Level 1:colcon.colcon_core.environment:create_file_with_runtime_dependencies(/home/cyw/panda_vla_project/ros2_ws/install/panda_mujoco_msgs/share/colcon-core/packages/panda_mujoco_msgs)
[0.664s] INFO:colcon.colcon_ros.task.ament_python.build:Building ROS package in '/home/cyw/panda_vla_project/ros2_ws/src/panda_mujoco_sim' with build type 'ament_python'
[0.664s] Level 1:colcon.colcon_core.shell:create_environment_hook('panda_mujoco_sim', 'ament_prefix_path')
[0.664s] INFO:colcon.colcon_core.shell:Creating environment hook '/home/cyw/panda_vla_project/ros2_ws/install/panda_mujoco_sim/share/panda_mujoco_sim/hook/ament_prefix_path.ps1'
[0.665s] INFO:colcon.colcon_core.shell:Creating environment descriptor '/home/cyw/panda_vla_project/ros2_ws/install/panda_mujoco_sim/share/panda_mujoco_sim/hook/ament_prefix_path.dsv'
[0.665s] INFO:colcon.colcon_core.shell:Creating environment hook '/home/cyw/panda_vla_project/ros2_ws/install/panda_mujoco_sim/share/panda_mujoco_sim/hook/ament_prefix_path.sh'
[0.666s] INFO:colcon.colcon_core.shell:Skip shell extension 'powershell' for command environment: Not usable outside of PowerShell
[0.666s] DEBUG:colcon.colcon_core.shell:Skip shell extension 'dsv' for command environment
[0.829s] INFO:colcon.colcon_core.task.python.build:Building Python package in '/home/cyw/panda_vla_project/ros2_ws/src/panda_mujoco_sim'
[0.829s] INFO:colcon.colcon_core.shell:Skip shell extension 'powershell' for command environment: Not usable outside of PowerShell
[0.829s] DEBUG:colcon.colcon_core.shell:Skip shell extension 'dsv' for command environment
[0.835s] DEBUG:colcon.colcon_core.event_handler.log_command:Invoking command in '/home/cyw/panda_vla_project/ros2_ws/src/panda_mujoco_bringup': PYTHONPATH=/home/cyw/panda_vla_project/ros2_ws/build/panda_mujoco_bringup/prefix_override:/usr/lib/python3/dist-packages/colcon_core/task/python/colcon_distutils_commands:/home/cyw/panda_vla_project/ros2_ws/install/panda_mujoco_bringup/lib/python3.10/site-packages:${PYTHONPATH} VIRTUAL_ENV_PROMPT=(ros2_mujoco) /usr/bin/python3 -W ignore:setup.py install is deprecated -W ignore:easy_install command is deprecated setup.py egg_info --egg-base ../../build/panda_mujoco_bringup build --build-base /home/cyw/panda_vla_project/ros2_ws/build/panda_mujoco_bringup/build install --record /home/cyw/panda_vla_project/ros2_ws/build/panda_mujoco_bringup/install.log --single-version-externally-managed install_data
[0.836s] DEBUG:colcon.colcon_core.event_handler.log_command:Invoking command in '/home/cyw/panda_vla_project/ros2_ws/src/panda_mujoco_control': PYTHONPATH=/home/cyw/panda_vla_project/ros2_ws/build/panda_mujoco_control/prefix_override:/usr/lib/python3/dist-packages/colcon_core/task/python/colcon_distutils_commands:/home/cyw/panda_vla_project/ros2_ws/install/panda_mujoco_control/lib/python3.10/site-packages:${PYTHONPATH} VIRTUAL_ENV_PROMPT=(ros2_mujoco) /usr/bin/python3 -W ignore:setup.py install is deprecated -W ignore:easy_install command is deprecated setup.py egg_info --egg-base ../../build/panda_mujoco_control build --build-base /home/cyw/panda_vla_project/ros2_ws/build/panda_mujoco_control/build install --record /home/cyw/panda_vla_project/ros2_ws/build/panda_mujoco_control/install.log --single-version-externally-managed install_data
[1.015s] Level 1:colcon.colcon_core.environment:checking '/home/cyw/panda_vla_project/ros2_ws/install/panda_mujoco_control' for CMake module files
[1.016s] DEBUG:colcon.colcon_core.event_handler.log_command:Invoked command in '/home/cyw/panda_vla_project/ros2_ws/src/panda_mujoco_control' returned '0': PYTHONPATH=/home/cyw/panda_vla_project/ros2_ws/build/panda_mujoco_control/prefix_override:/usr/lib/python3/dist-packages/colcon_core/task/python/colcon_distutils_commands:/home/cyw/panda_vla_project/ros2_ws/install/panda_mujoco_control/lib/python3.10/site-packages:${PYTHONPATH} VIRTUAL_ENV_PROMPT=(ros2_mujoco) /usr/bin/python3 -W ignore:setup.py install is deprecated -W ignore:easy_install command is deprecated setup.py egg_info --egg-base ../../build/panda_mujoco_control build --build-base /home/cyw/panda_vla_project/ros2_ws/build/panda_mujoco_control/build install --record /home/cyw/panda_vla_project/ros2_ws/build/panda_mujoco_control/install.log --single-version-externally-managed install_data
[1.016s] Level 1:colcon.colcon_core.environment:checking '/home/cyw/panda_vla_project/ros2_ws/install/panda_mujoco_control' for CMake config files
[1.016s] Level 1:colcon.colcon_core.environment:checking '/home/cyw/panda_vla_project/ros2_ws/install/panda_mujoco_control/lib'
[1.016s] Level 1:colcon.colcon_core.environment:checking '/home/cyw/panda_vla_project/ros2_ws/install/panda_mujoco_control/bin'
[1.016s] Level 1:colcon.colcon_core.environment:checking '/home/cyw/panda_vla_project/ros2_ws/install/panda_mujoco_control/lib/pkgconfig/panda_mujoco_control.pc'
[1.016s] Level 1:colcon.colcon_core.environment:checking '/home/cyw/panda_vla_project/ros2_ws/install/panda_mujoco_control/lib/python3.10/site-packages'
[1.016s] Level 1:colcon.colcon_core.shell:create_environment_hook('panda_mujoco_control', 'pythonpath')
[1.016s] INFO:colcon.colcon_core.shell:Creating environment hook '/home/cyw/panda_vla_project/ros2_ws/install/panda_mujoco_control/share/panda_mujoco_control/hook/pythonpath.ps1'
[1.017s] INFO:colcon.colcon_core.shell:Creating environment descriptor '/home/cyw/panda_vla_project/ros2_ws/install/panda_mujoco_control/share/panda_mujoco_control/hook/pythonpath.dsv'
[1.017s] INFO:colcon.colcon_core.shell:Creating environment hook '/home/cyw/panda_vla_project/ros2_ws/install/panda_mujoco_control/share/panda_mujoco_control/hook/pythonpath.sh'
[1.017s] Level 1:colcon.colcon_core.environment:checking '/home/cyw/panda_vla_project/ros2_ws/install/panda_mujoco_control/bin'
[1.017s] Level 1:colcon.colcon_core.environment:create_environment_scripts_only(panda_mujoco_control)
[1.018s] INFO:colcon.colcon_core.shell:Creating package script '/home/cyw/panda_vla_project/ros2_ws/install/panda_mujoco_control/share/panda_mujoco_control/package.ps1'
[1.018s] INFO:colcon.colcon_core.shell:Creating package descriptor '/home/cyw/panda_vla_project/ros2_ws/install/panda_mujoco_control/share/panda_mujoco_control/package.dsv'
[1.018s] INFO:colcon.colcon_core.shell:Creating package script '/home/cyw/panda_vla_project/ros2_ws/install/panda_mujoco_control/share/panda_mujoco_control/package.sh'
[1.018s] INFO:colcon.colcon_core.shell:Creating package script '/home/cyw/panda_vla_project/ros2_ws/install/panda_mujoco_control/share/panda_mujoco_control/package.bash'
[1.018s] INFO:colcon.colcon_core.shell:Creating package script '/home/cyw/panda_vla_project/ros2_ws/install/panda_mujoco_control/share/panda_mujoco_control/package.zsh'
[1.019s] Level 1:colcon.colcon_core.environment:create_file_with_runtime_dependencies(/home/cyw/panda_vla_project/ros2_ws/install/panda_mujoco_control/share/colcon-core/packages/panda_mujoco_control)
[1.019s] Level 1:colcon.colcon_core.environment:checking '/home/cyw/panda_vla_project/ros2_ws/install/panda_mujoco_bringup' for CMake module files
[1.020s] Level 1:colcon.colcon_core.environment:checking '/home/cyw/panda_vla_project/ros2_ws/install/panda_mujoco_bringup' for CMake config files
[1.020s] DEBUG:colcon.colcon_core.event_handler.log_command:Invoked command in '/home/cyw/panda_vla_project/ros2_ws/src/panda_mujoco_bringup' returned '0': PYTHONPATH=/home/cyw/panda_vla_project/ros2_ws/build/panda_mujoco_bringup/prefix_override:/usr/lib/python3/dist-packages/colcon_core/task/python/colcon_distutils_commands:/home/cyw/panda_vla_project/ros2_ws/install/panda_mujoco_bringup/lib/python3.10/site-packages:${PYTHONPATH} VIRTUAL_ENV_PROMPT=(ros2_mujoco) /usr/bin/python3 -W ignore:setup.py install is deprecated -W ignore:easy_install command is deprecated setup.py egg_info --egg-base ../../build/panda_mujoco_bringup build --build-base /home/cyw/panda_vla_project/ros2_ws/build/panda_mujoco_bringup/build install --record /home/cyw/panda_vla_project/ros2_ws/build/panda_mujoco_bringup/install.log --single-version-externally-managed install_data
[1.021s] Level 1:colcon.colcon_core.environment:checking '/home/cyw/panda_vla_project/ros2_ws/install/panda_mujoco_bringup/lib'
[1.021s] Level 1:colcon.colcon_core.environment:checking '/home/cyw/panda_vla_project/ros2_ws/install/panda_mujoco_bringup/bin'
[1.021s] Level 1:colcon.colcon_core.environment:checking '/home/cyw/panda_vla_project/ros2_ws/install/panda_mujoco_bringup/lib/pkgconfig/panda_mujoco_bringup.pc'
[1.021s] Level 1:colcon.colcon_core.environment:checking '/home/cyw/panda_vla_project/ros2_ws/install/panda_mujoco_bringup/lib/python3.10/site-packages'
[1.021s] Level 1:colcon.colcon_core.shell:create_environment_hook('panda_mujoco_bringup', 'pythonpath')
[1.021s] INFO:colcon.colcon_core.shell:Creating environment hook '/home/cyw/panda_vla_project/ros2_ws/install/panda_mujoco_bringup/share/panda_mujoco_bringup/hook/pythonpath.ps1'
[1.021s] INFO:colcon.colcon_core.shell:Creating environment descriptor '/home/cyw/panda_vla_project/ros2_ws/install/panda_mujoco_bringup/share/panda_mujoco_bringup/hook/pythonpath.dsv'
[1.021s] INFO:colcon.colcon_core.shell:Creating environment hook '/home/cyw/panda_vla_project/ros2_ws/install/panda_mujoco_bringup/share/panda_mujoco_bringup/hook/pythonpath.sh'
[1.022s] Level 1:colcon.colcon_core.environment:checking '/home/cyw/panda_vla_project/ros2_ws/install/panda_mujoco_bringup/bin'
[1.022s] Level 1:colcon.colcon_core.environment:create_environment_scripts_only(panda_mujoco_bringup)
[1.022s] INFO:colcon.colcon_core.shell:Creating package script '/home/cyw/panda_vla_project/ros2_ws/install/panda_mujoco_bringup/share/panda_mujoco_bringup/package.ps1'
[1.022s] INFO:colcon.colcon_core.shell:Creating package descriptor '/home/cyw/panda_vla_project/ros2_ws/install/panda_mujoco_bringup/share/panda_mujoco_bringup/package.dsv'
[1.023s] INFO:colcon.colcon_core.shell:Creating package script '/home/cyw/panda_vla_project/ros2_ws/install/panda_mujoco_bringup/share/panda_mujoco_bringup/package.sh'
[1.023s] INFO:colcon.colcon_core.shell:Creating package script '/home/cyw/panda_vla_project/ros2_ws/install/panda_mujoco_bringup/share/panda_mujoco_bringup/package.bash'
[1.023s] INFO:colcon.colcon_core.shell:Creating package script '/home/cyw/panda_vla_project/ros2_ws/install/panda_mujoco_bringup/share/panda_mujoco_bringup/package.zsh'
[1.023s] Level 1:colcon.colcon_core.environment:create_file_with_runtime_dependencies(/home/cyw/panda_vla_project/ros2_ws/install/panda_mujoco_bringup/share/colcon-core/packages/panda_mujoco_bringup)
[1.053s] DEBUG:colcon.colcon_core.event_handler.log_command:Invoking command in '/home/cyw/panda_vla_project/ros2_ws/src/panda_mujoco_sim': PYTHONPATH=/home/cyw/panda_vla_project/ros2_ws/build/panda_mujoco_sim/prefix_override:/usr/lib/python3/dist-packages/colcon_core/task/python/colcon_distutils_commands:/home/cyw/panda_vla_project/ros2_ws/install/panda_mujoco_sim/lib/python3.10/site-packages:${PYTHONPATH} VIRTUAL_ENV_PROMPT=(ros2_mujoco) /usr/bin/python3 -W ignore:setup.py install is deprecated -W ignore:easy_install command is deprecated setup.py egg_info --egg-base ../../build/panda_mujoco_sim build --build-base /home/cyw/panda_vla_project/ros2_ws/build/panda_mujoco_sim/build install --record /home/cyw/panda_vla_project/ros2_ws/build/panda_mujoco_sim/install.log --single-version-externally-managed install_data
[1.235s] Level 1:colcon.colcon_core.environment:checking '/home/cyw/panda_vla_project/ros2_ws/install/panda_mujoco_sim' for CMake module files
[1.236s] DEBUG:colcon.colcon_core.event_handler.log_command:Invoked command in '/home/cyw/panda_vla_project/ros2_ws/src/panda_mujoco_sim' returned '0': PYTHONPATH=/home/cyw/panda_vla_project/ros2_ws/build/panda_mujoco_sim/prefix_override:/usr/lib/python3/dist-packages/colcon_core/task/python/colcon_distutils_commands:/home/cyw/panda_vla_project/ros2_ws/install/panda_mujoco_sim/lib/python3.10/site-packages:${PYTHONPATH} VIRTUAL_ENV_PROMPT=(ros2_mujoco) /usr/bin/python3 -W ignore:setup.py install is deprecated -W ignore:easy_install command is deprecated setup.py egg_info --egg-base ../../build/panda_mujoco_sim build --build-base /home/cyw/panda_vla_project/ros2_ws/build/panda_mujoco_sim/build install --record /home/cyw/panda_vla_project/ros2_ws/build/panda_mujoco_sim/install.log --single-version-externally-managed install_data
[1.236s] Level 1:colcon.colcon_core.environment:checking '/home/cyw/panda_vla_project/ros2_ws/install/panda_mujoco_sim' for CMake config files
[1.236s] Level 1:colcon.colcon_core.environment:checking '/home/cyw/panda_vla_project/ros2_ws/install/panda_mujoco_sim/lib'
[1.236s] Level 1:colcon.colcon_core.environment:checking '/home/cyw/panda_vla_project/ros2_ws/install/panda_mujoco_sim/bin'
[1.236s] Level 1:colcon.colcon_core.environment:checking '/home/cyw/panda_vla_project/ros2_ws/install/panda_mujoco_sim/lib/pkgconfig/panda_mujoco_sim.pc'
[1.236s] Level 1:colcon.colcon_core.environment:checking '/home/cyw/panda_vla_project/ros2_ws/install/panda_mujoco_sim/lib/python3.10/site-packages'
[1.236s] Level 1:colcon.colcon_core.shell:create_environment_hook('panda_mujoco_sim', 'pythonpath')
[1.236s] INFO:colcon.colcon_core.shell:Creating environment hook '/home/cyw/panda_vla_project/ros2_ws/install/panda_mujoco_sim/share/panda_mujoco_sim/hook/pythonpath.ps1'
[1.237s] INFO:colcon.colcon_core.shell:Creating environment descriptor '/home/cyw/panda_vla_project/ros2_ws/install/panda_mujoco_sim/share/panda_mujoco_sim/hook/pythonpath.dsv'
[1.237s] INFO:colcon.colcon_core.shell:Creating environment hook '/home/cyw/panda_vla_project/ros2_ws/install/panda_mujoco_sim/share/panda_mujoco_sim/hook/pythonpath.sh'
[1.237s] Level 1:colcon.colcon_core.environment:checking '/home/cyw/panda_vla_project/ros2_ws/install/panda_mujoco_sim/bin'
[1.237s] Level 1:colcon.colcon_core.environment:create_environment_scripts_only(panda_mujoco_sim)
[1.238s] INFO:colcon.colcon_core.shell:Creating package script '/home/cyw/panda_vla_project/ros2_ws/install/panda_mujoco_sim/share/panda_mujoco_sim/package.ps1'
[1.238s] INFO:colcon.colcon_core.shell:Creating package descriptor '/home/cyw/panda_vla_project/ros2_ws/install/panda_mujoco_sim/share/panda_mujoco_sim/package.dsv'
[1.238s] INFO:colcon.colcon_core.shell:Creating package script '/home/cyw/panda_vla_project/ros2_ws/install/panda_mujoco_sim/share/panda_mujoco_sim/package.sh'
[1.238s] INFO:colcon.colcon_core.shell:Creating package script '/home/cyw/panda_vla_project/ros2_ws/install/panda_mujoco_sim/share/panda_mujoco_sim/package.bash'
[1.239s] INFO:colcon.colcon_core.shell:Creating package script '/home/cyw/panda_vla_project/ros2_ws/install/panda_mujoco_sim/share/panda_mujoco_sim/package.zsh'
[1.239s] Level 1:colcon.colcon_core.environment:create_file_with_runtime_dependencies(/home/cyw/panda_vla_project/ros2_ws/install/panda_mujoco_sim/share/colcon-core/packages/panda_mujoco_sim)
[1.239s] DEBUG:colcon.colcon_parallel_executor.executor.parallel:closing loop
[1.239s] DEBUG:colcon.colcon_parallel_executor.executor.parallel:loop closed
[1.239s] DEBUG:colcon.colcon_parallel_executor.executor.parallel:run_until_complete finished with '0'
[1.239s] DEBUG:colcon.colcon_core.event_reactor:joining thread
[1.243s] INFO:colcon.colcon_core.plugin_system:Skipping extension 'colcon_notification.desktop_notification.terminal_notifier': Not used on non-Darwin systems
[1.244s] INFO:colcon.colcon_core.plugin_system:Skipping extension 'colcon_notification.desktop_notification.win32': Not used on non-Windows systems
[1.244s] INFO:colcon.colcon_notification.desktop_notification:Sending desktop notification using 'notify2'
[1.251s] DEBUG:colcon.colcon_core.event_reactor:joined thread
[1.252s] INFO:colcon.colcon_core.shell:Creating prefix script '/home/cyw/panda_vla_project/ros2_ws/install/local_setup.ps1'
[1.252s] INFO:colcon.colcon_core.shell:Creating prefix util module '/home/cyw/panda_vla_project/ros2_ws/install/_local_setup_util_ps1.py'
[1.253s] INFO:colcon.colcon_core.shell:Creating prefix chain script '/home/cyw/panda_vla_project/ros2_ws/install/setup.ps1'
[1.254s] INFO:colcon.colcon_core.shell:Creating prefix script '/home/cyw/panda_vla_project/ros2_ws/install/local_setup.sh'
[1.254s] INFO:colcon.colcon_core.shell:Creating prefix util module '/home/cyw/panda_vla_project/ros2_ws/install/_local_setup_util_sh.py'
[1.254s] INFO:colcon.colcon_core.shell:Creating prefix chain script '/home/cyw/panda_vla_project/ros2_ws/install/setup.sh'
[1.255s] INFO:colcon.colcon_core.shell:Creating prefix script '/home/cyw/panda_vla_project/ros2_ws/install/local_setup.bash'
[1.255s] INFO:colcon.colcon_core.shell:Creating prefix chain script '/home/cyw/panda_vla_project/ros2_ws/install/setup.bash'
[1.255s] INFO:colcon.colcon_core.shell:Creating prefix script '/home/cyw/panda_vla_project/ros2_ws/install/local_setup.zsh'
[1.256s] INFO:colcon.colcon_core.shell:Creating prefix chain script '/home/cyw/panda_vla_project/ros2_ws/install/setup.zsh'
