running egg_info
writing ../../build/panda_mujoco_sim/panda_mujoco_sim.egg-info/PKG-INFO
writing dependency_links to ../../build/panda_mujoco_sim/panda_mujoco_sim.egg-info/dependency_links.txt
writing entry points to ../../build/panda_mujoco_sim/panda_mujoco_sim.egg-info/entry_points.txt
writing requirements to ../../build/panda_mujoco_sim/panda_mujoco_sim.egg-info/requires.txt
writing top-level names to ../../build/panda_mujoco_sim/panda_mujoco_sim.egg-info/top_level.txt
reading manifest file '../../build/panda_mujoco_sim/panda_mujoco_sim.egg-info/SOURCES.txt'
writing manifest file '../../build/panda_mujoco_sim/panda_mujoco_sim.egg-info/SOURCES.txt'
running build
running build_py
copying panda_mujoco_sim/panda_mujoco_node.py -> /home/cyw/panda_vla_project/ros2_ws/build/panda_mujoco_sim/build/lib/panda_mujoco_sim
running install
running install_lib
copying /home/cyw/panda_vla_project/ros2_ws/build/panda_mujoco_sim/build/lib/panda_mujoco_sim/panda_mujoco_node.py -> /home/cyw/panda_vla_project/ros2_ws/install/panda_mujoco_sim/lib/python3.10/site-packages/panda_mujoco_sim
byte-compiling /home/cyw/panda_vla_project/ros2_ws/install/panda_mujoco_sim/lib/python3.10/site-packages/panda_mujoco_sim/panda_mujoco_node.py to panda_mujoco_node.cpython-310.pyc
running install_data
copying package.xml -> /home/cyw/panda_vla_project/ros2_ws/install/panda_mujoco_sim/share/panda_mujoco_sim
running install_egg_info
removing '/home/cyw/panda_vla_project/ros2_ws/install/panda_mujoco_sim/lib/python3.10/site-packages/panda_mujoco_sim-0.0.0-py3.10.egg-info' (and everything under it)
Copying ../../build/panda_mujoco_sim/panda_mujoco_sim.egg-info to /home/cyw/panda_vla_project/ros2_ws/install/panda_mujoco_sim/lib/python3.10/site-packages/panda_mujoco_sim-0.0.0-py3.10.egg-info
running install_scripts
Installing panda_mujoco_node script to /home/cyw/panda_vla_project/ros2_ws/install/panda_mujoco_sim/lib/panda_mujoco_sim
writing list of installed files to '/home/cyw/panda_vla_project/ros2_ws/build/panda_mujoco_sim/install.log'
