[0.059s] DEBUG:colcon:Command line arguments: ['/usr/bin/colcon', 'build']
[0.059s] DEBUG:colcon:Parsed command line arguments: Namespace(log_base=None, log_level=None, verb_name='build', build_base='build', install_base='install', merge_install=False, symlink_install=False, test_result_base=None, continue_on_error=False, executor='parallel', parallel_workers=16, event_handlers=None, ignore_user_meta=False, metas=['./colcon.meta'], base_paths=['.'], packages_ignore=None, packages_ignore_regex=None, paths=None, packages_up_to=None, packages_up_to_regex=None, packages_above=None, packages_above_and_dependencies=None, packages_above_depth=None, packages_select_by_dep=None, packages_skip_by_dep=None, packages_skip_up_to=None, packages_select_build_failed=False, packages_skip_build_finished=False, packages_select_test_failures=False, packages_skip_test_passed=False, packages_select=None, packages_skip=None, packages_select_regex=None, packages_skip_regex=None, packages_start=None, packages_end=None, allow_overriding=[], cmake_args=None, cmake_target=None, cmake_target_skip_unavailable=False, cmake_clean_cache=False, cmake_clean_first=False, cmake_force_configure=False, ament_cmake_args=None, catkin_cmake_args=None, catkin_skip_building_tests=False, verb_parser=<colcon_defaults.argument_parser.defaults.DefaultArgumentsDecorator object at 0x786b73719bd0>, verb_extension=<colcon_core.verb.build.BuildVerb object at 0x786b737192a0>, main=<bound method BuildVerb.main of <colcon_core.verb.build.BuildVerb object at 0x786b737192a0>>)
[0.175s] Level 1:colcon.colcon_core.package_discovery:discover_packages(colcon_meta) check parameters
[0.175s] Level 1:colcon.colcon_core.package_discovery:discover_packages(recursive) check parameters
[0.175s] Level 1:colcon.colcon_core.package_discovery:discover_packages(ignore) check parameters
[0.175s] Level 1:colcon.colcon_core.package_discovery:discover_packages(path) check parameters
[0.175s] Level 1:colcon.colcon_core.package_discovery:discover_packages(colcon_meta) discover
[0.175s] Level 1:colcon.colcon_core.package_discovery:discover_packages(recursive) discover
[0.175s] INFO:colcon.colcon_core.package_discovery:Crawling recursively for packages in '/home/cyw/panda_vla_project/ros2_ws'
[0.175s] Level 1:colcon.colcon_core.package_identification:_identify(.) by extensions ['ignore', 'ignore_ament_install']
[0.175s] Level 1:colcon.colcon_core.package_identification:_identify(.) by extension 'ignore'
[0.175s] Level 1:colcon.colcon_core.package_identification:_identify(.) by extension 'ignore_ament_install'
[0.175s] Level 1:colcon.colcon_core.package_identification:_identify(.) by extensions ['colcon_pkg']
[0.175s] Level 1:colcon.colcon_core.package_identification:_identify(.) by extension 'colcon_pkg'
[0.175s] Level 1:colcon.colcon_core.package_identification:_identify(.) by extensions ['colcon_meta']
[0.175s] Level 1:colcon.colcon_core.package_identification:_identify(.) by extension 'colcon_meta'
[0.175s] Level 1:colcon.colcon_core.package_identification:_identify(.) by extensions ['ros']
[0.175s] Level 1:colcon.colcon_core.package_identification:_identify(.) by extension 'ros'
[0.181s] Level 1:colcon.colcon_core.package_identification:_identify(.) by extensions ['cmake', 'python']
[0.181s] Level 1:colcon.colcon_core.package_identification:_identify(.) by extension 'cmake'
[0.181s] Level 1:colcon.colcon_core.package_identification:_identify(.) by extension 'python'
[0.181s] Level 1:colcon.colcon_core.package_identification:_identify(.) by extensions ['python_setup_py']
[0.181s] Level 1:colcon.colcon_core.package_identification:_identify(.) by extension 'python_setup_py'
[0.181s] Level 1:colcon.colcon_core.package_identification:_identify(build) by extensions ['ignore', 'ignore_ament_install']
[0.181s] Level 1:colcon.colcon_core.package_identification:_identify(build) by extension 'ignore'
[0.181s] Level 1:colcon.colcon_core.package_identification:_identify(build) ignored
[0.181s] Level 1:colcon.colcon_core.package_identification:_identify(install) by extensions ['ignore', 'ignore_ament_install']
[0.181s] Level 1:colcon.colcon_core.package_identification:_identify(install) by extension 'ignore'
[0.181s] Level 1:colcon.colcon_core.package_identification:_identify(install) ignored
[0.181s] Level 1:colcon.colcon_core.package_identification:_identify(log) by extensions ['ignore', 'ignore_ament_install']
[0.182s] Level 1:colcon.colcon_core.package_identification:_identify(log) by extension 'ignore'
[0.182s] Level 1:colcon.colcon_core.package_identification:_identify(log) ignored
[0.182s] Level 1:colcon.colcon_core.package_identification:_identify(src) by extensions ['ignore', 'ignore_ament_install']
[0.182s] Level 1:colcon.colcon_core.package_identification:_identify(src) by extension 'ignore'
[0.182s] Level 1:colcon.colcon_core.package_identification:_identify(src) by extension 'ignore_ament_install'
[0.182s] Level 1:colcon.colcon_core.package_identification:_identify(src) by extensions ['colcon_pkg']
[0.182s] Level 1:colcon.colcon_core.package_identification:_identify(src) by extension 'colcon_pkg'
[0.182s] Level 1:colcon.colcon_core.package_identification:_identify(src) by extensions ['colcon_meta']
[0.182s] Level 1:colcon.colcon_core.package_identification:_identify(src) by extension 'colcon_meta'
[0.182s] Level 1:colcon.colcon_core.package_identification:_identify(src) by extensions ['ros']
[0.182s] Level 1:colcon.colcon_core.package_identification:_identify(src) by extension 'ros'
[0.182s] Level 1:colcon.colcon_core.package_identification:_identify(src) by extensions ['cmake', 'python']
[0.182s] Level 1:colcon.colcon_core.package_identification:_identify(src) by extension 'cmake'
[0.182s] Level 1:colcon.colcon_core.package_identification:_identify(src) by extension 'python'
[0.182s] Level 1:colcon.colcon_core.package_identification:_identify(src) by extensions ['python_setup_py']
[0.182s] Level 1:colcon.colcon_core.package_identification:_identify(src) by extension 'python_setup_py'
[0.182s] Level 1:colcon.colcon_core.package_identification:_identify(src/panda_mujoco_bringup) by extensions ['ignore', 'ignore_ament_install']
[0.182s] Level 1:colcon.colcon_core.package_identification:_identify(src/panda_mujoco_bringup) by extension 'ignore'
[0.182s] Level 1:colcon.colcon_core.package_identification:_identify(src/panda_mujoco_bringup) by extension 'ignore_ament_install'
[0.182s] Level 1:colcon.colcon_core.package_identification:_identify(src/panda_mujoco_bringup) by extensions ['colcon_pkg']
[0.182s] Level 1:colcon.colcon_core.package_identification:_identify(src/panda_mujoco_bringup) by extension 'colcon_pkg'
[0.182s] Level 1:colcon.colcon_core.package_identification:_identify(src/panda_mujoco_bringup) by extensions ['colcon_meta']
[0.182s] Level 1:colcon.colcon_core.package_identification:_identify(src/panda_mujoco_bringup) by extension 'colcon_meta'
[0.182s] Level 1:colcon.colcon_core.package_identification:_identify(src/panda_mujoco_bringup) by extensions ['ros']
[0.182s] Level 1:colcon.colcon_core.package_identification:_identify(src/panda_mujoco_bringup) by extension 'ros'
[0.184s] DEBUG:colcon.colcon_core.package_identification:Package 'src/panda_mujoco_bringup' with type 'ros.ament_python' and name 'panda_mujoco_bringup'
[0.184s] Level 1:colcon.colcon_core.package_identification:_identify(src/panda_mujoco_control) by extensions ['ignore', 'ignore_ament_install']
[0.184s] Level 1:colcon.colcon_core.package_identification:_identify(src/panda_mujoco_control) by extension 'ignore'
[0.184s] Level 1:colcon.colcon_core.package_identification:_identify(src/panda_mujoco_control) by extension 'ignore_ament_install'
[0.184s] Level 1:colcon.colcon_core.package_identification:_identify(src/panda_mujoco_control) by extensions ['colcon_pkg']
[0.184s] Level 1:colcon.colcon_core.package_identification:_identify(src/panda_mujoco_control) by extension 'colcon_pkg'
[0.184s] Level 1:colcon.colcon_core.package_identification:_identify(src/panda_mujoco_control) by extensions ['colcon_meta']
[0.184s] Level 1:colcon.colcon_core.package_identification:_identify(src/panda_mujoco_control) by extension 'colcon_meta'
[0.184s] Level 1:colcon.colcon_core.package_identification:_identify(src/panda_mujoco_control) by extensions ['ros']
[0.184s] Level 1:colcon.colcon_core.package_identification:_identify(src/panda_mujoco_control) by extension 'ros'
[0.185s] DEBUG:colcon.colcon_core.package_identification:Package 'src/panda_mujoco_control' with type 'ros.ament_python' and name 'panda_mujoco_control'
[0.185s] Level 1:colcon.colcon_core.package_identification:_identify(src/panda_mujoco_msgs) by extensions ['ignore', 'ignore_ament_install']
[0.185s] Level 1:colcon.colcon_core.package_identification:_identify(src/panda_mujoco_msgs) by extension 'ignore'
[0.185s] Level 1:colcon.colcon_core.package_identification:_identify(src/panda_mujoco_msgs) by extension 'ignore_ament_install'
[0.185s] Level 1:colcon.colcon_core.package_identification:_identify(src/panda_mujoco_msgs) by extensions ['colcon_pkg']
[0.185s] Level 1:colcon.colcon_core.package_identification:_identify(src/panda_mujoco_msgs) by extension 'colcon_pkg'
[0.185s] Level 1:colcon.colcon_core.package_identification:_identify(src/panda_mujoco_msgs) by extensions ['colcon_meta']
[0.185s] Level 1:colcon.colcon_core.package_identification:_identify(src/panda_mujoco_msgs) by extension 'colcon_meta'
[0.185s] Level 1:colcon.colcon_core.package_identification:_identify(src/panda_mujoco_msgs) by extensions ['ros']
[0.185s] Level 1:colcon.colcon_core.package_identification:_identify(src/panda_mujoco_msgs) by extension 'ros'
[0.185s] DEBUG:colcon.colcon_core.package_identification:Package 'src/panda_mujoco_msgs' with type 'ros.catkin' and name 'panda_mujoco_msgs'
[0.185s] Level 1:colcon.colcon_core.package_identification:_identify(src/panda_mujoco_sim) by extensions ['ignore', 'ignore_ament_install']
[0.185s] Level 1:colcon.colcon_core.package_identification:_identify(src/panda_mujoco_sim) by extension 'ignore'
[0.185s] Level 1:colcon.colcon_core.package_identification:_identify(src/panda_mujoco_sim) by extension 'ignore_ament_install'
[0.185s] Level 1:colcon.colcon_core.package_identification:_identify(src/panda_mujoco_sim) by extensions ['colcon_pkg']
[0.185s] Level 1:colcon.colcon_core.package_identification:_identify(src/panda_mujoco_sim) by extension 'colcon_pkg'
[0.185s] Level 1:colcon.colcon_core.package_identification:_identify(src/panda_mujoco_sim) by extensions ['colcon_meta']
[0.185s] Level 1:colcon.colcon_core.package_identification:_identify(src/panda_mujoco_sim) by extension 'colcon_meta'
[0.185s] Level 1:colcon.colcon_core.package_identification:_identify(src/panda_mujoco_sim) by extensions ['ros']
[0.185s] Level 1:colcon.colcon_core.package_identification:_identify(src/panda_mujoco_sim) by extension 'ros'
[0.186s] DEBUG:colcon.colcon_core.package_identification:Package 'src/panda_mujoco_sim' with type 'ros.ament_python' and name 'panda_mujoco_sim'
[0.186s] Level 1:colcon.colcon_core.package_discovery:discover_packages(recursive) using defaults
[0.186s] Level 1:colcon.colcon_core.package_discovery:discover_packages(ignore) discover
[0.186s] Level 1:colcon.colcon_core.package_discovery:discover_packages(ignore) using defaults
[0.186s] Level 1:colcon.colcon_core.package_discovery:discover_packages(path) discover
[0.186s] Level 1:colcon.colcon_core.package_discovery:discover_packages(path) using defaults
[0.197s] Level 1:colcon.colcon_core.package_discovery:discover_packages(prefix_path) check parameters
[0.197s] Level 1:colcon.colcon_core.package_discovery:discover_packages(prefix_path) discover
[0.198s] DEBUG:colcon.colcon_installed_package_information.package_discovery:Found 4 installed packages in /home/cyw/panda_vla_project/ros2_ws/install
[0.198s] DEBUG:colcon.colcon_installed_package_information.package_discovery:Found 1 installed packages in /home/cyw/ros2_ws/install
[0.199s] DEBUG:colcon.colcon_installed_package_information.package_discovery:Found 371 installed packages in /opt/ros/humble
[0.200s] Level 1:colcon.colcon_core.package_discovery:discover_packages(prefix_path) using defaults
[0.222s] Level 5:colcon.colcon_core.verb:set package 'panda_mujoco_bringup' build argument 'cmake_args' from command line to 'None'
[0.223s] Level 5:colcon.colcon_core.verb:set package 'panda_mujoco_bringup' build argument 'cmake_target' from command line to 'None'
[0.223s] Level 5:colcon.colcon_core.verb:set package 'panda_mujoco_bringup' build argument 'cmake_target_skip_unavailable' from command line to 'False'
[0.223s] Level 5:colcon.colcon_core.verb:set package 'panda_mujoco_bringup' build argument 'cmake_clean_cache' from command line to 'False'
[0.223s] Level 5:colcon.colcon_core.verb:set package 'panda_mujoco_bringup' build argument 'cmake_clean_first' from command line to 'False'
[0.223s] Level 5:colcon.colcon_core.verb:set package 'panda_mujoco_bringup' build argument 'cmake_force_configure' from command line to 'False'
[0.223s] Level 5:colcon.colcon_core.verb:set package 'panda_mujoco_bringup' build argument 'ament_cmake_args' from command line to 'None'
[0.223s] Level 5:colcon.colcon_core.verb:set package 'panda_mujoco_bringup' build argument 'catkin_cmake_args' from command line to 'None'
[0.223s] Level 5:colcon.colcon_core.verb:set package 'panda_mujoco_bringup' build argument 'catkin_skip_building_tests' from command line to 'False'
[0.223s] DEBUG:colcon.colcon_core.verb:Building package 'panda_mujoco_bringup' with the following arguments: {'ament_cmake_args': None, 'build_base': '/home/cyw/panda_vla_project/ros2_ws/build/panda_mujoco_bringup', 'catkin_cmake_args': None, 'catkin_skip_building_tests': False, 'cmake_args': None, 'cmake_clean_cache': False, 'cmake_clean_first': False, 'cmake_force_configure': False, 'cmake_target': None, 'cmake_target_skip_unavailable': False, 'install_base': '/home/cyw/panda_vla_project/ros2_ws/install/panda_mujoco_bringup', 'merge_install': False, 'path': '/home/cyw/panda_vla_project/ros2_ws/src/panda_mujoco_bringup', 'symlink_install': False, 'test_result_base': None}
[0.223s] Level 5:colcon.colcon_core.verb:set package 'panda_mujoco_control' build argument 'cmake_args' from command line to 'None'
[0.223s] Level 5:colcon.colcon_core.verb:set package 'panda_mujoco_control' build argument 'cmake_target' from command line to 'None'
[0.223s] Level 5:colcon.colcon_core.verb:set package 'panda_mujoco_control' build argument 'cmake_target_skip_unavailable' from command line to 'False'
[0.223s] Level 5:colcon.colcon_core.verb:set package 'panda_mujoco_control' build argument 'cmake_clean_cache' from command line to 'False'
[0.223s] Level 5:colcon.colcon_core.verb:set package 'panda_mujoco_control' build argument 'cmake_clean_first' from command line to 'False'
[0.223s] Level 5:colcon.colcon_core.verb:set package 'panda_mujoco_control' build argument 'cmake_force_configure' from command line to 'False'
[0.223s] Level 5:colcon.colcon_core.verb:set package 'panda_mujoco_control' build argument 'ament_cmake_args' from command line to 'None'
[0.223s] Level 5:colcon.colcon_core.verb:set package 'panda_mujoco_control' build argument 'catkin_cmake_args' from command line to 'None'
[0.223s] Level 5:colcon.colcon_core.verb:set package 'panda_mujoco_control' build argument 'catkin_skip_building_tests' from command line to 'False'
[0.223s] DEBUG:colcon.colcon_core.verb:Building package 'panda_mujoco_control' with the following arguments: {'ament_cmake_args': None, 'build_base': '/home/cyw/panda_vla_project/ros2_ws/build/panda_mujoco_control', 'catkin_cmake_args': None, 'catkin_skip_building_tests': False, 'cmake_args': None, 'cmake_clean_cache': False, 'cmake_clean_first': False, 'cmake_force_configure': False, 'cmake_target': None, 'cmake_target_skip_unavailable': False, 'install_base': '/home/cyw/panda_vla_project/ros2_ws/install/panda_mujoco_control', 'merge_install': False, 'path': '/home/cyw/panda_vla_project/ros2_ws/src/panda_mujoco_control', 'symlink_install': False, 'test_result_base': None}
[0.223s] Level 5:colcon.colcon_core.verb:set package 'panda_mujoco_msgs' build argument 'cmake_args' from command line to 'None'
[0.223s] Level 5:colcon.colcon_core.verb:set package 'panda_mujoco_msgs' build argument 'cmake_target' from command line to 'None'
[0.223s] Level 5:colcon.colcon_core.verb:set package 'panda_mujoco_msgs' build argument 'cmake_target_skip_unavailable' from command line to 'False'
[0.223s] Level 5:colcon.colcon_core.verb:set package 'panda_mujoco_msgs' build argument 'cmake_clean_cache' from command line to 'False'
[0.223s] Level 5:colcon.colcon_core.verb:set package 'panda_mujoco_msgs' build argument 'cmake_clean_first' from command line to 'False'
[0.223s] Level 5:colcon.colcon_core.verb:set package 'panda_mujoco_msgs' build argument 'cmake_force_configure' from command line to 'False'
[0.223s] Level 5:colcon.colcon_core.verb:set package 'panda_mujoco_msgs' build argument 'ament_cmake_args' from command line to 'None'
[0.223s] Level 5:colcon.colcon_core.verb:set package 'panda_mujoco_msgs' build argument 'catkin_cmake_args' from command line to 'None'
[0.223s] Level 5:colcon.colcon_core.verb:set package 'panda_mujoco_msgs' build argument 'catkin_skip_building_tests' from command line to 'False'
[0.223s] DEBUG:colcon.colcon_core.verb:Building package 'panda_mujoco_msgs' with the following arguments: {'ament_cmake_args': None, 'build_base': '/home/cyw/panda_vla_project/ros2_ws/build/panda_mujoco_msgs', 'catkin_cmake_args': None, 'catkin_skip_building_tests': False, 'cmake_args': None, 'cmake_clean_cache': False, 'cmake_clean_first': False, 'cmake_force_configure': False, 'cmake_target': None, 'cmake_target_skip_unavailable': False, 'install_base': '/home/cyw/panda_vla_project/ros2_ws/install/panda_mujoco_msgs', 'merge_install': False, 'path': '/home/cyw/panda_vla_project/ros2_ws/src/panda_mujoco_msgs', 'symlink_install': False, 'test_result_base': None}
[0.223s] Level 5:colcon.colcon_core.verb:set package 'panda_mujoco_sim' build argument 'cmake_args' from command line to 'None'
[0.223s] Level 5:colcon.colcon_core.verb:set package 'panda_mujoco_sim' build argument 'cmake_target' from command line to 'None'
[0.223s] Level 5:colcon.colcon_core.verb:set package 'panda_mujoco_sim' build argument 'cmake_target_skip_unavailable' from command line to 'False'
[0.223s] Level 5:colcon.colcon_core.verb:set package 'panda_mujoco_sim' build argument 'cmake_clean_cache' from command line to 'False'
[0.223s] Level 5:colcon.colcon_core.verb:set package 'panda_mujoco_sim' build argument 'cmake_clean_first' from command line to 'False'
[0.223s] Level 5:colcon.colcon_core.verb:set package 'panda_mujoco_sim' build argument 'cmake_force_configure' from command line to 'False'
[0.223s] Level 5:colcon.colcon_core.verb:set package 'panda_mujoco_sim' build argument 'ament_cmake_args' from command line to 'None'
[0.223s] Level 5:colcon.colcon_core.verb:set package 'panda_mujoco_sim' build argument 'catkin_cmake_args' from command line to 'None'
[0.223s] Level 5:colcon.colcon_core.verb:set package 'panda_mujoco_sim' build argument 'catkin_skip_building_tests' from command line to 'False'
[0.223s] DEBUG:colcon.colcon_core.verb:Building package 'panda_mujoco_sim' with the following arguments: {'ament_cmake_args': None, 'build_base': '/home/cyw/panda_vla_project/ros2_ws/build/panda_mujoco_sim', 'catkin_cmake_args': None, 'catkin_skip_building_tests': False, 'cmake_args': None, 'cmake_clean_cache': False, 'cmake_clean_first': False, 'cmake_force_configure': False, 'cmake_target': None, 'cmake_target_skip_unavailable': False, 'install_base': '/home/cyw/panda_vla_project/ros2_ws/install/panda_mujoco_sim', 'merge_install': False, 'path': '/home/cyw/panda_vla_project/ros2_ws/src/panda_mujoco_sim', 'symlink_install': False, 'test_result_base': None}
[0.223s] INFO:colcon.colcon_core.executor:Executing jobs using 'parallel' executor
[0.224s] DEBUG:colcon.colcon_parallel_executor.executor.parallel:run_until_complete
[0.224s] INFO:colcon.colcon_ros.task.catkin.build:Building ROS package in '/home/cyw/panda_vla_project/ros2_ws/src/panda_mujoco_msgs' with build type 'catkin'
[0.224s] INFO:colcon.colcon_cmake.task.cmake.build:Building CMake package in '/home/cyw/panda_vla_project/ros2_ws/src/panda_mujoco_msgs'
[0.226s] INFO:colcon.colcon_core.plugin_system:Skipping extension 'colcon_core.shell.bat': Not used on non-Windows systems
[0.226s] INFO:colcon.colcon_core.shell:Skip shell extension 'powershell' for command environment: Not usable outside of PowerShell
[0.226s] DEBUG:colcon.colcon_core.shell:Skip shell extension 'dsv' for command environment
[0.229s] INFO:colcon.colcon_ros.task.ament_python.build:Building ROS package in '/home/cyw/panda_vla_project/ros2_ws/src/panda_mujoco_bringup' with build type 'ament_python'
[0.229s] Level 1:colcon.colcon_core.shell:create_environment_hook('panda_mujoco_bringup', 'ament_prefix_path')
[0.229s] INFO:colcon.colcon_core.shell:Creating environment hook '/home/cyw/panda_vla_project/ros2_ws/install/panda_mujoco_bringup/share/panda_mujoco_bringup/hook/ament_prefix_path.ps1'
[0.230s] INFO:colcon.colcon_core.shell:Creating environment descriptor '/home/cyw/panda_vla_project/ros2_ws/install/panda_mujoco_bringup/share/panda_mujoco_bringup/hook/ament_prefix_path.dsv'
[0.230s] INFO:colcon.colcon_core.shell:Creating environment hook '/home/cyw/panda_vla_project/ros2_ws/install/panda_mujoco_bringup/share/panda_mujoco_bringup/hook/ament_prefix_path.sh'
[0.231s] INFO:colcon.colcon_core.shell:Skip shell extension 'powershell' for command environment: Not usable outside of PowerShell
[0.231s] DEBUG:colcon.colcon_core.shell:Skip shell extension 'dsv' for command environment
[0.233s] INFO:colcon.colcon_ros.task.ament_python.build:Building ROS package in '/home/cyw/panda_vla_project/ros2_ws/src/panda_mujoco_control' with build type 'ament_python'
[0.233s] Level 1:colcon.colcon_core.shell:create_environment_hook('panda_mujoco_control', 'ament_prefix_path')
[0.234s] INFO:colcon.colcon_core.shell:Creating environment hook '/home/cyw/panda_vla_project/ros2_ws/install/panda_mujoco_control/share/panda_mujoco_control/hook/ament_prefix_path.ps1'
[0.234s] INFO:colcon.colcon_core.shell:Creating environment descriptor '/home/cyw/panda_vla_project/ros2_ws/install/panda_mujoco_control/share/panda_mujoco_control/hook/ament_prefix_path.dsv'
[0.234s] INFO:colcon.colcon_core.shell:Creating environment hook '/home/cyw/panda_vla_project/ros2_ws/install/panda_mujoco_control/share/panda_mujoco_control/hook/ament_prefix_path.sh'
[0.235s] INFO:colcon.colcon_core.shell:Skip shell extension 'powershell' for command environment: Not usable outside of PowerShell
[0.235s] DEBUG:colcon.colcon_core.shell:Skip shell extension 'dsv' for command environment
[0.241s] DEBUG:colcon.colcon_core.event_handler.log_command:Invoking command in '/home/cyw/panda_vla_project/ros2_ws/build/panda_mujoco_msgs': VIRTUAL_ENV_PROMPT=(ros2_mujoco) /home/cyw/.local/bin/cmake --build /home/cyw/panda_vla_project/ros2_ws/build/panda_mujoco_msgs -- -j16 -l16
[0.395s] INFO:colcon.colcon_core.task.python.build:Building Python package in '/home/cyw/panda_vla_project/ros2_ws/src/panda_mujoco_bringup'
[0.396s] INFO:colcon.colcon_core.shell:Skip shell extension 'powershell' for command environment: Not usable outside of PowerShell
[0.396s] DEBUG:colcon.colcon_core.shell:Skip shell extension 'dsv' for command environment
[0.553s] INFO:colcon.colcon_core.task.python.build:Building Python package in '/home/cyw/panda_vla_project/ros2_ws/src/panda_mujoco_control'
[0.553s] INFO:colcon.colcon_core.shell:Skip shell extension 'powershell' for command environment: Not usable outside of PowerShell
[0.553s] DEBUG:colcon.colcon_core.shell:Skip shell extension 'dsv' for command environment
[0.559s] DEBUG:colcon.colcon_core.event_handler.log_command:Invoked command in '/home/cyw/panda_vla_project/ros2_ws/build/panda_mujoco_msgs' returned '0': VIRTUAL_ENV_PROMPT=(ros2_mujoco) /home/cyw/.local/bin/cmake --build /home/cyw/panda_vla_project/ros2_ws/build/panda_mujoco_msgs -- -j16 -l16
[0.606s] DEBUG:colcon.colcon_core.event_handler.log_command:Invoking command in '/home/cyw/panda_vla_project/ros2_ws/build/panda_mujoco_msgs': VIRTUAL_ENV_PROMPT=(ros2_mujoco) /home/cyw/.local/bin/cmake --install /home/cyw/panda_vla_project/ros2_ws/build/panda_mujoco_msgs
[0.688s] DEBUG:colcon.colcon_core.event_handler.log_command:Invoked command in '/home/cyw/panda_vla_project/ros2_ws/build/panda_mujoco_msgs' returned '0': VIRTUAL_ENV_PROMPT=(ros2_mujoco) /home/cyw/.local/bin/cmake --install /home/cyw/panda_vla_project/ros2_ws/build/panda_mujoco_msgs
[0.689s] Level 1:colcon.colcon_core.shell:create_environment_hook('panda_mujoco_msgs', 'ros_package_path')
[0.689s] INFO:colcon.colcon_core.shell:Creating environment hook '/home/cyw/panda_vla_project/ros2_ws/install/panda_mujoco_msgs/share/panda_mujoco_msgs/hook/ros_package_path.ps1'
[0.689s] INFO:colcon.colcon_core.shell:Creating environment descriptor '/home/cyw/panda_vla_project/ros2_ws/install/panda_mujoco_msgs/share/panda_mujoco_msgs/hook/ros_package_path.dsv'
[0.690s] INFO:colcon.colcon_core.shell:Creating environment hook '/home/cyw/panda_vla_project/ros2_ws/install/panda_mujoco_msgs/share/panda_mujoco_msgs/hook/ros_package_path.sh'
[0.690s] Level 1:colcon.colcon_ros.task.catkin:checking '/home/cyw/panda_vla_project/ros2_ws/install/panda_mujoco_msgs/lib/python3.10/site-packages'
[0.690s] Level 1:colcon.colcon_core.shell:create_environment_hook('panda_mujoco_msgs', 'catkin_pythonpath')
[0.690s] INFO:colcon.colcon_core.shell:Creating environment hook '/home/cyw/panda_vla_project/ros2_ws/install/panda_mujoco_msgs/share/panda_mujoco_msgs/hook/catkin_pythonpath.ps1'
[0.690s] INFO:colcon.colcon_core.shell:Creating environment descriptor '/home/cyw/panda_vla_project/ros2_ws/install/panda_mujoco_msgs/share/panda_mujoco_msgs/hook/catkin_pythonpath.dsv'
[0.691s] INFO:colcon.colcon_core.shell:Creating environment hook '/home/cyw/panda_vla_project/ros2_ws/install/panda_mujoco_msgs/share/panda_mujoco_msgs/hook/catkin_pythonpath.sh'
[0.691s] Level 1:colcon.colcon_core.shell:create_environment_hook('panda_mujoco_msgs', 'pkg_config_path')
[0.691s] INFO:colcon.colcon_core.shell:Creating environment hook '/home/cyw/panda_vla_project/ros2_ws/install/panda_mujoco_msgs/share/panda_mujoco_msgs/hook/pkg_config_path.ps1'
[0.691s] INFO:colcon.colcon_core.shell:Creating environment descriptor '/home/cyw/panda_vla_project/ros2_ws/install/panda_mujoco_msgs/share/panda_mujoco_msgs/hook/pkg_config_path.dsv'
[0.692s] INFO:colcon.colcon_core.shell:Creating environment hook '/home/cyw/panda_vla_project/ros2_ws/install/panda_mujoco_msgs/share/panda_mujoco_msgs/hook/pkg_config_path.sh'
[0.693s] Level 1:colcon.colcon_core.shell:create_environment_hook('panda_mujoco_msgs', 'pkg_config_path_multiarch')
[0.693s] INFO:colcon.colcon_core.shell:Creating environment hook '/home/cyw/panda_vla_project/ros2_ws/install/panda_mujoco_msgs/share/panda_mujoco_msgs/hook/pkg_config_path_multiarch.ps1'
[0.694s] INFO:colcon.colcon_core.shell:Creating environment descriptor '/home/cyw/panda_vla_project/ros2_ws/install/panda_mujoco_msgs/share/panda_mujoco_msgs/hook/pkg_config_path_multiarch.dsv'
[0.694s] INFO:colcon.colcon_core.shell:Creating environment hook '/home/cyw/panda_vla_project/ros2_ws/install/panda_mujoco_msgs/share/panda_mujoco_msgs/hook/pkg_config_path_multiarch.sh'
[0.695s] Level 1:colcon.colcon_core.environment:create_environment_scripts_only(panda_mujoco_msgs)
[0.696s] Level 1:colcon.colcon_core.environment:checking '/home/cyw/panda_vla_project/ros2_ws/install/panda_mujoco_msgs' for CMake module files
[0.697s] Level 1:colcon.colcon_core.environment:checking '/home/cyw/panda_vla_project/ros2_ws/install/panda_mujoco_msgs' for CMake config files
[0.697s] Level 1:colcon.colcon_core.shell:create_environment_hook('panda_mujoco_msgs', 'cmake_prefix_path')
[0.697s] INFO:colcon.colcon_core.shell:Creating environment hook '/home/cyw/panda_vla_project/ros2_ws/install/panda_mujoco_msgs/share/panda_mujoco_msgs/hook/cmake_prefix_path.ps1'
[0.698s] INFO:colcon.colcon_core.shell:Creating environment descriptor '/home/cyw/panda_vla_project/ros2_ws/install/panda_mujoco_msgs/share/panda_mujoco_msgs/hook/cmake_prefix_path.dsv'
[0.698s] INFO:colcon.colcon_core.shell:Creating environment hook '/home/cyw/panda_vla_project/ros2_ws/install/panda_mujoco_msgs/share/panda_mujoco_msgs/hook/cmake_prefix_path.sh'
[0.698s] Level 1:colcon.colcon_core.environment:checking '/home/cyw/panda_vla_project/ros2_ws/install/panda_mujoco_msgs/lib'
[0.698s] Level 1:colcon.colcon_core.shell:create_environment_hook('panda_mujoco_msgs', 'ld_library_path_lib')
[0.699s] INFO:colcon.colcon_core.shell:Creating environment hook '/home/cyw/panda_vla_project/ros2_ws/install/panda_mujoco_msgs/share/panda_mujoco_msgs/hook/ld_library_path_lib.ps1'
[0.699s] INFO:colcon.colcon_core.shell:Creating environment descriptor '/home/cyw/panda_vla_project/ros2_ws/install/panda_mujoco_msgs/share/panda_mujoco_msgs/hook/ld_library_path_lib.dsv'
[0.699s] INFO:colcon.colcon_core.shell:Creating environment hook '/home/cyw/panda_vla_project/ros2_ws/install/panda_mujoco_msgs/share/panda_mujoco_msgs/hook/ld_library_path_lib.sh'
[0.699s] Level 1:colcon.colcon_core.environment:checking '/home/cyw/panda_vla_project/ros2_ws/install/panda_mujoco_msgs/bin'
[0.699s] Level 1:colcon.colcon_core.environment:checking '/home/cyw/panda_vla_project/ros2_ws/install/panda_mujoco_msgs/lib/pkgconfig/panda_mujoco_msgs.pc'
[0.700s] Level 1:colcon.colcon_core.environment:checking '/home/cyw/panda_vla_project/ros2_ws/install/panda_mujoco_msgs/lib/python3.10/site-packages'
[0.700s] Level 1:colcon.colcon_core.shell:create_environment_hook('panda_mujoco_msgs', 'pythonpath')
[0.700s] INFO:colcon.colcon_core.shell:Creating environment hook '/home/cyw/panda_vla_project/ros2_ws/install/panda_mujoco_msgs/share/panda_mujoco_msgs/hook/pythonpath.ps1'
[0.700s] INFO:colcon.colcon_core.shell:Creating environment descriptor '/home/cyw/panda_vla_project/ros2_ws/install/panda_mujoco_msgs/share/panda_mujoco_msgs/hook/pythonpath.dsv'
[0.700s] INFO:colcon.colcon_core.shell:Creating environment hook '/home/cyw/panda_vla_project/ros2_ws/install/panda_mujoco_msgs/share/panda_mujoco_msgs/hook/pythonpath.sh'
[0.701s] Level 1:colcon.colcon_core.environment:checking '/home/cyw/panda_vla_project/ros2_ws/install/panda_mujoco_msgs/bin'
[0.701s] INFO:colcon.colcon_core.shell:Creating package script '/home/cyw/panda_vla_project/ros2_ws/install/panda_mujoco_msgs/share/panda_mujoco_msgs/package.ps1'
[0.702s] INFO:colcon.colcon_core.shell:Creating package descriptor '/home/cyw/panda_vla_project/ros2_ws/install/panda_mujoco_msgs/share/panda_mujoco_msgs/package.dsv'
[0.702s] INFO:colcon.colcon_core.shell:Creating package script '/home/cyw/panda_vla_project/ros2_ws/install/panda_mujoco_msgs/share/panda_mujoco_msgs/package.sh'
[0.703s] INFO:colcon.colcon_core.shell:Creating package script '/home/cyw/panda_vla_project/ros2_ws/install/panda_mujoco_msgs/share/panda_mujoco_msgs/package.bash'
[0.703s] INFO:colcon.colcon_core.shell:Creating package script '/home/cyw/panda_vla_project/ros2_ws/install/panda_mujoco_msgs/share/panda_mujoco_msgs/package.zsh'
[0.704s] Level 1:colcon.colcon_core.environment:create_file_with_runtime_dependencies(/home/cyw/panda_vla_project/ros2_ws/install/panda_mujoco_msgs/share/colcon-core/packages/panda_mujoco_msgs)
[0.704s] INFO:colcon.colcon_ros.task.ament_python.build:Building ROS package in '/home/cyw/panda_vla_project/ros2_ws/src/panda_mujoco_sim' with build type 'ament_python'
[0.704s] Level 1:colcon.colcon_core.shell:create_environment_hook('panda_mujoco_sim', 'ament_prefix_path')
[0.704s] INFO:colcon.colcon_core.shell:Creating environment hook '/home/cyw/panda_vla_project/ros2_ws/install/panda_mujoco_sim/share/panda_mujoco_sim/hook/ament_prefix_path.ps1'
[0.705s] INFO:colcon.colcon_core.shell:Creating environment descriptor '/home/cyw/panda_vla_project/ros2_ws/install/panda_mujoco_sim/share/panda_mujoco_sim/hook/ament_prefix_path.dsv'
[0.705s] INFO:colcon.colcon_core.shell:Creating environment hook '/home/cyw/panda_vla_project/ros2_ws/install/panda_mujoco_sim/share/panda_mujoco_sim/hook/ament_prefix_path.sh'
[0.705s] INFO:colcon.colcon_core.shell:Skip shell extension 'powershell' for command environment: Not usable outside of PowerShell
[0.705s] DEBUG:colcon.colcon_core.shell:Skip shell extension 'dsv' for command environment
[0.897s] INFO:colcon.colcon_core.task.python.build:Building Python package in '/home/cyw/panda_vla_project/ros2_ws/src/panda_mujoco_sim'
[0.897s] INFO:colcon.colcon_core.shell:Skip shell extension 'powershell' for command environment: Not usable outside of PowerShell
[0.897s] DEBUG:colcon.colcon_core.shell:Skip shell extension 'dsv' for command environment
[0.903s] DEBUG:colcon.colcon_core.event_handler.log_command:Invoking command in '/home/cyw/panda_vla_project/ros2_ws/src/panda_mujoco_bringup': PYTHONPATH=/home/cyw/panda_vla_project/ros2_ws/build/panda_mujoco_bringup/prefix_override:/usr/lib/python3/dist-packages/colcon_core/task/python/colcon_distutils_commands:/home/cyw/panda_vla_project/ros2_ws/install/panda_mujoco_bringup/lib/python3.10/site-packages:${PYTHONPATH} VIRTUAL_ENV_PROMPT=(ros2_mujoco) /usr/bin/python3 -W ignore:setup.py install is deprecated -W ignore:easy_install command is deprecated setup.py egg_info --egg-base ../../build/panda_mujoco_bringup build --build-base /home/cyw/panda_vla_project/ros2_ws/build/panda_mujoco_bringup/build install --record /home/cyw/panda_vla_project/ros2_ws/build/panda_mujoco_bringup/install.log --single-version-externally-managed install_data
[0.904s] DEBUG:colcon.colcon_core.event_handler.log_command:Invoking command in '/home/cyw/panda_vla_project/ros2_ws/src/panda_mujoco_control': PYTHONPATH=/home/cyw/panda_vla_project/ros2_ws/build/panda_mujoco_control/prefix_override:/usr/lib/python3/dist-packages/colcon_core/task/python/colcon_distutils_commands:/home/cyw/panda_vla_project/ros2_ws/install/panda_mujoco_control/lib/python3.10/site-packages:${PYTHONPATH} VIRTUAL_ENV_PROMPT=(ros2_mujoco) /usr/bin/python3 -W ignore:setup.py install is deprecated -W ignore:easy_install command is deprecated setup.py egg_info --egg-base ../../build/panda_mujoco_control build --build-base /home/cyw/panda_vla_project/ros2_ws/build/panda_mujoco_control/build install --record /home/cyw/panda_vla_project/ros2_ws/build/panda_mujoco_control/install.log --single-version-externally-managed install_data
[1.093s] Level 1:colcon.colcon_core.environment:checking '/home/cyw/panda_vla_project/ros2_ws/install/panda_mujoco_bringup' for CMake module files
[1.094s] DEBUG:colcon.colcon_core.event_handler.log_command:Invoked command in '/home/cyw/panda_vla_project/ros2_ws/src/panda_mujoco_bringup' returned '0': PYTHONPATH=/home/cyw/panda_vla_project/ros2_ws/build/panda_mujoco_bringup/prefix_override:/usr/lib/python3/dist-packages/colcon_core/task/python/colcon_distutils_commands:/home/cyw/panda_vla_project/ros2_ws/install/panda_mujoco_bringup/lib/python3.10/site-packages:${PYTHONPATH} VIRTUAL_ENV_PROMPT=(ros2_mujoco) /usr/bin/python3 -W ignore:setup.py install is deprecated -W ignore:easy_install command is deprecated setup.py egg_info --egg-base ../../build/panda_mujoco_bringup build --build-base /home/cyw/panda_vla_project/ros2_ws/build/panda_mujoco_bringup/build install --record /home/cyw/panda_vla_project/ros2_ws/build/panda_mujoco_bringup/install.log --single-version-externally-managed install_data
[1.094s] Level 1:colcon.colcon_core.environment:checking '/home/cyw/panda_vla_project/ros2_ws/install/panda_mujoco_bringup' for CMake config files
[1.095s] Level 1:colcon.colcon_core.environment:checking '/home/cyw/panda_vla_project/ros2_ws/install/panda_mujoco_bringup/lib'
[1.095s] Level 1:colcon.colcon_core.environment:checking '/home/cyw/panda_vla_project/ros2_ws/install/panda_mujoco_bringup/bin'
[1.095s] Level 1:colcon.colcon_core.environment:checking '/home/cyw/panda_vla_project/ros2_ws/install/panda_mujoco_bringup/lib/pkgconfig/panda_mujoco_bringup.pc'
[1.095s] Level 1:colcon.colcon_core.environment:checking '/home/cyw/panda_vla_project/ros2_ws/install/panda_mujoco_bringup/lib/python3.10/site-packages'
[1.095s] Level 1:colcon.colcon_core.shell:create_environment_hook('panda_mujoco_bringup', 'pythonpath')
[1.095s] INFO:colcon.colcon_core.shell:Creating environment hook '/home/cyw/panda_vla_project/ros2_ws/install/panda_mujoco_bringup/share/panda_mujoco_bringup/hook/pythonpath.ps1'
[1.095s] INFO:colcon.colcon_core.shell:Creating environment descriptor '/home/cyw/panda_vla_project/ros2_ws/install/panda_mujoco_bringup/share/panda_mujoco_bringup/hook/pythonpath.dsv'
[1.095s] INFO:colcon.colcon_core.shell:Creating environment hook '/home/cyw/panda_vla_project/ros2_ws/install/panda_mujoco_bringup/share/panda_mujoco_bringup/hook/pythonpath.sh'
[1.096s] Level 1:colcon.colcon_core.environment:checking '/home/cyw/panda_vla_project/ros2_ws/install/panda_mujoco_bringup/bin'
[1.096s] Level 1:colcon.colcon_core.environment:create_environment_scripts_only(panda_mujoco_bringup)
[1.096s] INFO:colcon.colcon_core.shell:Creating package script '/home/cyw/panda_vla_project/ros2_ws/install/panda_mujoco_bringup/share/panda_mujoco_bringup/package.ps1'
[1.096s] INFO:colcon.colcon_core.shell:Creating package descriptor '/home/cyw/panda_vla_project/ros2_ws/install/panda_mujoco_bringup/share/panda_mujoco_bringup/package.dsv'
[1.096s] INFO:colcon.colcon_core.shell:Creating package script '/home/cyw/panda_vla_project/ros2_ws/install/panda_mujoco_bringup/share/panda_mujoco_bringup/package.sh'
[1.097s] INFO:colcon.colcon_core.shell:Creating package script '/home/cyw/panda_vla_project/ros2_ws/install/panda_mujoco_bringup/share/panda_mujoco_bringup/package.bash'
[1.097s] INFO:colcon.colcon_core.shell:Creating package script '/home/cyw/panda_vla_project/ros2_ws/install/panda_mujoco_bringup/share/panda_mujoco_bringup/package.zsh'
[1.097s] Level 1:colcon.colcon_core.environment:create_file_with_runtime_dependencies(/home/cyw/panda_vla_project/ros2_ws/install/panda_mujoco_bringup/share/colcon-core/packages/panda_mujoco_bringup)
[1.098s] Level 1:colcon.colcon_core.environment:checking '/home/cyw/panda_vla_project/ros2_ws/install/panda_mujoco_control' for CMake module files
[1.098s] DEBUG:colcon.colcon_core.event_handler.log_command:Invoked command in '/home/cyw/panda_vla_project/ros2_ws/src/panda_mujoco_control' returned '0': PYTHONPATH=/home/cyw/panda_vla_project/ros2_ws/build/panda_mujoco_control/prefix_override:/usr/lib/python3/dist-packages/colcon_core/task/python/colcon_distutils_commands:/home/cyw/panda_vla_project/ros2_ws/install/panda_mujoco_control/lib/python3.10/site-packages:${PYTHONPATH} VIRTUAL_ENV_PROMPT=(ros2_mujoco) /usr/bin/python3 -W ignore:setup.py install is deprecated -W ignore:easy_install command is deprecated setup.py egg_info --egg-base ../../build/panda_mujoco_control build --build-base /home/cyw/panda_vla_project/ros2_ws/build/panda_mujoco_control/build install --record /home/cyw/panda_vla_project/ros2_ws/build/panda_mujoco_control/install.log --single-version-externally-managed install_data
[1.099s] Level 1:colcon.colcon_core.environment:checking '/home/cyw/panda_vla_project/ros2_ws/install/panda_mujoco_control' for CMake config files
[1.099s] Level 1:colcon.colcon_core.environment:checking '/home/cyw/panda_vla_project/ros2_ws/install/panda_mujoco_control/lib'
[1.099s] Level 1:colcon.colcon_core.environment:checking '/home/cyw/panda_vla_project/ros2_ws/install/panda_mujoco_control/bin'
[1.099s] Level 1:colcon.colcon_core.environment:checking '/home/cyw/panda_vla_project/ros2_ws/install/panda_mujoco_control/lib/pkgconfig/panda_mujoco_control.pc'
[1.099s] Level 1:colcon.colcon_core.environment:checking '/home/cyw/panda_vla_project/ros2_ws/install/panda_mujoco_control/lib/python3.10/site-packages'
[1.099s] Level 1:colcon.colcon_core.shell:create_environment_hook('panda_mujoco_control', 'pythonpath')
[1.099s] INFO:colcon.colcon_core.shell:Creating environment hook '/home/cyw/panda_vla_project/ros2_ws/install/panda_mujoco_control/share/panda_mujoco_control/hook/pythonpath.ps1'
[1.099s] INFO:colcon.colcon_core.shell:Creating environment descriptor '/home/cyw/panda_vla_project/ros2_ws/install/panda_mujoco_control/share/panda_mujoco_control/hook/pythonpath.dsv'
[1.100s] INFO:colcon.colcon_core.shell:Creating environment hook '/home/cyw/panda_vla_project/ros2_ws/install/panda_mujoco_control/share/panda_mujoco_control/hook/pythonpath.sh'
[1.100s] Level 1:colcon.colcon_core.environment:checking '/home/cyw/panda_vla_project/ros2_ws/install/panda_mujoco_control/bin'
[1.100s] Level 1:colcon.colcon_core.environment:create_environment_scripts_only(panda_mujoco_control)
[1.100s] INFO:colcon.colcon_core.shell:Creating package script '/home/cyw/panda_vla_project/ros2_ws/install/panda_mujoco_control/share/panda_mujoco_control/package.ps1'
[1.100s] INFO:colcon.colcon_core.shell:Creating package descriptor '/home/cyw/panda_vla_project/ros2_ws/install/panda_mujoco_control/share/panda_mujoco_control/package.dsv'
[1.101s] INFO:colcon.colcon_core.shell:Creating package script '/home/cyw/panda_vla_project/ros2_ws/install/panda_mujoco_control/share/panda_mujoco_control/package.sh'
[1.101s] INFO:colcon.colcon_core.shell:Creating package script '/home/cyw/panda_vla_project/ros2_ws/install/panda_mujoco_control/share/panda_mujoco_control/package.bash'
[1.101s] INFO:colcon.colcon_core.shell:Creating package script '/home/cyw/panda_vla_project/ros2_ws/install/panda_mujoco_control/share/panda_mujoco_control/package.zsh'
[1.101s] Level 1:colcon.colcon_core.environment:create_file_with_runtime_dependencies(/home/cyw/panda_vla_project/ros2_ws/install/panda_mujoco_control/share/colcon-core/packages/panda_mujoco_control)
[1.136s] DEBUG:colcon.colcon_core.event_handler.log_command:Invoking command in '/home/cyw/panda_vla_project/ros2_ws/src/panda_mujoco_sim': PYTHONPATH=/home/cyw/panda_vla_project/ros2_ws/build/panda_mujoco_sim/prefix_override:/usr/lib/python3/dist-packages/colcon_core/task/python/colcon_distutils_commands:/home/cyw/panda_vla_project/ros2_ws/install/panda_mujoco_sim/lib/python3.10/site-packages:/home/cyw/panda_vla_project/ros2_ws/install/panda_mujoco_msgs/lib/python3.10/site-packages:/home/cyw/venvs/ros2_mujoco/lib/python3.10/site-packages:/home/cyw/panda_vla_project/ros2_ws/install/panda_mujoco_sim/lib/python3.10/site-packages:/home/cyw/panda_vla_project/ros2_ws/install/panda_mujoco_control/lib/python3.10/site-packages:/home/cyw/panda_vla_project/ros2_ws/install/panda_mujoco_bringup/lib/python3.10/site-packages:/home/cyw/ros2_ws/install/so101_ros2/lib/python3.10/site-packages:/opt/ros/humble/lib/python3.10/site-packages:/opt/ros/humble/local/lib/python3.10/dist-packages VIRTUAL_ENV_PROMPT=(ros2_mujoco) /usr/bin/python3 -W ignore:setup.py install is deprecated -W ignore:easy_install command is deprecated setup.py egg_info --egg-base ../../build/panda_mujoco_sim build --build-base /home/cyw/panda_vla_project/ros2_ws/build/panda_mujoco_sim/build install --record /home/cyw/panda_vla_project/ros2_ws/build/panda_mujoco_sim/install.log --single-version-externally-managed install_data
[1.300s] Level 1:colcon.colcon_core.environment:checking '/home/cyw/panda_vla_project/ros2_ws/install/panda_mujoco_sim' for CMake module files
[1.301s] DEBUG:colcon.colcon_core.event_handler.log_command:Invoked command in '/home/cyw/panda_vla_project/ros2_ws/src/panda_mujoco_sim' returned '0': PYTHONPATH=/home/cyw/panda_vla_project/ros2_ws/build/panda_mujoco_sim/prefix_override:/usr/lib/python3/dist-packages/colcon_core/task/python/colcon_distutils_commands:/home/cyw/panda_vla_project/ros2_ws/install/panda_mujoco_sim/lib/python3.10/site-packages:/home/cyw/panda_vla_project/ros2_ws/install/panda_mujoco_msgs/lib/python3.10/site-packages:/home/cyw/venvs/ros2_mujoco/lib/python3.10/site-packages:/home/cyw/panda_vla_project/ros2_ws/install/panda_mujoco_sim/lib/python3.10/site-packages:/home/cyw/panda_vla_project/ros2_ws/install/panda_mujoco_control/lib/python3.10/site-packages:/home/cyw/panda_vla_project/ros2_ws/install/panda_mujoco_bringup/lib/python3.10/site-packages:/home/cyw/ros2_ws/install/so101_ros2/lib/python3.10/site-packages:/opt/ros/humble/lib/python3.10/site-packages:/opt/ros/humble/local/lib/python3.10/dist-packages VIRTUAL_ENV_PROMPT=(ros2_mujoco) /usr/bin/python3 -W ignore:setup.py install is deprecated -W ignore:easy_install command is deprecated setup.py egg_info --egg-base ../../build/panda_mujoco_sim build --build-base /home/cyw/panda_vla_project/ros2_ws/build/panda_mujoco_sim/build install --record /home/cyw/panda_vla_project/ros2_ws/build/panda_mujoco_sim/install.log --single-version-externally-managed install_data
[1.301s] Level 1:colcon.colcon_core.environment:checking '/home/cyw/panda_vla_project/ros2_ws/install/panda_mujoco_sim' for CMake config files
[1.301s] Level 1:colcon.colcon_core.environment:checking '/home/cyw/panda_vla_project/ros2_ws/install/panda_mujoco_sim/lib'
[1.301s] Level 1:colcon.colcon_core.environment:checking '/home/cyw/panda_vla_project/ros2_ws/install/panda_mujoco_sim/bin'
[1.301s] Level 1:colcon.colcon_core.environment:checking '/home/cyw/panda_vla_project/ros2_ws/install/panda_mujoco_sim/lib/pkgconfig/panda_mujoco_sim.pc'
[1.301s] Level 1:colcon.colcon_core.environment:checking '/home/cyw/panda_vla_project/ros2_ws/install/panda_mujoco_sim/lib/python3.10/site-packages'
[1.301s] Level 1:colcon.colcon_core.shell:create_environment_hook('panda_mujoco_sim', 'pythonpath')
[1.301s] INFO:colcon.colcon_core.shell:Creating environment hook '/home/cyw/panda_vla_project/ros2_ws/install/panda_mujoco_sim/share/panda_mujoco_sim/hook/pythonpath.ps1'
[1.302s] INFO:colcon.colcon_core.shell:Creating environment descriptor '/home/cyw/panda_vla_project/ros2_ws/install/panda_mujoco_sim/share/panda_mujoco_sim/hook/pythonpath.dsv'
[1.302s] INFO:colcon.colcon_core.shell:Creating environment hook '/home/cyw/panda_vla_project/ros2_ws/install/panda_mujoco_sim/share/panda_mujoco_sim/hook/pythonpath.sh'
[1.302s] Level 1:colcon.colcon_core.environment:checking '/home/cyw/panda_vla_project/ros2_ws/install/panda_mujoco_sim/bin'
[1.302s] Level 1:colcon.colcon_core.environment:create_environment_scripts_only(panda_mujoco_sim)
[1.303s] INFO:colcon.colcon_core.shell:Creating package script '/home/cyw/panda_vla_project/ros2_ws/install/panda_mujoco_sim/share/panda_mujoco_sim/package.ps1'
[1.303s] INFO:colcon.colcon_core.shell:Creating package descriptor '/home/cyw/panda_vla_project/ros2_ws/install/panda_mujoco_sim/share/panda_mujoco_sim/package.dsv'
[1.303s] INFO:colcon.colcon_core.shell:Creating package script '/home/cyw/panda_vla_project/ros2_ws/install/panda_mujoco_sim/share/panda_mujoco_sim/package.sh'
[1.303s] INFO:colcon.colcon_core.shell:Creating package script '/home/cyw/panda_vla_project/ros2_ws/install/panda_mujoco_sim/share/panda_mujoco_sim/package.bash'
[1.303s] INFO:colcon.colcon_core.shell:Creating package script '/home/cyw/panda_vla_project/ros2_ws/install/panda_mujoco_sim/share/panda_mujoco_sim/package.zsh'
[1.304s] Level 1:colcon.colcon_core.environment:create_file_with_runtime_dependencies(/home/cyw/panda_vla_project/ros2_ws/install/panda_mujoco_sim/share/colcon-core/packages/panda_mujoco_sim)
[1.304s] DEBUG:colcon.colcon_parallel_executor.executor.parallel:closing loop
[1.304s] DEBUG:colcon.colcon_parallel_executor.executor.parallel:loop closed
[1.304s] DEBUG:colcon.colcon_parallel_executor.executor.parallel:run_until_complete finished with '0'
[1.304s] DEBUG:colcon.colcon_core.event_reactor:joining thread
[1.308s] INFO:colcon.colcon_core.plugin_system:Skipping extension 'colcon_notification.desktop_notification.terminal_notifier': Not used on non-Darwin systems
[1.308s] INFO:colcon.colcon_core.plugin_system:Skipping extension 'colcon_notification.desktop_notification.win32': Not used on non-Windows systems
[1.308s] INFO:colcon.colcon_notification.desktop_notification:Sending desktop notification using 'notify2'
[1.316s] DEBUG:colcon.colcon_core.event_reactor:joined thread
[1.316s] INFO:colcon.colcon_core.shell:Creating prefix script '/home/cyw/panda_vla_project/ros2_ws/install/local_setup.ps1'
[1.317s] INFO:colcon.colcon_core.shell:Creating prefix util module '/home/cyw/panda_vla_project/ros2_ws/install/_local_setup_util_ps1.py'
[1.317s] INFO:colcon.colcon_core.shell:Creating prefix chain script '/home/cyw/panda_vla_project/ros2_ws/install/setup.ps1'
[1.318s] INFO:colcon.colcon_core.shell:Creating prefix script '/home/cyw/panda_vla_project/ros2_ws/install/local_setup.sh'
[1.318s] INFO:colcon.colcon_core.shell:Creating prefix util module '/home/cyw/panda_vla_project/ros2_ws/install/_local_setup_util_sh.py'
[1.319s] INFO:colcon.colcon_core.shell:Creating prefix chain script '/home/cyw/panda_vla_project/ros2_ws/install/setup.sh'
[1.319s] INFO:colcon.colcon_core.shell:Creating prefix script '/home/cyw/panda_vla_project/ros2_ws/install/local_setup.bash'
[1.319s] INFO:colcon.colcon_core.shell:Creating prefix chain script '/home/cyw/panda_vla_project/ros2_ws/install/setup.bash'
[1.320s] INFO:colcon.colcon_core.shell:Creating prefix script '/home/cyw/panda_vla_project/ros2_ws/install/local_setup.zsh'
[1.320s] INFO:colcon.colcon_core.shell:Creating prefix chain script '/home/cyw/panda_vla_project/ros2_ws/install/setup.zsh'
