running egg_info
writing ../../build/panda_mujoco_control/panda_mujoco_control.egg-info/PKG-INFO
writing dependency_links to ../../build/panda_mujoco_control/panda_mujoco_control.egg-info/dependency_links.txt
writing entry points to ../../build/panda_mujoco_control/panda_mujoco_control.egg-info/entry_points.txt
writing requirements to ../../build/panda_mujoco_control/panda_mujoco_control.egg-info/requires.txt
writing top-level names to ../../build/panda_mujoco_control/panda_mujoco_control.egg-info/top_level.txt
reading manifest file '../../build/panda_mujoco_control/panda_mujoco_control.egg-info/SOURCES.txt'
writing manifest file '../../build/panda_mujoco_control/panda_mujoco_control.egg-info/SOURCES.txt'
running build
running build_py
copying panda_mujoco_control/send_ee_delta.py -> /home/cyw/panda_vla_project/ros2_ws/build/panda_mujoco_control/build/lib/panda_mujoco_control
running install
running install_lib
copying /home/cyw/panda_vla_project/ros2_ws/build/panda_mujoco_control/build/lib/panda_mujoco_control/send_ee_delta.py -> /home/cyw/panda_vla_project/ros2_ws/install/panda_mujoco_control/lib/python3.10/site-packages/panda_mujoco_control
byte-compiling /home/cyw/panda_vla_project/ros2_ws/install/panda_mujoco_control/lib/python3.10/site-packages/panda_mujoco_control/send_ee_delta.py to send_ee_delta.cpython-310.pyc
running install_data
running install_egg_info
removing '/home/cyw/panda_vla_project/ros2_ws/install/panda_mujoco_control/lib/python3.10/site-packages/panda_mujoco_control-0.0.0-py3.10.egg-info' (and everything under it)
Copying ../../build/panda_mujoco_control/panda_mujoco_control.egg-info to /home/cyw/panda_vla_project/ros2_ws/install/panda_mujoco_control/lib/python3.10/site-packages/panda_mujoco_control-0.0.0-py3.10.egg-info
running install_scripts
Installing send_ee_delta script to /home/cyw/panda_vla_project/ros2_ws/install/panda_mujoco_control/lib/panda_mujoco_control
Installing send_joint_position script to /home/cyw/panda_vla_project/ros2_ws/install/panda_mujoco_control/lib/panda_mujoco_control
writing list of installed files to '/home/cyw/panda_vla_project/ros2_ws/build/panda_mujoco_control/install.log'
