[0mCMake Deprecation Warning at CMakeLists.txt:1 (cmake_minimum_required):
  Compatibility with CMake < 3.10 will be removed from a future version of
  CMake.

  Update the VERSION argument <min> value.  Or, use the <min>...<max> syntax
  to tell CMake that the project requires at least <min> but has been updated
  to work with policies introduced by <max> or earlier.

[0m
-- Found ament_cmake: 1.3.12 (/opt/ros/humble/share/ament_cmake/cmake)
-- Found rosidl_default_generators: 1.2.0 (/opt/ros/humble/share/rosidl_default_generators/cmake)
-- Using all available rosidl_typesupport_c: rosidl_typesupport_fastrtps_c;rosidl_typesupport_introspection_c
-- Found rosidl_adapter: 3.1.7 (/opt/ros/humble/share/rosidl_adapter/cmake)
-- Using all available rosidl_typesupport_cpp: rosidl_typesupport_fastrtps_cpp;rosidl_typesupport_introspection_cpp
-- Found geometry_msgs: 4.9.0 (/opt/ros/humble/share/geometry_msgs/cmake)
-- Found ament_cmake_ros: 0.10.0 (/opt/ros/humble/share/ament_cmake_ros/cmake)
-- Using all available rosidl_typesupport_c: rosidl_typesupport_fastrtps_c;rosidl_typesupport_introspection_c
-- Using all available rosidl_typesupport_cpp: rosidl_typesupport_fastrtps_cpp;rosidl_typesupport_introspection_cpp
[33mCMake Warning (dev) at /opt/ros/humble/share/rosidl_generator_py/cmake/rosidl_generator_py_generate_interfaces.cmake:20 (find_package):
  Policy CMP0148 is not set: The FindPythonInterp and FindPythonLibs modules
  are removed.  Run "cmake --help-policy CMP0148" for policy details.  Use
  the cmake_policy command to set the policy and suppress this warning.

Call Stack (most recent call first):
  /opt/ros/humble/share/ament_cmake_core/cmake/core/ament_execute_extensions.cmake:48 (include)
  /opt/ros/humble/share/rosidl_cmake/cmake/rosidl_generate_interfaces.cmake:286 (ament_execute_extensions)
  CMakeLists.txt:14 (rosidl_generate_interfaces)
This warning is for project developers.  Use -Wno-dev to suppress it.
[0m
-- Found PythonInterp: /home/cyw/venvs/ros2_mujoco/bin/python3 (found suitable version "3.10.12", minimum required is "3.6")
-- Found python_cmake_module: 0.10.0 (/opt/ros/humble/share/python_cmake_module/cmake)
[33mCMake Warning (dev) at /opt/ros/humble/share/python_cmake_module/cmake/Modules/FindPythonExtra.cmake:52 (find_package):
  Policy CMP0148 is not set: The FindPythonInterp and FindPythonLibs modules
  are removed.  Run "cmake --help-policy CMP0148" for policy details.  Use
  the cmake_policy command to set the policy and suppress this warning.

Call Stack (most recent call first):
  /opt/ros/humble/share/rosidl_generator_py/cmake/rosidl_generator_py_generate_interfaces.cmake:23 (find_package)
  /opt/ros/humble/share/ament_cmake_core/cmake/core/ament_execute_extensions.cmake:48 (include)
  /opt/ros/humble/share/rosidl_cmake/cmake/rosidl_generate_interfaces.cmake:286 (ament_execute_extensions)
  CMakeLists.txt:14 (rosidl_generate_interfaces)
This warning is for project developers.  Use -Wno-dev to suppress it.
[0m
[33mCMake Warning (dev) at /opt/ros/humble/share/python_cmake_module/cmake/Modules/FindPythonExtra.cmake:140 (find_package):
  Policy CMP0148 is not set: The FindPythonInterp and FindPythonLibs modules
  are removed.  Run "cmake --help-policy CMP0148" for policy details.  Use
  the cmake_policy command to set the policy and suppress this warning.

Call Stack (most recent call first):
  /opt/ros/humble/share/rosidl_generator_py/cmake/rosidl_generator_py_generate_interfaces.cmake:23 (find_package)
  /opt/ros/humble/share/ament_cmake_core/cmake/core/ament_execute_extensions.cmake:48 (include)
  /opt/ros/humble/share/rosidl_cmake/cmake/rosidl_generate_interfaces.cmake:286 (ament_execute_extensions)
  CMakeLists.txt:14 (rosidl_generate_interfaces)
This warning is for project developers.  Use -Wno-dev to suppress it.
[0m
-- Found PythonLibs: /usr/lib/x86_64-linux-gnu/libpython3.10.so (found suitable version "3.10.12", minimum required is "3.5")
-- Using PYTHON_EXECUTABLE: /home/cyw/venvs/ros2_mujoco/bin/python3
-- Using PYTHON_INCLUDE_DIRS: /usr/include/python3.10
-- Using PYTHON_LIBRARIES: /usr/lib/x86_64-linux-gnu/libpython3.10.so
-- Found PythonExtra: .so
-- Found ament_lint_auto: 0.12.14 (/opt/ros/humble/share/ament_lint_auto/cmake)
-- Added test 'lint_cmake' to check CMake code style
-- Added test 'xmllint' to check XML markup files
-- Configuring done (1.3s)
[33mCMake Warning:
  Manually-specified variables were not used by the project:

    CATKIN_INSTALL_INTO_PREFIX_ROOT

[0m
-- Generating done (0.0s)
-- Build files have been written to: /home/cyw/panda_vla_project/ros2_ws/build/panda_mujoco_msgs
[  3%] [1m[34mGenerating C code for ROS interfaces[0m
[  6%] [1m[34mGenerating C++ code for ROS interfaces[0m
[  6%] Built target ament_cmake_python_copy_panda_mujoco_msgs
[  6%] Built target panda_mujoco_msgs__cpp
[ 16%] [1m[34mGenerating C++ introspection for ROS interfaces[0m
[ 16%] [1m[34mGenerating C++ type support for eProsima Fast-RTPS[0m
[ 16%] [1m[34mGenerating C++ type support dispatch for ROS interfaces[0m
[ 19%] [32mBuilding C object CMakeFiles/panda_mujoco_msgs__rosidl_generator_c.dir/rosidl_generator_c/panda_mujoco_msgs/msg/detail/ee_delta_command__functions.c.o[0m
running egg_info
creating panda_mujoco_msgs.egg-info
writing panda_mujoco_msgs.egg-info/PKG-INFO
writing dependency_links to panda_mujoco_msgs.egg-info/dependency_links.txt
writing top-level names to panda_mujoco_msgs.egg-info/top_level.txt
writing manifest file 'panda_mujoco_msgs.egg-info/SOURCES.txt'
reading manifest file 'panda_mujoco_msgs.egg-info/SOURCES.txt'
writing manifest file 'panda_mujoco_msgs.egg-info/SOURCES.txt'
[ 19%] Built target ament_cmake_python_build_panda_mujoco_msgs_egg
[ 22%] [1m[32mLinking C shared library libpanda_mujoco_msgs__rosidl_generator_c.so[0m
[ 22%] Built target panda_mujoco_msgs__rosidl_generator_c
[ 32%] [1m[34mGenerating C type support for eProsima Fast-RTPS[0m
[ 32%] [1m[34mGenerating C type support dispatch for ROS interfaces[0m
[ 32%] [1m[34mGenerating C introspection for ROS interfaces[0m
[ 35%] [32mBuilding CXX object CMakeFiles/panda_mujoco_msgs__rosidl_typesupport_cpp.dir/rosidl_typesupport_cpp/panda_mujoco_msgs/msg/ee_delta_command__type_support.cpp.o[0m
[ 38%] [32mBuilding CXX object CMakeFiles/panda_mujoco_msgs__rosidl_typesupport_introspection_cpp.dir/rosidl_typesupport_introspection_cpp/panda_mujoco_msgs/msg/detail/ee_delta_command__type_support.cpp.o[0m
[ 41%] [32mBuilding CXX object CMakeFiles/panda_mujoco_msgs__rosidl_typesupport_fastrtps_cpp.dir/rosidl_typesupport_fastrtps_cpp/panda_mujoco_msgs/msg/detail/dds_fastrtps/ee_delta_command__type_support.cpp.o[0m
[ 45%] [32mBuilding CXX object CMakeFiles/panda_mujoco_msgs__rosidl_typesupport_c.dir/rosidl_typesupport_c/panda_mujoco_msgs/msg/ee_delta_command__type_support.cpp.o[0m
[ 48%] [32mBuilding C object CMakeFiles/panda_mujoco_msgs__rosidl_typesupport_introspection_c.dir/rosidl_typesupport_introspection_c/panda_mujoco_msgs/msg/detail/ee_delta_command__type_support.c.o[0m
[ 51%] [32mBuilding CXX object CMakeFiles/panda_mujoco_msgs__rosidl_typesupport_fastrtps_c.dir/rosidl_typesupport_fastrtps_c/panda_mujoco_msgs/msg/detail/ee_delta_command__type_support_c.cpp.o[0m
[ 54%] [1m[32mLinking CXX shared library libpanda_mujoco_msgs__rosidl_typesupport_c.so[0m
[ 58%] [1m[32mLinking C shared library libpanda_mujoco_msgs__rosidl_typesupport_introspection_c.so[0m
[ 58%] Built target panda_mujoco_msgs__rosidl_typesupport_c
[ 58%] Built target panda_mujoco_msgs__rosidl_typesupport_introspection_c
[ 61%] [1m[32mLinking CXX shared library libpanda_mujoco_msgs__rosidl_typesupport_cpp.so[0m
[ 61%] Built target panda_mujoco_msgs__rosidl_typesupport_cpp
[ 64%] [1m[32mLinking CXX shared library libpanda_mujoco_msgs__rosidl_typesupport_introspection_cpp.so[0m
[ 67%] [1m[32mLinking CXX shared library libpanda_mujoco_msgs__rosidl_typesupport_fastrtps_cpp.so[0m
[ 70%] [1m[32mLinking CXX shared library libpanda_mujoco_msgs__rosidl_typesupport_fastrtps_c.so[0m
[ 70%] Built target panda_mujoco_msgs__rosidl_typesupport_introspection_cpp
[ 70%] Built target panda_mujoco_msgs__rosidl_typesupport_fastrtps_cpp
[ 70%] Built target panda_mujoco_msgs__rosidl_typesupport_fastrtps_c
[ 70%] Built target panda_mujoco_msgs
[ 74%] [1m[34mGenerating Python code for ROS interfaces[0m
[ 74%] Built target panda_mujoco_msgs__py
[ 77%] [32mBuilding C object CMakeFiles/panda_mujoco_msgs__rosidl_generator_py.dir/rosidl_generator_py/panda_mujoco_msgs/msg/_ee_delta_command_s.c.o[0m
[ 80%] [1m[32mLinking C shared library rosidl_generator_py/panda_mujoco_msgs/libpanda_mujoco_msgs__rosidl_generator_py.so[0m
[ 80%] Built target panda_mujoco_msgs__rosidl_generator_py
[ 83%] [32mBuilding C object CMakeFiles/panda_mujoco_msgs__rosidl_typesupport_fastrtps_c__pyext.dir/rosidl_generator_py/panda_mujoco_msgs/_panda_mujoco_msgs_s.ep.rosidl_typesupport_fastrtps_c.c.o[0m
[ 87%] [32mBuilding C object CMakeFiles/panda_mujoco_msgs__rosidl_typesupport_introspection_c__pyext.dir/rosidl_generator_py/panda_mujoco_msgs/_panda_mujoco_msgs_s.ep.rosidl_typesupport_introspection_c.c.o[0m
[ 90%] [32mBuilding C object CMakeFiles/panda_mujoco_msgs__rosidl_typesupport_c__pyext.dir/rosidl_generator_py/panda_mujoco_msgs/_panda_mujoco_msgs_s.ep.rosidl_typesupport_c.c.o[0m
[ 96%] [1m[32mLinking C shared library rosidl_generator_py/panda_mujoco_msgs/panda_mujoco_msgs_s__rosidl_typesupport_introspection_c.cpython-310-x86_64-linux-gnu.so[0m
[ 96%] [1m[32mLinking C shared library rosidl_generator_py/panda_mujoco_msgs/panda_mujoco_msgs_s__rosidl_typesupport_fastrtps_c.cpython-310-x86_64-linux-gnu.so[0m
[100%] [1m[32mLinking C shared library rosidl_generator_py/panda_mujoco_msgs/panda_mujoco_msgs_s__rosidl_typesupport_c.cpython-310-x86_64-linux-gnu.so[0m
[100%] Built target panda_mujoco_msgs__rosidl_typesupport_c__pyext
[100%] Built target panda_mujoco_msgs__rosidl_typesupport_fastrtps_c__pyext
[100%] Built target panda_mujoco_msgs__rosidl_typesupport_introspection_c__pyext
-- Install configuration: ""
-- Installing: /home/cyw/panda_vla_project/ros2_ws/install/panda_mujoco_msgs/share/ament_index/resource_index/rosidl_interfaces/panda_mujoco_msgs
-- Installing: /home/cyw/panda_vla_project/ros2_ws/install/panda_mujoco_msgs/include/panda_mujoco_msgs/panda_mujoco_msgs
-- Installing: /home/cyw/panda_vla_project/ros2_ws/install/panda_mujoco_msgs/include/panda_mujoco_msgs/panda_mujoco_msgs/msg
-- Installing: /home/cyw/panda_vla_project/ros2_ws/install/panda_mujoco_msgs/include/panda_mujoco_msgs/panda_mujoco_msgs/msg/rosidl_generator_c__visibility_control.h
-- Installing: /home/cyw/panda_vla_project/ros2_ws/install/panda_mujoco_msgs/include/panda_mujoco_msgs/panda_mujoco_msgs/msg/ee_delta_command.h
-- Installing: /home/cyw/panda_vla_project/ros2_ws/install/panda_mujoco_msgs/include/panda_mujoco_msgs/panda_mujoco_msgs/msg/detail
-- Installing: /home/cyw/panda_vla_project/ros2_ws/install/panda_mujoco_msgs/include/panda_mujoco_msgs/panda_mujoco_msgs/msg/detail/ee_delta_command__struct.h
-- Installing: /home/cyw/panda_vla_project/ros2_ws/install/panda_mujoco_msgs/include/panda_mujoco_msgs/panda_mujoco_msgs/msg/detail/ee_delta_command__functions.h
-- Installing: /home/cyw/panda_vla_project/ros2_ws/install/panda_mujoco_msgs/include/panda_mujoco_msgs/panda_mujoco_msgs/msg/detail/ee_delta_command__functions.c
-- Installing: /home/cyw/panda_vla_project/ros2_ws/install/panda_mujoco_msgs/include/panda_mujoco_msgs/panda_mujoco_msgs/msg/detail/ee_delta_command__type_support.h
-- Installing: /home/cyw/panda_vla_project/ros2_ws/install/panda_mujoco_msgs/share/panda_mujoco_msgs/environment/library_path.sh
-- Installing: /home/cyw/panda_vla_project/ros2_ws/install/panda_mujoco_msgs/share/panda_mujoco_msgs/environment/library_path.dsv
-- Installing: /home/cyw/panda_vla_project/ros2_ws/install/panda_mujoco_msgs/lib/libpanda_mujoco_msgs__rosidl_generator_c.so
-- Set non-toolchain portion of runtime path of "/home/cyw/panda_vla_project/ros2_ws/install/panda_mujoco_msgs/lib/libpanda_mujoco_msgs__rosidl_generator_c.so" to ""
-- Up-to-date: /home/cyw/panda_vla_project/ros2_ws/install/panda_mujoco_msgs/include/panda_mujoco_msgs/panda_mujoco_msgs
-- Up-to-date: /home/cyw/panda_vla_project/ros2_ws/install/panda_mujoco_msgs/include/panda_mujoco_msgs/panda_mujoco_msgs/msg
-- Installing: /home/cyw/panda_vla_project/ros2_ws/install/panda_mujoco_msgs/include/panda_mujoco_msgs/panda_mujoco_msgs/msg/rosidl_typesupport_fastrtps_c__visibility_control.h
-- Up-to-date: /home/cyw/panda_vla_project/ros2_ws/install/panda_mujoco_msgs/include/panda_mujoco_msgs/panda_mujoco_msgs/msg/detail
-- Installing: /home/cyw/panda_vla_project/ros2_ws/install/panda_mujoco_msgs/include/panda_mujoco_msgs/panda_mujoco_msgs/msg/detail/ee_delta_command__rosidl_typesupport_fastrtps_c.h
-- Installing: /home/cyw/panda_vla_project/ros2_ws/install/panda_mujoco_msgs/lib/libpanda_mujoco_msgs__rosidl_typesupport_fastrtps_c.so
-- Set non-toolchain portion of runtime path of "/home/cyw/panda_vla_project/ros2_ws/install/panda_mujoco_msgs/lib/libpanda_mujoco_msgs__rosidl_typesupport_fastrtps_c.so" to ""
-- Up-to-date: /home/cyw/panda_vla_project/ros2_ws/install/panda_mujoco_msgs/include/panda_mujoco_msgs/panda_mujoco_msgs
-- Up-to-date: /home/cyw/panda_vla_project/ros2_ws/install/panda_mujoco_msgs/include/panda_mujoco_msgs/panda_mujoco_msgs/msg
-- Installing: /home/cyw/panda_vla_project/ros2_ws/install/panda_mujoco_msgs/include/panda_mujoco_msgs/panda_mujoco_msgs/msg/rosidl_typesupport_introspection_c__visibility_control.h
-- Up-to-date: /home/cyw/panda_vla_project/ros2_ws/install/panda_mujoco_msgs/include/panda_mujoco_msgs/panda_mujoco_msgs/msg/detail
-- Installing: /home/cyw/panda_vla_project/ros2_ws/install/panda_mujoco_msgs/include/panda_mujoco_msgs/panda_mujoco_msgs/msg/detail/ee_delta_command__rosidl_typesupport_introspection_c.h
-- Installing: /home/cyw/panda_vla_project/ros2_ws/install/panda_mujoco_msgs/include/panda_mujoco_msgs/panda_mujoco_msgs/msg/detail/ee_delta_command__type_support.c
-- Installing: /home/cyw/panda_vla_project/ros2_ws/install/panda_mujoco_msgs/lib/libpanda_mujoco_msgs__rosidl_typesupport_introspection_c.so
-- Set non-toolchain portion of runtime path of "/home/cyw/panda_vla_project/ros2_ws/install/panda_mujoco_msgs/lib/libpanda_mujoco_msgs__rosidl_typesupport_introspection_c.so" to ""
-- Installing: /home/cyw/panda_vla_project/ros2_ws/install/panda_mujoco_msgs/lib/libpanda_mujoco_msgs__rosidl_typesupport_c.so
-- Set non-toolchain portion of runtime path of "/home/cyw/panda_vla_project/ros2_ws/install/panda_mujoco_msgs/lib/libpanda_mujoco_msgs__rosidl_typesupport_c.so" to ""
-- Up-to-date: /home/cyw/panda_vla_project/ros2_ws/install/panda_mujoco_msgs/include/panda_mujoco_msgs/panda_mujoco_msgs
-- Up-to-date: /home/cyw/panda_vla_project/ros2_ws/install/panda_mujoco_msgs/include/panda_mujoco_msgs/panda_mujoco_msgs/msg
-- Up-to-date: /home/cyw/panda_vla_project/ros2_ws/install/panda_mujoco_msgs/include/panda_mujoco_msgs/panda_mujoco_msgs/msg/detail
-- Installing: /home/cyw/panda_vla_project/ros2_ws/install/panda_mujoco_msgs/include/panda_mujoco_msgs/panda_mujoco_msgs/msg/detail/ee_delta_command__struct.hpp
-- Installing: /home/cyw/panda_vla_project/ros2_ws/install/panda_mujoco_msgs/include/panda_mujoco_msgs/panda_mujoco_msgs/msg/detail/ee_delta_command__builder.hpp
-- Installing: /home/cyw/panda_vla_project/ros2_ws/install/panda_mujoco_msgs/include/panda_mujoco_msgs/panda_mujoco_msgs/msg/detail/ee_delta_command__type_support.hpp
-- Installing: /home/cyw/panda_vla_project/ros2_ws/install/panda_mujoco_msgs/include/panda_mujoco_msgs/panda_mujoco_msgs/msg/detail/ee_delta_command__traits.hpp
-- Installing: /home/cyw/panda_vla_project/ros2_ws/install/panda_mujoco_msgs/include/panda_mujoco_msgs/panda_mujoco_msgs/msg/ee_delta_command.hpp
-- Installing: /home/cyw/panda_vla_project/ros2_ws/install/panda_mujoco_msgs/include/panda_mujoco_msgs/panda_mujoco_msgs/msg/rosidl_generator_cpp__visibility_control.hpp
-- Up-to-date: /home/cyw/panda_vla_project/ros2_ws/install/panda_mujoco_msgs/include/panda_mujoco_msgs/panda_mujoco_msgs
-- Up-to-date: /home/cyw/panda_vla_project/ros2_ws/install/panda_mujoco_msgs/include/panda_mujoco_msgs/panda_mujoco_msgs/msg
-- Installing: /home/cyw/panda_vla_project/ros2_ws/install/panda_mujoco_msgs/include/panda_mujoco_msgs/panda_mujoco_msgs/msg/rosidl_typesupport_fastrtps_cpp__visibility_control.h
-- Up-to-date: /home/cyw/panda_vla_project/ros2_ws/install/panda_mujoco_msgs/include/panda_mujoco_msgs/panda_mujoco_msgs/msg/detail
-- Installing: /home/cyw/panda_vla_project/ros2_ws/install/panda_mujoco_msgs/include/panda_mujoco_msgs/panda_mujoco_msgs/msg/detail/dds_fastrtps
-- Installing: /home/cyw/panda_vla_project/ros2_ws/install/panda_mujoco_msgs/include/panda_mujoco_msgs/panda_mujoco_msgs/msg/detail/ee_delta_command__rosidl_typesupport_fastrtps_cpp.hpp
-- Installing: /home/cyw/panda_vla_project/ros2_ws/install/panda_mujoco_msgs/lib/libpanda_mujoco_msgs__rosidl_typesupport_fastrtps_cpp.so
-- Set non-toolchain portion of runtime path of "/home/cyw/panda_vla_project/ros2_ws/install/panda_mujoco_msgs/lib/libpanda_mujoco_msgs__rosidl_typesupport_fastrtps_cpp.so" to ""
-- Up-to-date: /home/cyw/panda_vla_project/ros2_ws/install/panda_mujoco_msgs/include/panda_mujoco_msgs/panda_mujoco_msgs
-- Up-to-date: /home/cyw/panda_vla_project/ros2_ws/install/panda_mujoco_msgs/include/panda_mujoco_msgs/panda_mujoco_msgs/msg
-- Up-to-date: /home/cyw/panda_vla_project/ros2_ws/install/panda_mujoco_msgs/include/panda_mujoco_msgs/panda_mujoco_msgs/msg/detail
-- Installing: /home/cyw/panda_vla_project/ros2_ws/install/panda_mujoco_msgs/include/panda_mujoco_msgs/panda_mujoco_msgs/msg/detail/ee_delta_command__type_support.cpp
-- Installing: /home/cyw/panda_vla_project/ros2_ws/install/panda_mujoco_msgs/include/panda_mujoco_msgs/panda_mujoco_msgs/msg/detail/ee_delta_command__rosidl_typesupport_introspection_cpp.hpp
-- Installing: /home/cyw/panda_vla_project/ros2_ws/install/panda_mujoco_msgs/lib/libpanda_mujoco_msgs__rosidl_typesupport_introspection_cpp.so
-- Set non-toolchain portion of runtime path of "/home/cyw/panda_vla_project/ros2_ws/install/panda_mujoco_msgs/lib/libpanda_mujoco_msgs__rosidl_typesupport_introspection_cpp.so" to ""
-- Installing: /home/cyw/panda_vla_project/ros2_ws/install/panda_mujoco_msgs/lib/libpanda_mujoco_msgs__rosidl_typesupport_cpp.so
-- Set non-toolchain portion of runtime path of "/home/cyw/panda_vla_project/ros2_ws/install/panda_mujoco_msgs/lib/libpanda_mujoco_msgs__rosidl_typesupport_cpp.so" to ""
-- Installing: /home/cyw/panda_vla_project/ros2_ws/install/panda_mujoco_msgs/share/panda_mujoco_msgs/environment/pythonpath.sh
-- Installing: /home/cyw/panda_vla_project/ros2_ws/install/panda_mujoco_msgs/share/panda_mujoco_msgs/environment/pythonpath.dsv
-- Installing: /home/cyw/panda_vla_project/ros2_ws/install/panda_mujoco_msgs/lib/python3.10/site-packages/panda_mujoco_msgs-0.0.0-py3.10.egg-info
-- Installing: /home/cyw/panda_vla_project/ros2_ws/install/panda_mujoco_msgs/lib/python3.10/site-packages/panda_mujoco_msgs-0.0.0-py3.10.egg-info/PKG-INFO
-- Installing: /home/cyw/panda_vla_project/ros2_ws/install/panda_mujoco_msgs/lib/python3.10/site-packages/panda_mujoco_msgs-0.0.0-py3.10.egg-info/dependency_links.txt
-- Installing: /home/cyw/panda_vla_project/ros2_ws/install/panda_mujoco_msgs/lib/python3.10/site-packages/panda_mujoco_msgs-0.0.0-py3.10.egg-info/SOURCES.txt
-- Installing: /home/cyw/panda_vla_project/ros2_ws/install/panda_mujoco_msgs/lib/python3.10/site-packages/panda_mujoco_msgs-0.0.0-py3.10.egg-info/top_level.txt
-- Installing: /home/cyw/panda_vla_project/ros2_ws/install/panda_mujoco_msgs/lib/python3.10/site-packages/panda_mujoco_msgs
-- Installing: /home/cyw/panda_vla_project/ros2_ws/install/panda_mujoco_msgs/lib/python3.10/site-packages/panda_mujoco_msgs/panda_mujoco_msgs_s__rosidl_typesupport_c.cpython-310-x86_64-linux-gnu.so
-- Installing: /home/cyw/panda_vla_project/ros2_ws/install/panda_mujoco_msgs/lib/python3.10/site-packages/panda_mujoco_msgs/_panda_mujoco_msgs_s.ep.rosidl_typesupport_introspection_c.c
-- Installing: /home/cyw/panda_vla_project/ros2_ws/install/panda_mujoco_msgs/lib/python3.10/site-packages/panda_mujoco_msgs/msg
-- Installing: /home/cyw/panda_vla_project/ros2_ws/install/panda_mujoco_msgs/lib/python3.10/site-packages/panda_mujoco_msgs/msg/_ee_delta_command.py
-- Installing: /home/cyw/panda_vla_project/ros2_ws/install/panda_mujoco_msgs/lib/python3.10/site-packages/panda_mujoco_msgs/msg/__init__.py
-- Installing: /home/cyw/panda_vla_project/ros2_ws/install/panda_mujoco_msgs/lib/python3.10/site-packages/panda_mujoco_msgs/msg/_ee_delta_command_s.c
-- Installing: /home/cyw/panda_vla_project/ros2_ws/install/panda_mujoco_msgs/lib/python3.10/site-packages/panda_mujoco_msgs/libpanda_mujoco_msgs__rosidl_generator_py.so
-- Installing: /home/cyw/panda_vla_project/ros2_ws/install/panda_mujoco_msgs/lib/python3.10/site-packages/panda_mujoco_msgs/panda_mujoco_msgs_s__rosidl_typesupport_introspection_c.cpython-310-x86_64-linux-gnu.so
-- Installing: /home/cyw/panda_vla_project/ros2_ws/install/panda_mujoco_msgs/lib/python3.10/site-packages/panda_mujoco_msgs/panda_mujoco_msgs_s__rosidl_typesupport_fastrtps_c.cpython-310-x86_64-linux-gnu.so
-- Installing: /home/cyw/panda_vla_project/ros2_ws/install/panda_mujoco_msgs/lib/python3.10/site-packages/panda_mujoco_msgs/__init__.py
-- Installing: /home/cyw/panda_vla_project/ros2_ws/install/panda_mujoco_msgs/lib/python3.10/site-packages/panda_mujoco_msgs/_panda_mujoco_msgs_s.ep.rosidl_typesupport_fastrtps_c.c
-- Installing: /home/cyw/panda_vla_project/ros2_ws/install/panda_mujoco_msgs/lib/python3.10/site-packages/panda_mujoco_msgs/_panda_mujoco_msgs_s.ep.rosidl_typesupport_c.c
Listing '/home/cyw/panda_vla_project/ros2_ws/install/panda_mujoco_msgs/lib/python3.10/site-packages/panda_mujoco_msgs'...
Compiling '/home/cyw/panda_vla_project/ros2_ws/install/panda_mujoco_msgs/lib/python3.10/site-packages/panda_mujoco_msgs/__init__.py'...
Listing '/home/cyw/panda_vla_project/ros2_ws/install/panda_mujoco_msgs/lib/python3.10/site-packages/panda_mujoco_msgs/msg'...
Compiling '/home/cyw/panda_vla_project/ros2_ws/install/panda_mujoco_msgs/lib/python3.10/site-packages/panda_mujoco_msgs/msg/__init__.py'...
Compiling '/home/cyw/panda_vla_project/ros2_ws/install/panda_mujoco_msgs/lib/python3.10/site-packages/panda_mujoco_msgs/msg/_ee_delta_command.py'...
-- Installing: /home/cyw/panda_vla_project/ros2_ws/install/panda_mujoco_msgs/lib/python3.10/site-packages/panda_mujoco_msgs/panda_mujoco_msgs_s__rosidl_typesupport_fastrtps_c.cpython-310-x86_64-linux-gnu.so
-- Set non-toolchain portion of runtime path of "/home/cyw/panda_vla_project/ros2_ws/install/panda_mujoco_msgs/lib/python3.10/site-packages/panda_mujoco_msgs/panda_mujoco_msgs_s__rosidl_typesupport_fastrtps_c.cpython-310-x86_64-linux-gnu.so" to ""
-- Installing: /home/cyw/panda_vla_project/ros2_ws/install/panda_mujoco_msgs/lib/python3.10/site-packages/panda_mujoco_msgs/panda_mujoco_msgs_s__rosidl_typesupport_introspection_c.cpython-310-x86_64-linux-gnu.so
-- Set non-toolchain portion of runtime path of "/home/cyw/panda_vla_project/ros2_ws/install/panda_mujoco_msgs/lib/python3.10/site-packages/panda_mujoco_msgs/panda_mujoco_msgs_s__rosidl_typesupport_introspection_c.cpython-310-x86_64-linux-gnu.so" to ""
-- Installing: /home/cyw/panda_vla_project/ros2_ws/install/panda_mujoco_msgs/lib/python3.10/site-packages/panda_mujoco_msgs/panda_mujoco_msgs_s__rosidl_typesupport_c.cpython-310-x86_64-linux-gnu.so
-- Set non-toolchain portion of runtime path of "/home/cyw/panda_vla_project/ros2_ws/install/panda_mujoco_msgs/lib/python3.10/site-packages/panda_mujoco_msgs/panda_mujoco_msgs_s__rosidl_typesupport_c.cpython-310-x86_64-linux-gnu.so" to ""
-- Installing: /home/cyw/panda_vla_project/ros2_ws/install/panda_mujoco_msgs/lib/libpanda_mujoco_msgs__rosidl_generator_py.so
-- Set non-toolchain portion of runtime path of "/home/cyw/panda_vla_project/ros2_ws/install/panda_mujoco_msgs/lib/libpanda_mujoco_msgs__rosidl_generator_py.so" to ""
-- Installing: /home/cyw/panda_vla_project/ros2_ws/install/panda_mujoco_msgs/share/panda_mujoco_msgs/msg/EEDeltaCommand.idl
-- Installing: /home/cyw/panda_vla_project/ros2_ws/install/panda_mujoco_msgs/share/panda_mujoco_msgs/msg/EEDeltaCommand.msg
-- Installing: /home/cyw/panda_vla_project/ros2_ws/install/panda_mujoco_msgs/share/ament_index/resource_index/package_run_dependencies/panda_mujoco_msgs
-- Installing: /home/cyw/panda_vla_project/ros2_ws/install/panda_mujoco_msgs/share/ament_index/resource_index/parent_prefix_path/panda_mujoco_msgs
-- Up-to-date: /home/cyw/panda_vla_project/ros2_ws/install/panda_mujoco_msgs/share/panda_mujoco_msgs/environment/ament_prefix_path.sh
-- Installing: /home/cyw/panda_vla_project/ros2_ws/install/panda_mujoco_msgs/share/panda_mujoco_msgs/environment/ament_prefix_path.dsv
-- Up-to-date: /home/cyw/panda_vla_project/ros2_ws/install/panda_mujoco_msgs/share/panda_mujoco_msgs/environment/path.sh
-- Installing: /home/cyw/panda_vla_project/ros2_ws/install/panda_mujoco_msgs/share/panda_mujoco_msgs/environment/path.dsv
-- Up-to-date: /home/cyw/panda_vla_project/ros2_ws/install/panda_mujoco_msgs/share/panda_mujoco_msgs/local_setup.bash
-- Installing: /home/cyw/panda_vla_project/ros2_ws/install/panda_mujoco_msgs/share/panda_mujoco_msgs/local_setup.sh
-- Up-to-date: /home/cyw/panda_vla_project/ros2_ws/install/panda_mujoco_msgs/share/panda_mujoco_msgs/local_setup.zsh
-- Installing: /home/cyw/panda_vla_project/ros2_ws/install/panda_mujoco_msgs/share/panda_mujoco_msgs/local_setup.dsv
-- Installing: /home/cyw/panda_vla_project/ros2_ws/install/panda_mujoco_msgs/share/panda_mujoco_msgs/package.dsv
-- Up-to-date: /home/cyw/panda_vla_project/ros2_ws/install/panda_mujoco_msgs/share/ament_index/resource_index/packages/panda_mujoco_msgs
-- Installing: /home/cyw/panda_vla_project/ros2_ws/install/panda_mujoco_msgs/share/panda_mujoco_msgs/cmake/export_panda_mujoco_msgs__rosidl_generator_cExport.cmake
-- Installing: /home/cyw/panda_vla_project/ros2_ws/install/panda_mujoco_msgs/share/panda_mujoco_msgs/cmake/export_panda_mujoco_msgs__rosidl_generator_cExport-noconfig.cmake
-- Installing: /home/cyw/panda_vla_project/ros2_ws/install/panda_mujoco_msgs/share/panda_mujoco_msgs/cmake/export_panda_mujoco_msgs__rosidl_typesupport_fastrtps_cExport.cmake
-- Installing: /home/cyw/panda_vla_project/ros2_ws/install/panda_mujoco_msgs/share/panda_mujoco_msgs/cmake/export_panda_mujoco_msgs__rosidl_typesupport_fastrtps_cExport-noconfig.cmake
-- Installing: /home/cyw/panda_vla_project/ros2_ws/install/panda_mujoco_msgs/share/panda_mujoco_msgs/cmake/panda_mujoco_msgs__rosidl_typesupport_introspection_cExport.cmake
-- Installing: /home/cyw/panda_vla_project/ros2_ws/install/panda_mujoco_msgs/share/panda_mujoco_msgs/cmake/panda_mujoco_msgs__rosidl_typesupport_introspection_cExport-noconfig.cmake
-- Installing: /home/cyw/panda_vla_project/ros2_ws/install/panda_mujoco_msgs/share/panda_mujoco_msgs/cmake/panda_mujoco_msgs__rosidl_typesupport_cExport.cmake
-- Installing: /home/cyw/panda_vla_project/ros2_ws/install/panda_mujoco_msgs/share/panda_mujoco_msgs/cmake/panda_mujoco_msgs__rosidl_typesupport_cExport-noconfig.cmake
-- Installing: /home/cyw/panda_vla_project/ros2_ws/install/panda_mujoco_msgs/share/panda_mujoco_msgs/cmake/export_panda_mujoco_msgs__rosidl_generator_cppExport.cmake
-- Installing: /home/cyw/panda_vla_project/ros2_ws/install/panda_mujoco_msgs/share/panda_mujoco_msgs/cmake/export_panda_mujoco_msgs__rosidl_typesupport_fastrtps_cppExport.cmake
-- Installing: /home/cyw/panda_vla_project/ros2_ws/install/panda_mujoco_msgs/share/panda_mujoco_msgs/cmake/export_panda_mujoco_msgs__rosidl_typesupport_fastrtps_cppExport-noconfig.cmake
-- Installing: /home/cyw/panda_vla_project/ros2_ws/install/panda_mujoco_msgs/share/panda_mujoco_msgs/cmake/panda_mujoco_msgs__rosidl_typesupport_introspection_cppExport.cmake
-- Installing: /home/cyw/panda_vla_project/ros2_ws/install/panda_mujoco_msgs/share/panda_mujoco_msgs/cmake/panda_mujoco_msgs__rosidl_typesupport_introspection_cppExport-noconfig.cmake
-- Installing: /home/cyw/panda_vla_project/ros2_ws/install/panda_mujoco_msgs/share/panda_mujoco_msgs/cmake/panda_mujoco_msgs__rosidl_typesupport_cppExport.cmake
-- Installing: /home/cyw/panda_vla_project/ros2_ws/install/panda_mujoco_msgs/share/panda_mujoco_msgs/cmake/panda_mujoco_msgs__rosidl_typesupport_cppExport-noconfig.cmake
-- Installing: /home/cyw/panda_vla_project/ros2_ws/install/panda_mujoco_msgs/share/panda_mujoco_msgs/cmake/export_panda_mujoco_msgs__rosidl_generator_pyExport.cmake
-- Installing: /home/cyw/panda_vla_project/ros2_ws/install/panda_mujoco_msgs/share/panda_mujoco_msgs/cmake/export_panda_mujoco_msgs__rosidl_generator_pyExport-noconfig.cmake
-- Installing: /home/cyw/panda_vla_project/ros2_ws/install/panda_mujoco_msgs/share/panda_mujoco_msgs/cmake/rosidl_cmake-extras.cmake
-- Installing: /home/cyw/panda_vla_project/ros2_ws/install/panda_mujoco_msgs/share/panda_mujoco_msgs/cmake/ament_cmake_export_dependencies-extras.cmake
-- Installing: /home/cyw/panda_vla_project/ros2_ws/install/panda_mujoco_msgs/share/panda_mujoco_msgs/cmake/ament_cmake_export_include_directories-extras.cmake
-- Installing: /home/cyw/panda_vla_project/ros2_ws/install/panda_mujoco_msgs/share/panda_mujoco_msgs/cmake/ament_cmake_export_libraries-extras.cmake
-- Installing: /home/cyw/panda_vla_project/ros2_ws/install/panda_mujoco_msgs/share/panda_mujoco_msgs/cmake/ament_cmake_export_targets-extras.cmake
-- Installing: /home/cyw/panda_vla_project/ros2_ws/install/panda_mujoco_msgs/share/panda_mujoco_msgs/cmake/rosidl_cmake_export_typesupport_targets-extras.cmake
-- Installing: /home/cyw/panda_vla_project/ros2_ws/install/panda_mujoco_msgs/share/panda_mujoco_msgs/cmake/rosidl_cmake_export_typesupport_libraries-extras.cmake
-- Installing: /home/cyw/panda_vla_project/ros2_ws/install/panda_mujoco_msgs/share/panda_mujoco_msgs/cmake/panda_mujoco_msgsConfig.cmake
-- Up-to-date: /home/cyw/panda_vla_project/ros2_ws/install/panda_mujoco_msgs/share/panda_mujoco_msgs/cmake/panda_mujoco_msgsConfig-version.cmake
-- Installing: /home/cyw/panda_vla_project/ros2_ws/install/panda_mujoco_msgs/share/panda_mujoco_msgs/package.xml
