[0.393s] Invoking command in '/home/cyw/panda_vla_project/ros2_ws/src/panda_mujoco_sim': PYTHONPATH=/home/cyw/panda_vla_project/ros2_ws/build/panda_mujoco_sim/prefix_override:/usr/lib/python3/dist-packages/colcon_core/task/python/colcon_distutils_commands:/home/cyw/panda_vla_project/ros2_ws/install/panda_mujoco_sim/lib/python3.10/site-packages:/home/cyw/panda_vla_project/ros2_ws/install/panda_mujoco_msgs/lib/python3.10/site-packages:/home/cyw/panda_vla_project/ros2_ws/install/panda_mujoco_sim/lib/python3.10/site-packages:/home/cyw/panda_vla_project/ros2_ws/install/panda_mujoco_control/lib/python3.10/site-packages:/home/cyw/panda_vla_project/ros2_ws/install/panda_mujoco_bringup/lib/python3.10/site-packages:/home/cyw/venvs/ros2_mujoco/lib/python3.10/site-packages:/home/cyw/ros2_ws/install/so101_ros2/lib/python3.10/site-packages:/opt/ros/humble/lib/python3.10/site-packages:/opt/ros/humble/local/lib/python3.10/dist-packages VIRTUAL_ENV_PROMPT=(ros2_mujoco) /usr/bin/python3 -W ignore:setup.py install is deprecated -W ignore:easy_install command is deprecated setup.py egg_info --egg-base ../../build/panda_mujoco_sim build --build-base /home/cyw/panda_vla_project/ros2_ws/build/panda_mujoco_sim/build install --record /home/cyw/panda_vla_project/ros2_ws/build/panda_mujoco_sim/install.log --single-version-externally-managed install_data
[0.528s] running egg_info
[0.528s] writing ../../build/panda_mujoco_sim/panda_mujoco_sim.egg-info/PKG-INFO
[0.528s] writing dependency_links to ../../build/panda_mujoco_sim/panda_mujoco_sim.egg-info/dependency_links.txt
[0.529s] writing entry points to ../../build/panda_mujoco_sim/panda_mujoco_sim.egg-info/entry_points.txt
[0.529s] writing requirements to ../../build/panda_mujoco_sim/panda_mujoco_sim.egg-info/requires.txt
[0.529s] writing top-level names to ../../build/panda_mujoco_sim/panda_mujoco_sim.egg-info/top_level.txt
[0.529s] reading manifest file '../../build/panda_mujoco_sim/panda_mujoco_sim.egg-info/SOURCES.txt'
[0.530s] writing manifest file '../../build/panda_mujoco_sim/panda_mujoco_sim.egg-info/SOURCES.txt'
[0.530s] running build
[0.530s] running build_py
[0.530s] copying panda_mujoco_sim/panda_mujoco_node.py -> /home/cyw/panda_vla_project/ros2_ws/build/panda_mujoco_sim/build/lib/panda_mujoco_sim
[0.530s] running install
[0.530s] running install_lib
[0.531s] copying /home/cyw/panda_vla_project/ros2_ws/build/panda_mujoco_sim/build/lib/panda_mujoco_sim/panda_mujoco_node.py -> /home/cyw/panda_vla_project/ros2_ws/install/panda_mujoco_sim/lib/python3.10/site-packages/panda_mujoco_sim
[0.531s] byte-compiling /home/cyw/panda_vla_project/ros2_ws/install/panda_mujoco_sim/lib/python3.10/site-packages/panda_mujoco_sim/panda_mujoco_node.py to panda_mujoco_node.cpython-310.pyc
[0.532s] running install_data
[0.532s] running install_egg_info
[0.533s] removing '/home/cyw/panda_vla_project/ros2_ws/install/panda_mujoco_sim/lib/python3.10/site-packages/panda_mujoco_sim-0.0.0-py3.10.egg-info' (and everything under it)
[0.533s] Copying ../../build/panda_mujoco_sim/panda_mujoco_sim.egg-info to /home/cyw/panda_vla_project/ros2_ws/install/panda_mujoco_sim/lib/python3.10/site-packages/panda_mujoco_sim-0.0.0-py3.10.egg-info
[0.534s] running install_scripts
[0.546s] Installing panda_mujoco_node script to /home/cyw/panda_vla_project/ros2_ws/install/panda_mujoco_sim/lib/panda_mujoco_sim
[0.546s] writing list of installed files to '/home/cyw/panda_vla_project/ros2_ws/build/panda_mujoco_sim/install.log'
[0.562s] Invoked command in '/home/cyw/panda_vla_project/ros2_ws/src/panda_mujoco_sim' returned '0': PYTHONPATH=/home/cyw/panda_vla_project/ros2_ws/build/panda_mujoco_sim/prefix_override:/usr/lib/python3/dist-packages/colcon_core/task/python/colcon_distutils_commands:/home/cyw/panda_vla_project/ros2_ws/install/panda_mujoco_sim/lib/python3.10/site-packages:/home/cyw/panda_vla_project/ros2_ws/install/panda_mujoco_msgs/lib/python3.10/site-packages:/home/cyw/panda_vla_project/ros2_ws/install/panda_mujoco_sim/lib/python3.10/site-packages:/home/cyw/panda_vla_project/ros2_ws/install/panda_mujoco_control/lib/python3.10/site-packages:/home/cyw/panda_vla_project/ros2_ws/install/panda_mujoco_bringup/lib/python3.10/site-packages:/home/cyw/venvs/ros2_mujoco/lib/python3.10/site-packages:/home/cyw/ros2_ws/install/so101_ros2/lib/python3.10/site-packages:/opt/ros/humble/lib/python3.10/site-packages:/opt/ros/humble/local/lib/python3.10/dist-packages VIRTUAL_ENV_PROMPT=(ros2_mujoco) /usr/bin/python3 -W ignore:setup.py install is deprecated -W ignore:easy_install command is deprecated setup.py egg_info --egg-base ../../build/panda_mujoco_sim build --build-base /home/cyw/panda_vla_project/ros2_ws/build/panda_mujoco_sim/build install --record /home/cyw/panda_vla_project/ros2_ws/build/panda_mujoco_sim/install.log --single-version-externally-managed install_data
