[0.079s] DEBUG:colcon:Command line arguments: ['/usr/bin/colcon', 'build']
[0.079s] DEBUG:colcon:Parsed command line arguments: Namespace(log_base=None, log_level=None, verb_name='build', build_base='build', install_base='install', merge_install=False, symlink_install=False, test_result_base=None, continue_on_error=False, executor='parallel', parallel_workers=16, event_handlers=None, ignore_user_meta=False, metas=['./colcon.meta'], base_paths=['.'], packages_ignore=None, packages_ignore_regex=None, paths=None, packages_up_to=None, packages_up_to_regex=None, packages_above=None, packages_above_and_dependencies=None, packages_above_depth=None, packages_select_by_dep=None, packages_skip_by_dep=None, packages_skip_up_to=None, packages_select_build_failed=False, packages_skip_build_finished=False, packages_select_test_failures=False, packages_skip_test_passed=False, packages_select=None, packages_skip=None, packages_select_regex=None, packages_skip_regex=None, packages_start=None, packages_end=None, allow_overriding=[], cmake_args=None, cmake_target=None, cmake_target_skip_unavailable=False, cmake_clean_cache=False, cmake_clean_first=False, cmake_force_configure=False, ament_cmake_args=None, catkin_cmake_args=None, catkin_skip_building_tests=False, verb_parser=<colcon_defaults.argument_parser.defaults.DefaultArgumentsDecorator object at 0x715ec2f788b0>, verb_extension=<colcon_core.verb.build.BuildVerb object at 0x715ec304e470>, main=<bound method BuildVerb.main of <colcon_core.verb.build.BuildVerb object at 0x715ec304e470>>)
[0.176s] Level 1:colcon.colcon_core.package_discovery:discover_packages(colcon_meta) check parameters
[0.176s] Level 1:colcon.colcon_core.package_discovery:discover_packages(recursive) check parameters
[0.176s] Level 1:colcon.colcon_core.package_discovery:discover_packages(ignore) check parameters
[0.176s] Level 1:colcon.colcon_core.package_discovery:discover_packages(path) check parameters
[0.176s] Level 1:colcon.colcon_core.package_discovery:discover_packages(colcon_meta) discover
[0.176s] Level 1:colcon.colcon_core.package_discovery:discover_packages(recursive) discover
[0.176s] INFO:colcon.colcon_core.package_discovery:Crawling recursively for packages in '/home/cyw/panda_vla_project/ros2_ws'
[0.176s] Level 1:colcon.colcon_core.package_identification:_identify(.) by extensions ['ignore', 'ignore_ament_install']
[0.176s] Level 1:colcon.colcon_core.package_identification:_identify(.) by extension 'ignore'
[0.176s] Level 1:colcon.colcon_core.package_identification:_identify(.) by extension 'ignore_ament_install'
[0.176s] Level 1:colcon.colcon_core.package_identification:_identify(.) by extensions ['colcon_pkg']
[0.176s] Level 1:colcon.colcon_core.package_identification:_identify(.) by extension 'colcon_pkg'
[0.176s] Level 1:colcon.colcon_core.package_identification:_identify(.) by extensions ['colcon_meta']
[0.176s] Level 1:colcon.colcon_core.package_identification:_identify(.) by extension 'colcon_meta'
[0.176s] Level 1:colcon.colcon_core.package_identification:_identify(.) by extensions ['ros']
[0.176s] Level 1:colcon.colcon_core.package_identification:_identify(.) by extension 'ros'
[0.182s] Level 1:colcon.colcon_core.package_identification:_identify(.) by extensions ['cmake', 'python']
[0.182s] Level 1:colcon.colcon_core.package_identification:_identify(.) by extension 'cmake'
[0.182s] Level 1:colcon.colcon_core.package_identification:_identify(.) by extension 'python'
[0.182s] Level 1:colcon.colcon_core.package_identification:_identify(.) by extensions ['python_setup_py']
[0.182s] Level 1:colcon.colcon_core.package_identification:_identify(.) by extension 'python_setup_py'
[0.182s] Level 1:colcon.colcon_core.package_identification:_identify(build) by extensions ['ignore', 'ignore_ament_install']
[0.182s] Level 1:colcon.colcon_core.package_identification:_identify(build) by extension 'ignore'
[0.182s] Level 1:colcon.colcon_core.package_identification:_identify(build) ignored
[0.182s] Level 1:colcon.colcon_core.package_identification:_identify(install) by extensions ['ignore', 'ignore_ament_install']
[0.182s] Level 1:colcon.colcon_core.package_identification:_identify(install) by extension 'ignore'
[0.182s] Level 1:colcon.colcon_core.package_identification:_identify(install) ignored
[0.182s] Level 1:colcon.colcon_core.package_identification:_identify(log) by extensions ['ignore', 'ignore_ament_install']
[0.182s] Level 1:colcon.colcon_core.package_identification:_identify(log) by extension 'ignore'
[0.182s] Level 1:colcon.colcon_core.package_identification:_identify(log) ignored
[0.182s] Level 1:colcon.colcon_core.package_identification:_identify(src) by extensions ['ignore', 'ignore_ament_install']
[0.182s] Level 1:colcon.colcon_core.package_identification:_identify(src) by extension 'ignore'
[0.182s] Level 1:colcon.colcon_core.package_identification:_identify(src) by extension 'ignore_ament_install'
[0.182s] Level 1:colcon.colcon_core.package_identification:_identify(src) by extensions ['colcon_pkg']
[0.182s] Level 1:colcon.colcon_core.package_identification:_identify(src) by extension 'colcon_pkg'
[0.182s] Level 1:colcon.colcon_core.package_identification:_identify(src) by extensions ['colcon_meta']
[0.182s] Level 1:colcon.colcon_core.package_identification:_identify(src) by extension 'colcon_meta'
[0.182s] Level 1:colcon.colcon_core.package_identification:_identify(src) by extensions ['ros']
[0.182s] Level 1:colcon.colcon_core.package_identification:_identify(src) by extension 'ros'
[0.182s] Level 1:colcon.colcon_core.package_identification:_identify(src) by extensions ['cmake', 'python']
[0.182s] Level 1:colcon.colcon_core.package_identification:_identify(src) by extension 'cmake'
[0.182s] Level 1:colcon.colcon_core.package_identification:_identify(src) by extension 'python'
[0.182s] Level 1:colcon.colcon_core.package_identification:_identify(src) by extensions ['python_setup_py']
[0.182s] Level 1:colcon.colcon_core.package_identification:_identify(src) by extension 'python_setup_py'
[0.182s] Level 1:colcon.colcon_core.package_identification:_identify(src/panda_mujoco_bringup) by extensions ['ignore', 'ignore_ament_install']
[0.182s] Level 1:colcon.colcon_core.package_identification:_identify(src/panda_mujoco_bringup) by extension 'ignore'
[0.183s] Level 1:colcon.colcon_core.package_identification:_identify(src/panda_mujoco_bringup) by extension 'ignore_ament_install'
[0.183s] Level 1:colcon.colcon_core.package_identification:_identify(src/panda_mujoco_bringup) by extensions ['colcon_pkg']
[0.183s] Level 1:colcon.colcon_core.package_identification:_identify(src/panda_mujoco_bringup) by extension 'colcon_pkg'
[0.183s] Level 1:colcon.colcon_core.package_identification:_identify(src/panda_mujoco_bringup) by extensions ['colcon_meta']
[0.183s] Level 1:colcon.colcon_core.package_identification:_identify(src/panda_mujoco_bringup) by extension 'colcon_meta'
[0.183s] Level 1:colcon.colcon_core.package_identification:_identify(src/panda_mujoco_bringup) by extensions ['ros']
[0.183s] Level 1:colcon.colcon_core.package_identification:_identify(src/panda_mujoco_bringup) by extension 'ros'
[0.184s] DEBUG:colcon.colcon_core.package_identification:Package 'src/panda_mujoco_bringup' with type 'ros.ament_python' and name 'panda_mujoco_bringup'
[0.184s] Level 1:colcon.colcon_core.package_identification:_identify(src/panda_mujoco_control) by extensions ['ignore', 'ignore_ament_install']
[0.184s] Level 1:colcon.colcon_core.package_identification:_identify(src/panda_mujoco_control) by extension 'ignore'
[0.184s] Level 1:colcon.colcon_core.package_identification:_identify(src/panda_mujoco_control) by extension 'ignore_ament_install'
[0.184s] Level 1:colcon.colcon_core.package_identification:_identify(src/panda_mujoco_control) by extensions ['colcon_pkg']
[0.184s] Level 1:colcon.colcon_core.package_identification:_identify(src/panda_mujoco_control) by extension 'colcon_pkg'
[0.185s] Level 1:colcon.colcon_core.package_identification:_identify(src/panda_mujoco_control) by extensions ['colcon_meta']
[0.185s] Level 1:colcon.colcon_core.package_identification:_identify(src/panda_mujoco_control) by extension 'colcon_meta'
[0.185s] Level 1:colcon.colcon_core.package_identification:_identify(src/panda_mujoco_control) by extensions ['ros']
[0.185s] Level 1:colcon.colcon_core.package_identification:_identify(src/panda_mujoco_control) by extension 'ros'
[0.185s] DEBUG:colcon.colcon_core.package_identification:Package 'src/panda_mujoco_control' with type 'ros.ament_python' and name 'panda_mujoco_control'
[0.185s] Level 1:colcon.colcon_core.package_identification:_identify(src/panda_mujoco_msgs) by extensions ['ignore', 'ignore_ament_install']
[0.185s] Level 1:colcon.colcon_core.package_identification:_identify(src/panda_mujoco_msgs) by extension 'ignore'
[0.185s] Level 1:colcon.colcon_core.package_identification:_identify(src/panda_mujoco_msgs) by extension 'ignore_ament_install'
[0.185s] Level 1:colcon.colcon_core.package_identification:_identify(src/panda_mujoco_msgs) by extensions ['colcon_pkg']
[0.185s] Level 1:colcon.colcon_core.package_identification:_identify(src/panda_mujoco_msgs) by extension 'colcon_pkg'
[0.185s] Level 1:colcon.colcon_core.package_identification:_identify(src/panda_mujoco_msgs) by extensions ['colcon_meta']
[0.185s] Level 1:colcon.colcon_core.package_identification:_identify(src/panda_mujoco_msgs) by extension 'colcon_meta'
[0.185s] Level 1:colcon.colcon_core.package_identification:_identify(src/panda_mujoco_msgs) by extensions ['ros']
[0.185s] Level 1:colcon.colcon_core.package_identification:_identify(src/panda_mujoco_msgs) by extension 'ros'
[0.186s] DEBUG:colcon.colcon_core.package_identification:Package 'src/panda_mujoco_msgs' with type 'ros.ament_cmake' and name 'panda_mujoco_msgs'
[0.186s] Level 1:colcon.colcon_core.package_identification:_identify(src/panda_mujoco_sim) by extensions ['ignore', 'ignore_ament_install']
[0.186s] Level 1:colcon.colcon_core.package_identification:_identify(src/panda_mujoco_sim) by extension 'ignore'
[0.186s] Level 1:colcon.colcon_core.package_identification:_identify(src/panda_mujoco_sim) by extension 'ignore_ament_install'
[0.186s] Level 1:colcon.colcon_core.package_identification:_identify(src/panda_mujoco_sim) by extensions ['colcon_pkg']
[0.186s] Level 1:colcon.colcon_core.package_identification:_identify(src/panda_mujoco_sim) by extension 'colcon_pkg'
[0.186s] Level 1:colcon.colcon_core.package_identification:_identify(src/panda_mujoco_sim) by extensions ['colcon_meta']
[0.186s] Level 1:colcon.colcon_core.package_identification:_identify(src/panda_mujoco_sim) by extension 'colcon_meta'
[0.186s] Level 1:colcon.colcon_core.package_identification:_identify(src/panda_mujoco_sim) by extensions ['ros']
[0.186s] Level 1:colcon.colcon_core.package_identification:_identify(src/panda_mujoco_sim) by extension 'ros'
[0.186s] DEBUG:colcon.colcon_core.package_identification:Package 'src/panda_mujoco_sim' with type 'ros.ament_python' and name 'panda_mujoco_sim'
[0.186s] Level 1:colcon.colcon_core.package_discovery:discover_packages(recursive) using defaults
[0.186s] Level 1:colcon.colcon_core.package_discovery:discover_packages(ignore) discover
[0.186s] Level 1:colcon.colcon_core.package_discovery:discover_packages(ignore) using defaults
[0.186s] Level 1:colcon.colcon_core.package_discovery:discover_packages(path) discover
[0.186s] Level 1:colcon.colcon_core.package_discovery:discover_packages(path) using defaults
[0.205s] Level 1:colcon.colcon_core.package_discovery:discover_packages(prefix_path) check parameters
[0.205s] Level 1:colcon.colcon_core.package_discovery:discover_packages(prefix_path) discover
[0.207s] DEBUG:colcon.colcon_installed_package_information.package_discovery:Found 1 installed packages in /home/cyw/ros2_ws/install
[0.208s] DEBUG:colcon.colcon_installed_package_information.package_discovery:Found 371 installed packages in /opt/ros/humble
[0.209s] Level 1:colcon.colcon_core.package_discovery:discover_packages(prefix_path) using defaults
[0.231s] Level 5:colcon.colcon_core.verb:set package 'panda_mujoco_bringup' build argument 'cmake_args' from command line to 'None'
[0.231s] Level 5:colcon.colcon_core.verb:set package 'panda_mujoco_bringup' build argument 'cmake_target' from command line to 'None'
[0.231s] Level 5:colcon.colcon_core.verb:set package 'panda_mujoco_bringup' build argument 'cmake_target_skip_unavailable' from command line to 'False'
[0.231s] Level 5:colcon.colcon_core.verb:set package 'panda_mujoco_bringup' build argument 'cmake_clean_cache' from command line to 'False'
[0.231s] Level 5:colcon.colcon_core.verb:set package 'panda_mujoco_bringup' build argument 'cmake_clean_first' from command line to 'False'
[0.231s] Level 5:colcon.colcon_core.verb:set package 'panda_mujoco_bringup' build argument 'cmake_force_configure' from command line to 'False'
[0.231s] Level 5:colcon.colcon_core.verb:set package 'panda_mujoco_bringup' build argument 'ament_cmake_args' from command line to 'None'
[0.231s] Level 5:colcon.colcon_core.verb:set package 'panda_mujoco_bringup' build argument 'catkin_cmake_args' from command line to 'None'
[0.231s] Level 5:colcon.colcon_core.verb:set package 'panda_mujoco_bringup' build argument 'catkin_skip_building_tests' from command line to 'False'
[0.231s] DEBUG:colcon.colcon_core.verb:Building package 'panda_mujoco_bringup' with the following arguments: {'ament_cmake_args': None, 'build_base': '/home/cyw/panda_vla_project/ros2_ws/build/panda_mujoco_bringup', 'catkin_cmake_args': None, 'catkin_skip_building_tests': False, 'cmake_args': None, 'cmake_clean_cache': False, 'cmake_clean_first': False, 'cmake_force_configure': False, 'cmake_target': None, 'cmake_target_skip_unavailable': False, 'install_base': '/home/cyw/panda_vla_project/ros2_ws/install/panda_mujoco_bringup', 'merge_install': False, 'path': '/home/cyw/panda_vla_project/ros2_ws/src/panda_mujoco_bringup', 'symlink_install': False, 'test_result_base': None}
[0.231s] Level 5:colcon.colcon_core.verb:set package 'panda_mujoco_control' build argument 'cmake_args' from command line to 'None'
[0.232s] Level 5:colcon.colcon_core.verb:set package 'panda_mujoco_control' build argument 'cmake_target' from command line to 'None'
[0.232s] Level 5:colcon.colcon_core.verb:set package 'panda_mujoco_control' build argument 'cmake_target_skip_unavailable' from command line to 'False'
[0.232s] Level 5:colcon.colcon_core.verb:set package 'panda_mujoco_control' build argument 'cmake_clean_cache' from command line to 'False'
[0.232s] Level 5:colcon.colcon_core.verb:set package 'panda_mujoco_control' build argument 'cmake_clean_first' from command line to 'False'
[0.232s] Level 5:colcon.colcon_core.verb:set package 'panda_mujoco_control' build argument 'cmake_force_configure' from command line to 'False'
[0.232s] Level 5:colcon.colcon_core.verb:set package 'panda_mujoco_control' build argument 'ament_cmake_args' from command line to 'None'
[0.232s] Level 5:colcon.colcon_core.verb:set package 'panda_mujoco_control' build argument 'catkin_cmake_args' from command line to 'None'
[0.232s] Level 5:colcon.colcon_core.verb:set package 'panda_mujoco_control' build argument 'catkin_skip_building_tests' from command line to 'False'
[0.232s] DEBUG:colcon.colcon_core.verb:Building package 'panda_mujoco_control' with the following arguments: {'ament_cmake_args': None, 'build_base': '/home/cyw/panda_vla_project/ros2_ws/build/panda_mujoco_control', 'catkin_cmake_args': None, 'catkin_skip_building_tests': False, 'cmake_args': None, 'cmake_clean_cache': False, 'cmake_clean_first': False, 'cmake_force_configure': False, 'cmake_target': None, 'cmake_target_skip_unavailable': False, 'install_base': '/home/cyw/panda_vla_project/ros2_ws/install/panda_mujoco_control', 'merge_install': False, 'path': '/home/cyw/panda_vla_project/ros2_ws/src/panda_mujoco_control', 'symlink_install': False, 'test_result_base': None}
[0.232s] Level 5:colcon.colcon_core.verb:set package 'panda_mujoco_msgs' build argument 'cmake_args' from command line to 'None'
[0.232s] Level 5:colcon.colcon_core.verb:set package 'panda_mujoco_msgs' build argument 'cmake_target' from command line to 'None'
[0.232s] Level 5:colcon.colcon_core.verb:set package 'panda_mujoco_msgs' build argument 'cmake_target_skip_unavailable' from command line to 'False'
[0.232s] Level 5:colcon.colcon_core.verb:set package 'panda_mujoco_msgs' build argument 'cmake_clean_cache' from command line to 'False'
[0.232s] Level 5:colcon.colcon_core.verb:set package 'panda_mujoco_msgs' build argument 'cmake_clean_first' from command line to 'False'
[0.232s] Level 5:colcon.colcon_core.verb:set package 'panda_mujoco_msgs' build argument 'cmake_force_configure' from command line to 'False'
[0.232s] Level 5:colcon.colcon_core.verb:set package 'panda_mujoco_msgs' build argument 'ament_cmake_args' from command line to 'None'
[0.232s] Level 5:colcon.colcon_core.verb:set package 'panda_mujoco_msgs' build argument 'catkin_cmake_args' from command line to 'None'
[0.232s] Level 5:colcon.colcon_core.verb:set package 'panda_mujoco_msgs' build argument 'catkin_skip_building_tests' from command line to 'False'
[0.232s] DEBUG:colcon.colcon_core.verb:Building package 'panda_mujoco_msgs' with the following arguments: {'ament_cmake_args': None, 'build_base': '/home/cyw/panda_vla_project/ros2_ws/build/panda_mujoco_msgs', 'catkin_cmake_args': None, 'catkin_skip_building_tests': False, 'cmake_args': None, 'cmake_clean_cache': False, 'cmake_clean_first': False, 'cmake_force_configure': False, 'cmake_target': None, 'cmake_target_skip_unavailable': False, 'install_base': '/home/cyw/panda_vla_project/ros2_ws/install/panda_mujoco_msgs', 'merge_install': False, 'path': '/home/cyw/panda_vla_project/ros2_ws/src/panda_mujoco_msgs', 'symlink_install': False, 'test_result_base': None}
[0.232s] Level 5:colcon.colcon_core.verb:set package 'panda_mujoco_sim' build argument 'cmake_args' from command line to 'None'
[0.232s] Level 5:colcon.colcon_core.verb:set package 'panda_mujoco_sim' build argument 'cmake_target' from command line to 'None'
[0.232s] Level 5:colcon.colcon_core.verb:set package 'panda_mujoco_sim' build argument 'cmake_target_skip_unavailable' from command line to 'False'
[0.232s] Level 5:colcon.colcon_core.verb:set package 'panda_mujoco_sim' build argument 'cmake_clean_cache' from command line to 'False'
[0.232s] Level 5:colcon.colcon_core.verb:set package 'panda_mujoco_sim' build argument 'cmake_clean_first' from command line to 'False'
[0.232s] Level 5:colcon.colcon_core.verb:set package 'panda_mujoco_sim' build argument 'cmake_force_configure' from command line to 'False'
[0.232s] Level 5:colcon.colcon_core.verb:set package 'panda_mujoco_sim' build argument 'ament_cmake_args' from command line to 'None'
[0.232s] Level 5:colcon.colcon_core.verb:set package 'panda_mujoco_sim' build argument 'catkin_cmake_args' from command line to 'None'
[0.232s] Level 5:colcon.colcon_core.verb:set package 'panda_mujoco_sim' build argument 'catkin_skip_building_tests' from command line to 'False'
[0.232s] DEBUG:colcon.colcon_core.verb:Building package 'panda_mujoco_sim' with the following arguments: {'ament_cmake_args': None, 'build_base': '/home/cyw/panda_vla_project/ros2_ws/build/panda_mujoco_sim', 'catkin_cmake_args': None, 'catkin_skip_building_tests': False, 'cmake_args': None, 'cmake_clean_cache': False, 'cmake_clean_first': False, 'cmake_force_configure': False, 'cmake_target': None, 'cmake_target_skip_unavailable': False, 'install_base': '/home/cyw/panda_vla_project/ros2_ws/install/panda_mujoco_sim', 'merge_install': False, 'path': '/home/cyw/panda_vla_project/ros2_ws/src/panda_mujoco_sim', 'symlink_install': False, 'test_result_base': None}
[0.232s] INFO:colcon.colcon_core.executor:Executing jobs using 'parallel' executor
[0.233s] DEBUG:colcon.colcon_parallel_executor.executor.parallel:run_until_complete
[0.233s] INFO:colcon.colcon_ros.task.ament_python.build:Building ROS package in '/home/cyw/panda_vla_project/ros2_ws/src/panda_mujoco_bringup' with build type 'ament_python'
[0.233s] Level 1:colcon.colcon_core.shell:create_environment_hook('panda_mujoco_bringup', 'ament_prefix_path')
[0.235s] INFO:colcon.colcon_core.plugin_system:Skipping extension 'colcon_core.shell.bat': Not used on non-Windows systems
[0.236s] INFO:colcon.colcon_core.shell:Creating environment hook '/home/cyw/panda_vla_project/ros2_ws/install/panda_mujoco_bringup/share/panda_mujoco_bringup/hook/ament_prefix_path.ps1'
[0.236s] INFO:colcon.colcon_core.shell:Creating environment descriptor '/home/cyw/panda_vla_project/ros2_ws/install/panda_mujoco_bringup/share/panda_mujoco_bringup/hook/ament_prefix_path.dsv'
[0.237s] INFO:colcon.colcon_core.shell:Creating environment hook '/home/cyw/panda_vla_project/ros2_ws/install/panda_mujoco_bringup/share/panda_mujoco_bringup/hook/ament_prefix_path.sh'
[0.237s] INFO:colcon.colcon_core.shell:Skip shell extension 'powershell' for command environment: Not usable outside of PowerShell
[0.237s] DEBUG:colcon.colcon_core.shell:Skip shell extension 'dsv' for command environment
[0.240s] INFO:colcon.colcon_ros.task.ament_python.build:Building ROS package in '/home/cyw/panda_vla_project/ros2_ws/src/panda_mujoco_control' with build type 'ament_python'
[0.240s] Level 1:colcon.colcon_core.shell:create_environment_hook('panda_mujoco_control', 'ament_prefix_path')
[0.240s] INFO:colcon.colcon_core.shell:Creating environment hook '/home/cyw/panda_vla_project/ros2_ws/install/panda_mujoco_control/share/panda_mujoco_control/hook/ament_prefix_path.ps1'
[0.241s] INFO:colcon.colcon_core.shell:Creating environment descriptor '/home/cyw/panda_vla_project/ros2_ws/install/panda_mujoco_control/share/panda_mujoco_control/hook/ament_prefix_path.dsv'
[0.241s] INFO:colcon.colcon_core.shell:Creating environment hook '/home/cyw/panda_vla_project/ros2_ws/install/panda_mujoco_control/share/panda_mujoco_control/hook/ament_prefix_path.sh'
[0.242s] INFO:colcon.colcon_core.shell:Skip shell extension 'powershell' for command environment: Not usable outside of PowerShell
[0.242s] DEBUG:colcon.colcon_core.shell:Skip shell extension 'dsv' for command environment
[0.244s] INFO:colcon.colcon_ros.task.ament_cmake.build:Building ROS package in '/home/cyw/panda_vla_project/ros2_ws/src/panda_mujoco_msgs' with build type 'ament_cmake'
[0.244s] INFO:colcon.colcon_cmake.task.cmake.build:Building CMake package in '/home/cyw/panda_vla_project/ros2_ws/src/panda_mujoco_msgs'
[0.244s] INFO:colcon.colcon_core.shell:Skip shell extension 'powershell' for command environment: Not usable outside of PowerShell
[0.244s] DEBUG:colcon.colcon_core.shell:Skip shell extension 'dsv' for command environment
[0.246s] INFO:colcon.colcon_ros.task.ament_python.build:Building ROS package in '/home/cyw/panda_vla_project/ros2_ws/src/panda_mujoco_sim' with build type 'ament_python'
[0.246s] Level 1:colcon.colcon_core.shell:create_environment_hook('panda_mujoco_sim', 'ament_prefix_path')
[0.247s] INFO:colcon.colcon_core.shell:Creating environment hook '/home/cyw/panda_vla_project/ros2_ws/install/panda_mujoco_sim/share/panda_mujoco_sim/hook/ament_prefix_path.ps1'
[0.247s] INFO:colcon.colcon_core.shell:Creating environment descriptor '/home/cyw/panda_vla_project/ros2_ws/install/panda_mujoco_sim/share/panda_mujoco_sim/hook/ament_prefix_path.dsv'
[0.247s] INFO:colcon.colcon_core.shell:Creating environment hook '/home/cyw/panda_vla_project/ros2_ws/install/panda_mujoco_sim/share/panda_mujoco_sim/hook/ament_prefix_path.sh'
[0.248s] INFO:colcon.colcon_core.shell:Skip shell extension 'powershell' for command environment: Not usable outside of PowerShell
[0.248s] DEBUG:colcon.colcon_core.shell:Skip shell extension 'dsv' for command environment
[0.388s] INFO:colcon.colcon_core.task.python.build:Building Python package in '/home/cyw/panda_vla_project/ros2_ws/src/panda_mujoco_bringup'
[0.389s] INFO:colcon.colcon_core.shell:Skip shell extension 'powershell' for command environment: Not usable outside of PowerShell
[0.389s] DEBUG:colcon.colcon_core.shell:Skip shell extension 'dsv' for command environment
[0.523s] INFO:colcon.colcon_core.task.python.build:Building Python package in '/home/cyw/panda_vla_project/ros2_ws/src/panda_mujoco_control'
[0.523s] INFO:colcon.colcon_core.shell:Skip shell extension 'powershell' for command environment: Not usable outside of PowerShell
[0.524s] DEBUG:colcon.colcon_core.shell:Skip shell extension 'dsv' for command environment
[0.527s] DEBUG:colcon.colcon_core.event_handler.log_command:Invoking command in '/home/cyw/panda_vla_project/ros2_ws/build/panda_mujoco_msgs': CMAKE_PREFIX_PATH=/home/cyw/ros2_ws/install/so101_ros2:/opt/ros/humble VIRTUAL_ENV_PROMPT=(ros2_mujoco) /home/cyw/.local/bin/cmake /home/cyw/panda_vla_project/ros2_ws/src/panda_mujoco_msgs -DCMAKE_INSTALL_PREFIX=/home/cyw/panda_vla_project/ros2_ws/install/panda_mujoco_msgs
[0.673s] INFO:colcon.colcon_core.task.python.build:Building Python package in '/home/cyw/panda_vla_project/ros2_ws/src/panda_mujoco_sim'
[0.674s] INFO:colcon.colcon_core.shell:Skip shell extension 'powershell' for command environment: Not usable outside of PowerShell
[0.674s] DEBUG:colcon.colcon_core.shell:Skip shell extension 'dsv' for command environment
[0.904s] DEBUG:colcon.colcon_core.event_handler.log_command:Invoking command in '/home/cyw/panda_vla_project/ros2_ws/src/panda_mujoco_bringup': PYTHONPATH=/home/cyw/panda_vla_project/ros2_ws/build/panda_mujoco_bringup/prefix_override:/usr/lib/python3/dist-packages/colcon_core/task/python/colcon_distutils_commands:/home/cyw/panda_vla_project/ros2_ws/install/panda_mujoco_bringup/lib/python3.10/site-packages:${PYTHONPATH} VIRTUAL_ENV_PROMPT=(ros2_mujoco) /usr/bin/python3 -W ignore:setup.py install is deprecated -W ignore:easy_install command is deprecated setup.py egg_info --egg-base ../../build/panda_mujoco_bringup build --build-base /home/cyw/panda_vla_project/ros2_ws/build/panda_mujoco_bringup/build install --record /home/cyw/panda_vla_project/ros2_ws/build/panda_mujoco_bringup/install.log --single-version-externally-managed install_data
[0.905s] DEBUG:colcon.colcon_core.event_handler.log_command:Invoking command in '/home/cyw/panda_vla_project/ros2_ws/src/panda_mujoco_control': PYTHONPATH=/home/cyw/panda_vla_project/ros2_ws/build/panda_mujoco_control/prefix_override:/usr/lib/python3/dist-packages/colcon_core/task/python/colcon_distutils_commands:/home/cyw/panda_vla_project/ros2_ws/install/panda_mujoco_control/lib/python3.10/site-packages:${PYTHONPATH} VIRTUAL_ENV_PROMPT=(ros2_mujoco) /usr/bin/python3 -W ignore:setup.py install is deprecated -W ignore:easy_install command is deprecated setup.py egg_info --egg-base ../../build/panda_mujoco_control build --build-base /home/cyw/panda_vla_project/ros2_ws/build/panda_mujoco_control/build install --record /home/cyw/panda_vla_project/ros2_ws/build/panda_mujoco_control/install.log --single-version-externally-managed install_data
[0.907s] DEBUG:colcon.colcon_core.event_handler.log_command:Invoking command in '/home/cyw/panda_vla_project/ros2_ws/src/panda_mujoco_sim': PYTHONPATH=/home/cyw/panda_vla_project/ros2_ws/build/panda_mujoco_sim/prefix_override:/usr/lib/python3/dist-packages/colcon_core/task/python/colcon_distutils_commands:/home/cyw/panda_vla_project/ros2_ws/install/panda_mujoco_sim/lib/python3.10/site-packages:${PYTHONPATH} VIRTUAL_ENV_PROMPT=(ros2_mujoco) /usr/bin/python3 -W ignore:setup.py install is deprecated -W ignore:easy_install command is deprecated setup.py egg_info --egg-base ../../build/panda_mujoco_sim build --build-base /home/cyw/panda_vla_project/ros2_ws/build/panda_mujoco_sim/build install --record /home/cyw/panda_vla_project/ros2_ws/build/panda_mujoco_sim/install.log --single-version-externally-managed install_data
[1.075s] DEBUG:colcon.colcon_core.event_handler.log_command:Invoked command in '/home/cyw/panda_vla_project/ros2_ws/src/panda_mujoco_control' returned '0': PYTHONPATH=/home/cyw/panda_vla_project/ros2_ws/build/panda_mujoco_control/prefix_override:/usr/lib/python3/dist-packages/colcon_core/task/python/colcon_distutils_commands:/home/cyw/panda_vla_project/ros2_ws/install/panda_mujoco_control/lib/python3.10/site-packages:${PYTHONPATH} VIRTUAL_ENV_PROMPT=(ros2_mujoco) /usr/bin/python3 -W ignore:setup.py install is deprecated -W ignore:easy_install command is deprecated setup.py egg_info --egg-base ../../build/panda_mujoco_control build --build-base /home/cyw/panda_vla_project/ros2_ws/build/panda_mujoco_control/build install --record /home/cyw/panda_vla_project/ros2_ws/build/panda_mujoco_control/install.log --single-version-externally-managed install_data
[1.078s] Level 1:colcon.colcon_core.environment:checking '/home/cyw/panda_vla_project/ros2_ws/install/panda_mujoco_control' for CMake module files
[1.078s] Level 1:colcon.colcon_core.environment:checking '/home/cyw/panda_vla_project/ros2_ws/install/panda_mujoco_control' for CMake config files
[1.079s] Level 1:colcon.colcon_core.environment:checking '/home/cyw/panda_vla_project/ros2_ws/install/panda_mujoco_control/lib'
[1.079s] Level 1:colcon.colcon_core.environment:checking '/home/cyw/panda_vla_project/ros2_ws/install/panda_mujoco_control/bin'
[1.079s] Level 1:colcon.colcon_core.environment:checking '/home/cyw/panda_vla_project/ros2_ws/install/panda_mujoco_control/lib/pkgconfig/panda_mujoco_control.pc'
[1.079s] Level 1:colcon.colcon_core.environment:checking '/home/cyw/panda_vla_project/ros2_ws/install/panda_mujoco_control/lib/python3.10/site-packages'
[1.079s] Level 1:colcon.colcon_core.shell:create_environment_hook('panda_mujoco_control', 'pythonpath')
[1.079s] INFO:colcon.colcon_core.shell:Creating environment hook '/home/cyw/panda_vla_project/ros2_ws/install/panda_mujoco_control/share/panda_mujoco_control/hook/pythonpath.ps1'
[1.080s] INFO:colcon.colcon_core.shell:Creating environment descriptor '/home/cyw/panda_vla_project/ros2_ws/install/panda_mujoco_control/share/panda_mujoco_control/hook/pythonpath.dsv'
[1.080s] INFO:colcon.colcon_core.shell:Creating environment hook '/home/cyw/panda_vla_project/ros2_ws/install/panda_mujoco_control/share/panda_mujoco_control/hook/pythonpath.sh'
[1.080s] Level 1:colcon.colcon_core.environment:checking '/home/cyw/panda_vla_project/ros2_ws/install/panda_mujoco_control/bin'
[1.080s] Level 1:colcon.colcon_core.environment:create_environment_scripts_only(panda_mujoco_control)
[1.080s] INFO:colcon.colcon_core.shell:Creating package script '/home/cyw/panda_vla_project/ros2_ws/install/panda_mujoco_control/share/panda_mujoco_control/package.ps1'
[1.081s] INFO:colcon.colcon_core.shell:Creating package descriptor '/home/cyw/panda_vla_project/ros2_ws/install/panda_mujoco_control/share/panda_mujoco_control/package.dsv'
[1.082s] INFO:colcon.colcon_core.shell:Creating package script '/home/cyw/panda_vla_project/ros2_ws/install/panda_mujoco_control/share/panda_mujoco_control/package.sh'
[1.082s] INFO:colcon.colcon_core.shell:Creating package script '/home/cyw/panda_vla_project/ros2_ws/install/panda_mujoco_control/share/panda_mujoco_control/package.bash'
[1.083s] INFO:colcon.colcon_core.shell:Creating package script '/home/cyw/panda_vla_project/ros2_ws/install/panda_mujoco_control/share/panda_mujoco_control/package.zsh'
[1.084s] Level 1:colcon.colcon_core.environment:create_file_with_runtime_dependencies(/home/cyw/panda_vla_project/ros2_ws/install/panda_mujoco_control/share/colcon-core/packages/panda_mujoco_control)
[1.084s] Level 1:colcon.colcon_core.environment:checking '/home/cyw/panda_vla_project/ros2_ws/install/panda_mujoco_bringup' for CMake module files
[1.085s] DEBUG:colcon.colcon_core.event_handler.log_command:Invoked command in '/home/cyw/panda_vla_project/ros2_ws/src/panda_mujoco_bringup' returned '0': PYTHONPATH=/home/cyw/panda_vla_project/ros2_ws/build/panda_mujoco_bringup/prefix_override:/usr/lib/python3/dist-packages/colcon_core/task/python/colcon_distutils_commands:/home/cyw/panda_vla_project/ros2_ws/install/panda_mujoco_bringup/lib/python3.10/site-packages:${PYTHONPATH} VIRTUAL_ENV_PROMPT=(ros2_mujoco) /usr/bin/python3 -W ignore:setup.py install is deprecated -W ignore:easy_install command is deprecated setup.py egg_info --egg-base ../../build/panda_mujoco_bringup build --build-base /home/cyw/panda_vla_project/ros2_ws/build/panda_mujoco_bringup/build install --record /home/cyw/panda_vla_project/ros2_ws/build/panda_mujoco_bringup/install.log --single-version-externally-managed install_data
[1.085s] Level 1:colcon.colcon_core.environment:checking '/home/cyw/panda_vla_project/ros2_ws/install/panda_mujoco_bringup' for CMake config files
[1.085s] Level 1:colcon.colcon_core.environment:checking '/home/cyw/panda_vla_project/ros2_ws/install/panda_mujoco_bringup/lib'
[1.085s] Level 1:colcon.colcon_core.environment:checking '/home/cyw/panda_vla_project/ros2_ws/install/panda_mujoco_bringup/bin'
[1.085s] Level 1:colcon.colcon_core.environment:checking '/home/cyw/panda_vla_project/ros2_ws/install/panda_mujoco_bringup/lib/pkgconfig/panda_mujoco_bringup.pc'
[1.085s] Level 1:colcon.colcon_core.environment:checking '/home/cyw/panda_vla_project/ros2_ws/install/panda_mujoco_bringup/lib/python3.10/site-packages'
[1.085s] Level 1:colcon.colcon_core.shell:create_environment_hook('panda_mujoco_bringup', 'pythonpath')
[1.086s] INFO:colcon.colcon_core.shell:Creating environment hook '/home/cyw/panda_vla_project/ros2_ws/install/panda_mujoco_bringup/share/panda_mujoco_bringup/hook/pythonpath.ps1'
[1.086s] INFO:colcon.colcon_core.shell:Creating environment descriptor '/home/cyw/panda_vla_project/ros2_ws/install/panda_mujoco_bringup/share/panda_mujoco_bringup/hook/pythonpath.dsv'
[1.086s] INFO:colcon.colcon_core.shell:Creating environment hook '/home/cyw/panda_vla_project/ros2_ws/install/panda_mujoco_bringup/share/panda_mujoco_bringup/hook/pythonpath.sh'
[1.086s] Level 1:colcon.colcon_core.environment:checking '/home/cyw/panda_vla_project/ros2_ws/install/panda_mujoco_bringup/bin'
[1.086s] Level 1:colcon.colcon_core.environment:create_environment_scripts_only(panda_mujoco_bringup)
[1.087s] INFO:colcon.colcon_core.shell:Creating package script '/home/cyw/panda_vla_project/ros2_ws/install/panda_mujoco_bringup/share/panda_mujoco_bringup/package.ps1'
[1.087s] INFO:colcon.colcon_core.shell:Creating package descriptor '/home/cyw/panda_vla_project/ros2_ws/install/panda_mujoco_bringup/share/panda_mujoco_bringup/package.dsv'
[1.087s] INFO:colcon.colcon_core.shell:Creating package script '/home/cyw/panda_vla_project/ros2_ws/install/panda_mujoco_bringup/share/panda_mujoco_bringup/package.sh'
[1.087s] INFO:colcon.colcon_core.shell:Creating package script '/home/cyw/panda_vla_project/ros2_ws/install/panda_mujoco_bringup/share/panda_mujoco_bringup/package.bash'
[1.087s] INFO:colcon.colcon_core.shell:Creating package script '/home/cyw/panda_vla_project/ros2_ws/install/panda_mujoco_bringup/share/panda_mujoco_bringup/package.zsh'
[1.088s] Level 1:colcon.colcon_core.environment:create_file_with_runtime_dependencies(/home/cyw/panda_vla_project/ros2_ws/install/panda_mujoco_bringup/share/colcon-core/packages/panda_mujoco_bringup)
[1.088s] Level 1:colcon.colcon_core.environment:checking '/home/cyw/panda_vla_project/ros2_ws/install/panda_mujoco_sim' for CMake module files
[1.089s] DEBUG:colcon.colcon_core.event_handler.log_command:Invoked command in '/home/cyw/panda_vla_project/ros2_ws/src/panda_mujoco_sim' returned '0': PYTHONPATH=/home/cyw/panda_vla_project/ros2_ws/build/panda_mujoco_sim/prefix_override:/usr/lib/python3/dist-packages/colcon_core/task/python/colcon_distutils_commands:/home/cyw/panda_vla_project/ros2_ws/install/panda_mujoco_sim/lib/python3.10/site-packages:${PYTHONPATH} VIRTUAL_ENV_PROMPT=(ros2_mujoco) /usr/bin/python3 -W ignore:setup.py install is deprecated -W ignore:easy_install command is deprecated setup.py egg_info --egg-base ../../build/panda_mujoco_sim build --build-base /home/cyw/panda_vla_project/ros2_ws/build/panda_mujoco_sim/build install --record /home/cyw/panda_vla_project/ros2_ws/build/panda_mujoco_sim/install.log --single-version-externally-managed install_data
[1.089s] Level 1:colcon.colcon_core.environment:checking '/home/cyw/panda_vla_project/ros2_ws/install/panda_mujoco_sim' for CMake config files
[1.089s] Level 1:colcon.colcon_core.environment:checking '/home/cyw/panda_vla_project/ros2_ws/install/panda_mujoco_sim/lib'
[1.089s] Level 1:colcon.colcon_core.environment:checking '/home/cyw/panda_vla_project/ros2_ws/install/panda_mujoco_sim/bin'
[1.089s] Level 1:colcon.colcon_core.environment:checking '/home/cyw/panda_vla_project/ros2_ws/install/panda_mujoco_sim/lib/pkgconfig/panda_mujoco_sim.pc'
[1.090s] Level 1:colcon.colcon_core.environment:checking '/home/cyw/panda_vla_project/ros2_ws/install/panda_mujoco_sim/lib/python3.10/site-packages'
[1.090s] Level 1:colcon.colcon_core.shell:create_environment_hook('panda_mujoco_sim', 'pythonpath')
[1.090s] INFO:colcon.colcon_core.shell:Creating environment hook '/home/cyw/panda_vla_project/ros2_ws/install/panda_mujoco_sim/share/panda_mujoco_sim/hook/pythonpath.ps1'
[1.090s] INFO:colcon.colcon_core.shell:Creating environment descriptor '/home/cyw/panda_vla_project/ros2_ws/install/panda_mujoco_sim/share/panda_mujoco_sim/hook/pythonpath.dsv'
[1.090s] INFO:colcon.colcon_core.shell:Creating environment hook '/home/cyw/panda_vla_project/ros2_ws/install/panda_mujoco_sim/share/panda_mujoco_sim/hook/pythonpath.sh'
[1.091s] Level 1:colcon.colcon_core.environment:checking '/home/cyw/panda_vla_project/ros2_ws/install/panda_mujoco_sim/bin'
[1.091s] Level 1:colcon.colcon_core.environment:create_environment_scripts_only(panda_mujoco_sim)
[1.091s] INFO:colcon.colcon_core.shell:Creating package script '/home/cyw/panda_vla_project/ros2_ws/install/panda_mujoco_sim/share/panda_mujoco_sim/package.ps1'
[1.091s] INFO:colcon.colcon_core.shell:Creating package descriptor '/home/cyw/panda_vla_project/ros2_ws/install/panda_mujoco_sim/share/panda_mujoco_sim/package.dsv'
[1.091s] INFO:colcon.colcon_core.shell:Creating package script '/home/cyw/panda_vla_project/ros2_ws/install/panda_mujoco_sim/share/panda_mujoco_sim/package.sh'
[1.092s] INFO:colcon.colcon_core.shell:Creating package script '/home/cyw/panda_vla_project/ros2_ws/install/panda_mujoco_sim/share/panda_mujoco_sim/package.bash'
[1.092s] INFO:colcon.colcon_core.shell:Creating package script '/home/cyw/panda_vla_project/ros2_ws/install/panda_mujoco_sim/share/panda_mujoco_sim/package.zsh'
[1.092s] Level 1:colcon.colcon_core.environment:create_file_with_runtime_dependencies(/home/cyw/panda_vla_project/ros2_ws/install/panda_mujoco_sim/share/colcon-core/packages/panda_mujoco_sim)
[1.256s] DEBUG:colcon.colcon_core.event_handler.log_command:Invoked command in '/home/cyw/panda_vla_project/ros2_ws/build/panda_mujoco_msgs' returned '0': CMAKE_PREFIX_PATH=/home/cyw/ros2_ws/install/so101_ros2:/opt/ros/humble VIRTUAL_ENV_PROMPT=(ros2_mujoco) /home/cyw/.local/bin/cmake /home/cyw/panda_vla_project/ros2_ws/src/panda_mujoco_msgs -DCMAKE_INSTALL_PREFIX=/home/cyw/panda_vla_project/ros2_ws/install/panda_mujoco_msgs
[1.257s] DEBUG:colcon.colcon_core.event_handler.log_command:Invoking command in '/home/cyw/panda_vla_project/ros2_ws/build/panda_mujoco_msgs': CMAKE_PREFIX_PATH=/home/cyw/ros2_ws/install/so101_ros2:/opt/ros/humble VIRTUAL_ENV_PROMPT=(ros2_mujoco) /home/cyw/.local/bin/cmake --build /home/cyw/panda_vla_project/ros2_ws/build/panda_mujoco_msgs -- -j16 -l16
[1.313s] DEBUG:colcon.colcon_core.event_handler.log_command:Invoked command in '/home/cyw/panda_vla_project/ros2_ws/build/panda_mujoco_msgs' returned '0': CMAKE_PREFIX_PATH=/home/cyw/ros2_ws/install/so101_ros2:/opt/ros/humble VIRTUAL_ENV_PROMPT=(ros2_mujoco) /home/cyw/.local/bin/cmake --build /home/cyw/panda_vla_project/ros2_ws/build/panda_mujoco_msgs -- -j16 -l16
[1.361s] DEBUG:colcon.colcon_core.event_handler.log_command:Invoking command in '/home/cyw/panda_vla_project/ros2_ws/build/panda_mujoco_msgs': CMAKE_PREFIX_PATH=/home/cyw/ros2_ws/install/so101_ros2:/opt/ros/humble VIRTUAL_ENV_PROMPT=(ros2_mujoco) /home/cyw/.local/bin/cmake --install /home/cyw/panda_vla_project/ros2_ws/build/panda_mujoco_msgs
[1.406s] Level 1:colcon.colcon_core.environment:create_environment_scripts_only(panda_mujoco_msgs)
[1.406s] Level 1:colcon.colcon_core.environment:checking '/home/cyw/panda_vla_project/ros2_ws/install/panda_mujoco_msgs' for CMake module files
[1.406s] DEBUG:colcon.colcon_core.event_handler.log_command:Invoked command in '/home/cyw/panda_vla_project/ros2_ws/build/panda_mujoco_msgs' returned '0': CMAKE_PREFIX_PATH=/home/cyw/ros2_ws/install/so101_ros2:/opt/ros/humble VIRTUAL_ENV_PROMPT=(ros2_mujoco) /home/cyw/.local/bin/cmake --install /home/cyw/panda_vla_project/ros2_ws/build/panda_mujoco_msgs
[1.407s] Level 1:colcon.colcon_core.environment:checking '/home/cyw/panda_vla_project/ros2_ws/install/panda_mujoco_msgs' for CMake config files
[1.407s] Level 1:colcon.colcon_core.shell:create_environment_hook('panda_mujoco_msgs', 'cmake_prefix_path')
[1.407s] INFO:colcon.colcon_core.shell:Creating environment hook '/home/cyw/panda_vla_project/ros2_ws/install/panda_mujoco_msgs/share/panda_mujoco_msgs/hook/cmake_prefix_path.ps1'
[1.407s] INFO:colcon.colcon_core.shell:Creating environment descriptor '/home/cyw/panda_vla_project/ros2_ws/install/panda_mujoco_msgs/share/panda_mujoco_msgs/hook/cmake_prefix_path.dsv'
[1.407s] INFO:colcon.colcon_core.shell:Creating environment hook '/home/cyw/panda_vla_project/ros2_ws/install/panda_mujoco_msgs/share/panda_mujoco_msgs/hook/cmake_prefix_path.sh'
[1.407s] Level 1:colcon.colcon_core.environment:checking '/home/cyw/panda_vla_project/ros2_ws/install/panda_mujoco_msgs/bin'
[1.407s] Level 1:colcon.colcon_core.environment:checking '/home/cyw/panda_vla_project/ros2_ws/install/panda_mujoco_msgs/lib/pkgconfig/panda_mujoco_msgs.pc'
[1.408s] Level 1:colcon.colcon_core.environment:checking '/home/cyw/panda_vla_project/ros2_ws/install/panda_mujoco_msgs/lib/python3.10/site-packages'
[1.408s] Level 1:colcon.colcon_core.environment:checking '/home/cyw/panda_vla_project/ros2_ws/install/panda_mujoco_msgs/bin'
[1.408s] INFO:colcon.colcon_core.shell:Creating package script '/home/cyw/panda_vla_project/ros2_ws/install/panda_mujoco_msgs/share/panda_mujoco_msgs/package.ps1'
[1.408s] INFO:colcon.colcon_core.shell:Creating package descriptor '/home/cyw/panda_vla_project/ros2_ws/install/panda_mujoco_msgs/share/panda_mujoco_msgs/package.dsv'
[1.408s] INFO:colcon.colcon_core.shell:Creating package script '/home/cyw/panda_vla_project/ros2_ws/install/panda_mujoco_msgs/share/panda_mujoco_msgs/package.sh'
[1.408s] INFO:colcon.colcon_core.shell:Creating package script '/home/cyw/panda_vla_project/ros2_ws/install/panda_mujoco_msgs/share/panda_mujoco_msgs/package.bash'
[1.409s] INFO:colcon.colcon_core.shell:Creating package script '/home/cyw/panda_vla_project/ros2_ws/install/panda_mujoco_msgs/share/panda_mujoco_msgs/package.zsh'
[1.409s] Level 1:colcon.colcon_core.environment:create_file_with_runtime_dependencies(/home/cyw/panda_vla_project/ros2_ws/install/panda_mujoco_msgs/share/colcon-core/packages/panda_mujoco_msgs)
[1.409s] Level 1:colcon.colcon_core.environment:create_environment_scripts_only(panda_mujoco_msgs)
[1.409s] Level 1:colcon.colcon_core.environment:checking '/home/cyw/panda_vla_project/ros2_ws/install/panda_mujoco_msgs' for CMake module files
[1.409s] Level 1:colcon.colcon_core.environment:checking '/home/cyw/panda_vla_project/ros2_ws/install/panda_mujoco_msgs' for CMake config files
[1.410s] Level 1:colcon.colcon_core.shell:create_environment_hook('panda_mujoco_msgs', 'cmake_prefix_path')
[1.410s] INFO:colcon.colcon_core.shell:Creating environment hook '/home/cyw/panda_vla_project/ros2_ws/install/panda_mujoco_msgs/share/panda_mujoco_msgs/hook/cmake_prefix_path.ps1'
[1.410s] INFO:colcon.colcon_core.shell:Creating environment descriptor '/home/cyw/panda_vla_project/ros2_ws/install/panda_mujoco_msgs/share/panda_mujoco_msgs/hook/cmake_prefix_path.dsv'
[1.410s] INFO:colcon.colcon_core.shell:Creating environment hook '/home/cyw/panda_vla_project/ros2_ws/install/panda_mujoco_msgs/share/panda_mujoco_msgs/hook/cmake_prefix_path.sh'
[1.410s] Level 1:colcon.colcon_core.environment:checking '/home/cyw/panda_vla_project/ros2_ws/install/panda_mujoco_msgs/bin'
[1.410s] Level 1:colcon.colcon_core.environment:checking '/home/cyw/panda_vla_project/ros2_ws/install/panda_mujoco_msgs/lib/pkgconfig/panda_mujoco_msgs.pc'
[1.410s] Level 1:colcon.colcon_core.environment:checking '/home/cyw/panda_vla_project/ros2_ws/install/panda_mujoco_msgs/lib/python3.10/site-packages'
[1.411s] Level 1:colcon.colcon_core.environment:checking '/home/cyw/panda_vla_project/ros2_ws/install/panda_mujoco_msgs/bin'
[1.411s] INFO:colcon.colcon_core.shell:Creating package script '/home/cyw/panda_vla_project/ros2_ws/install/panda_mujoco_msgs/share/panda_mujoco_msgs/package.ps1'
[1.411s] INFO:colcon.colcon_core.shell:Creating package descriptor '/home/cyw/panda_vla_project/ros2_ws/install/panda_mujoco_msgs/share/panda_mujoco_msgs/package.dsv'
[1.411s] INFO:colcon.colcon_core.shell:Creating package script '/home/cyw/panda_vla_project/ros2_ws/install/panda_mujoco_msgs/share/panda_mujoco_msgs/package.sh'
[1.411s] INFO:colcon.colcon_core.shell:Creating package script '/home/cyw/panda_vla_project/ros2_ws/install/panda_mujoco_msgs/share/panda_mujoco_msgs/package.bash'
[1.412s] INFO:colcon.colcon_core.shell:Creating package script '/home/cyw/panda_vla_project/ros2_ws/install/panda_mujoco_msgs/share/panda_mujoco_msgs/package.zsh'
[1.412s] Level 1:colcon.colcon_core.environment:create_file_with_runtime_dependencies(/home/cyw/panda_vla_project/ros2_ws/install/panda_mujoco_msgs/share/colcon-core/packages/panda_mujoco_msgs)
[1.412s] DEBUG:colcon.colcon_parallel_executor.executor.parallel:closing loop
[1.412s] DEBUG:colcon.colcon_parallel_executor.executor.parallel:loop closed
[1.412s] DEBUG:colcon.colcon_parallel_executor.executor.parallel:run_until_complete finished with '0'
[1.412s] DEBUG:colcon.colcon_core.event_reactor:joining thread
[1.416s] INFO:colcon.colcon_core.plugin_system:Skipping extension 'colcon_notification.desktop_notification.terminal_notifier': Not used on non-Darwin systems
[1.416s] INFO:colcon.colcon_core.plugin_system:Skipping extension 'colcon_notification.desktop_notification.win32': Not used on non-Windows systems
[1.416s] INFO:colcon.colcon_notification.desktop_notification:Sending desktop notification using 'notify2'
[1.428s] DEBUG:colcon.colcon_core.event_reactor:joined thread
[1.428s] INFO:colcon.colcon_core.shell:Creating prefix script '/home/cyw/panda_vla_project/ros2_ws/install/local_setup.ps1'
[1.429s] INFO:colcon.colcon_core.shell:Creating prefix util module '/home/cyw/panda_vla_project/ros2_ws/install/_local_setup_util_ps1.py'
[1.430s] INFO:colcon.colcon_core.shell:Creating prefix chain script '/home/cyw/panda_vla_project/ros2_ws/install/setup.ps1'
[1.430s] INFO:colcon.colcon_core.shell:Creating prefix script '/home/cyw/panda_vla_project/ros2_ws/install/local_setup.sh'
[1.430s] INFO:colcon.colcon_core.shell:Creating prefix util module '/home/cyw/panda_vla_project/ros2_ws/install/_local_setup_util_sh.py'
[1.431s] INFO:colcon.colcon_core.shell:Creating prefix chain script '/home/cyw/panda_vla_project/ros2_ws/install/setup.sh'
[1.431s] INFO:colcon.colcon_core.shell:Creating prefix script '/home/cyw/panda_vla_project/ros2_ws/install/local_setup.bash'
[1.432s] INFO:colcon.colcon_core.shell:Creating prefix chain script '/home/cyw/panda_vla_project/ros2_ws/install/setup.bash'
[1.432s] INFO:colcon.colcon_core.shell:Creating prefix script '/home/cyw/panda_vla_project/ros2_ws/install/local_setup.zsh'
[1.432s] INFO:colcon.colcon_core.shell:Creating prefix chain script '/home/cyw/panda_vla_project/ros2_ws/install/setup.zsh'
